<?xml version="1.0" encoding="UTF-8"?>
<testsuites>
  <testsuite name="bsafe_app" timestamp="2024-09-16T10:32:50Z" hostname="8c6e0365dfb5" tests="2" skipped="0" failures="0" errors="0" time="14.959">
    <testcase time="7.509" classname="bsafe_app" name="bsafe_module_starts"/>
    <testcase time="7.45" classname="bsafe_app" name="tm_bsafe_starts"/>
  </testsuite>
  <testsuite name="decision_making" timestamp="2024-09-16T10:33:08Z" hostname="8c6e0365dfb5" tests="16" skipped="1" failures="0" errors="0" time="32.934">
    <testcase time="3.317" classname="decision_making" name="calc_log_hazard_area_returns_correct_values"/>
    <testcase time="0.0159999999999982" classname="decision_making" name="calc_param_approx_boundaries_returns_correct_lower_and_upper_boundaries">
      <skipped message="Reason: On CRAN ('test-decision_making.R:12:5')"/>
    </testcase>
    <testcase time="9.123" classname="decision_making" name="can_read_and_change_distribution"/>
    <testcase time="1.922" classname="decision_making" name="can_read_and_change_non_ae_perc_slider"/>
    <testcase time="0.0159999999999982" classname="decision_making" name="ae_div_is_hidden_when_analysis_type_is_BSAFE_CHOICES_SEL_ANALYSIS_1_"/>
    <testcase time="0.0109999999999992" classname="decision_making" name="inci_div_is_visible_when_analysis_type_is_BSAFE_CHOICES_SEL_ANALYSIS_1_"/>
    <testcase time="0.976000000000003" classname="decision_making" name="header_element_is_present"/>
    <testcase time="0.970999999999997" classname="decision_making" name="preface_element_is_present"/>
    <testcase time="0.962000000000003" classname="decision_making" name="plot_is_present"/>
    <testcase time="0.967999999999996" classname="decision_making" name="auc_text_element_is_present"/>
    <testcase time="1.065" classname="decision_making" name="preset_statements_table_is_present"/>
    <testcase time="2.264" classname="decision_making" name="exported_preset_statements_code_matches_output"/>
    <testcase time="2.293" classname="decision_making" name="exported_plot_code_matches_output"/>
    <testcase time="9.011" classname="decision_making" name="can_read_and_change_ae_perc_slider"/>
    <testcase time="0.00999999999999801" classname="decision_making" name="ae_div_is_hidden_when_analysis_type_is_BSAFE_CHOICES_SEL_ANALYSIS_2_"/>
    <testcase time="0.00900000000000034" classname="decision_making" name="inci_div_is_visible_when_analysis_type_is_BSAFE_CHOICES_SEL_ANALYSIS_2_"/>
  </testsuite>
  <testsuite name="map_prior" timestamp="2024-09-16T10:33:38Z" hostname="8c6e0365dfb5" tests="27" skipped="0" failures="0" errors="0" time="83.62">
    <testcase time="0.326000000000001" classname="map_prior" name="preface_prior_txt_returns_correct_preface_for_MAP_approach"/>
    <testcase time="0.00600000000000023" classname="map_prior" name="preface_prior_txt_returns_correct_preface_for_log_scale_approach"/>
    <testcase time="0.0110000000000028" classname="map_prior" name="preface_prior_txt_returns_an_error_for_unknown_selection_analysis"/>
    <testcase time="12.592" classname="map_prior" name="map_prior_is_calculated_when_button_is_pressed"/>
    <testcase time="1.742" classname="map_prior" name="forest_plot_is_present"/>
    <testcase time="1.843" classname="map_prior" name="mix_density_plot_is_present"/>
    <testcase time="2.10299999999999" classname="map_prior" name="preface_prior_text_is_present"/>
    <testcase time="1.724" classname="map_prior" name="density_function_is_present"/>
    <testcase time="1.747" classname="map_prior" name="summary_table_is_present"/>
    <testcase time="1.83500000000001" classname="map_prior" name="map_mcmc_returned_values_is_a_gMAP_object"/>
    <testcase time="2.16799999999999" classname="map_prior" name="param_approx_returned_values_is_a_EM_object"/>
    <testcase time="1.723" classname="map_prior" name="adj_tau_returned_values_is_a_numeric"/>
    <testcase time="1.742" classname="map_prior" name="ess_method_is_a_subset_from_BSAFE_CHOICES_SEL_ESS_METHOD"/>
    <testcase time="2.16499999999999" classname="map_prior" name="forest_plot_is_a_ggplot"/>
    <testcase time="1.733" classname="map_prior" name="map_summary_table_is_a_data.frame"/>
    <testcase time="5.60600000000001" classname="map_prior" name="map_mcmc_code_eval_matches_print"/>
    <testcase time="5.48699999999999" classname="map_prior" name="param_approx_code_eval_matches_print"/>
    <testcase time="1.742" classname="map_prior" name="adj_tau_code_eval_matches_value"/>
    <testcase time="5.84099999999999" classname="map_prior" name="forest_plot_code_eval_matches_plot"/>
    <testcase time="5.69799999999999" classname="map_prior" name="map_summary_table_code_eval_matches_value"/>
    <testcase time="6.373" classname="map_prior" name="can_read_and_change_tau"/>
    <testcase time="1.181" classname="map_prior" name="can_read_and_change_hist_borrow"/>
    <testcase time="5.09700000000001" classname="map_prior" name="can_read_and_change_effective_sampling_method"/>
    <testcase time="1.116" classname="map_prior" name="menu_prior_is_invalidated_when_any_change_in_the_input_values_to_map_prior_happens"/>
    <testcase time="4.191" classname="map_prior" name="menu_prior_is_invalidated_when_any_change_in_the_input_values_to_map_prior_happens"/>
    <testcase time="3.89899999999999" classname="map_prior" name="menu_prior_is_invalidated_when_any_change_in_the_input_values_to_map_prior_happens"/>
    <testcase time="3.929" classname="map_prior" name="menu_prior_is_invalidated_when_any_change_in_the_input_values_to_map_prior_happens"/>
  </testsuite>
  <testsuite name="new_trial_analysis" timestamp="2024-09-16T10:35:07Z" hostname="8c6e0365dfb5" tests="23" skipped="0" failures="0" errors="0" time="30.155">
    <testcase time="6.14400000000001" classname="new_trial_analysis" name="ae_div_side_and_main_is_hidden_when_analysis_type_is_BSAFE_CHOICES_SEL_ANALYSIS_1_"/>
    <testcase time="0.00600000000000023" classname="new_trial_analysis" name="ae_div_side_and_main_is_hidden_when_analysis_type_is_BSAFE_CHOICES_SEL_ANALYSIS_1_"/>
    <testcase time="0.00900000000001455" classname="new_trial_analysis" name="inci_div_side_and_main_is_visible_when_analysis_type_is_BSAFE_CHOICES_SEL_ANALYSIS_1_"/>
    <testcase time="0.00600000000000023" classname="new_trial_analysis" name="inci_div_side_and_main_is_visible_when_analysis_type_is_BSAFE_CHOICES_SEL_ANALYSIS_1_"/>
    <testcase time="2.10199999999998" classname="new_trial_analysis" name="can_read_and_change_number_of_patients"/>
    <testcase time="1.708" classname="new_trial_analysis" name="can_read_and_change_number_of_patients_with_AE"/>
    <testcase time="1.798" classname="new_trial_analysis" name="number_of_patients_with_AE_slider_is_updated_when_number_of_patients_change"/>
    <testcase time="1.71000000000001" classname="new_trial_analysis" name="number_of_patients_with_AE_slider_is_updated_when_number_of_patients_change"/>
    <testcase time="0.912000000000006" classname="new_trial_analysis" name="mix_density_plot_is_present"/>
    <testcase time="0.918999999999983" classname="new_trial_analysis" name="summary_table_is_present"/>
    <testcase time="0.923000000000002" classname="new_trial_analysis" name="new_trial_analysis_is_a_string"/>
    <testcase time="0.917000000000002" classname="new_trial_analysis" name="post_dist_is_a_string"/>
    <testcase time="0.929000000000002" classname="new_trial_analysis" name="current_trial_data_is_a_string"/>
    <testcase time="0.921000000000021" classname="new_trial_analysis" name="compare_plot_is_a_ggplot"/>
    <testcase time="0.939999999999998" classname="new_trial_analysis" name="map_summary_table_is_a_data.frame"/>
    <testcase time="1.30699999999999" classname="new_trial_analysis" name="compare_plot_code_eval_matches_plot"/>
    <testcase time="0.984000000000009" classname="new_trial_analysis" name="compare_summary_table_code_eval_matches_value"/>
    <testcase time="5.62299999999999" classname="new_trial_analysis" name="ae_div_side_and_main_is_visible_when_analysis_type_is_BSAFE_CHOICES_SEL_ANALYSIS_2_"/>
    <testcase time="0.00600000000000023" classname="new_trial_analysis" name="ae_div_side_and_main_is_visible_when_analysis_type_is_BSAFE_CHOICES_SEL_ANALYSIS_2_"/>
    <testcase time="0.00999999999999091" classname="new_trial_analysis" name="inci_div_side_and_main_is_hidden_when_analysis_type_is_BSAFE_CHOICES_SEL_ANALYSIS_2_"/>
    <testcase time="0.00600000000000023" classname="new_trial_analysis" name="inci_div_side_and_main_is_hidden_when_analysis_type_is_BSAFE_CHOICES_SEL_ANALYSIS_2_"/>
    <testcase time="1.20000000000002" classname="new_trial_analysis" name="can_read_and_change_first_occurence"/>
    <testcase time="1.07499999999999" classname="new_trial_analysis" name="can_read_and_change_cummulative_time"/>
  </testsuite>
  <testsuite name="robust_map" timestamp="2024-09-16T10:35:32Z" hostname="8c6e0365dfb5" tests="18" skipped="0" failures="0" errors="0" time="37.939">
    <testcase time="0.318000000000012" classname="robust_map" name="preface_rob_txt_returns_correct_preface_for_weakly_informative_conjugate_component"/>
    <testcase time="0.00600000000000023" classname="robust_map" name="preface_rob_txt_returns_correct_preface_for_EX_NEX_approach"/>
    <testcase time="0.00499999999999545" classname="robust_map" name="preface_rob_txt_returns_NULL_for_unknown_selection_analysis"/>
    <testcase time="6.012" classname="robust_map" name="robust_mean_div_is_hidden_when_analysis_type_is_BSAFE_CHOICES_SEL_ANALYSIS_1_"/>
    <testcase time="2.57300000000001" classname="robust_map" name="can_read_and_informative_prior_weight"/>
    <testcase time="5.905" classname="robust_map" name="can_read_and_change_ess_method"/>
    <testcase time="1.37800000000001" classname="robust_map" name="robust_map_mcmc_is_data.frame"/>
    <testcase time="1.374" classname="robust_map" name="robust_plot_is_ggplot"/>
    <testcase time="1.41800000000001" classname="robust_map" name="robust_summary_is_data.frame"/>
    <testcase time="1.42599999999999" classname="robust_map" name="preface_text_is_present"/>
    <testcase time="1.37800000000001" classname="robust_map" name="density_function_is_present"/>
    <testcase time="1.41899999999998" classname="robust_map" name="robust_map_plot_is_present"/>
    <testcase time="1.56200000000001" classname="robust_map" name="table_is_present"/>
    <testcase time="1.62299999999999" classname="robust_map" name="robust_map_mcmc_code_eval_matches_value"/>
    <testcase time="1.74200000000002" classname="robust_map" name="robust_plot_code_eval_matches_value"/>
    <testcase time="1.46799999999999" classname="robust_map" name="robust_summary_code_eval_matches_value"/>
    <testcase time="5.75800000000001" classname="robust_map" name="robust_mean_div_is_visible_when_analysis_type_is_BSAFE_CHOICES_SEL_ANALYSIS_2_"/>
    <testcase time="2.57399999999998" classname="robust_map" name="can_read_and_change_informative_prior_mean"/>
  </testsuite>
  <testsuite name="select_analysis" timestamp="2024-09-16T10:36:10Z" hostname="8c6e0365dfb5" tests="16" skipped="0" failures="0" errors="0" time="8.023">
    <testcase time="0.312000000000012" classname="select_analysis" name="get_arm_choices_and_selection_returns_correct_choices_when_previous_selection_is_empty"/>
    <testcase time="0.00600000000000023" classname="select_analysis" name="get_arm_choices_and_selection_returns_correct_selected_value_when_previous_selection_is_empty"/>
    <testcase time="0.00600000000000023" classname="select_analysis" name="get_arm_choices_and_selection_returns_correct_choices_when_previous_selection_is_not_empty"/>
    <testcase time="0.00600000000000023" classname="select_analysis" name="get_arm_choices_and_selection_returns_correct_selected_value_when_previous_selection_is_not_empty"/>
    <testcase time="0.00600000000000023" classname="select_analysis" name="get_safety_topic_choices_and_selection_returns_correct_choices_when_there_are_choices"/>
    <testcase time="0.00600000000000023" classname="select_analysis" name="get_safety_topic_choices_and_selection_returns_correct_selected_value_when_there_are_choices"/>
    <testcase time="0.00600000000000023" classname="select_analysis" name="get_safety_topic_choices_and_selection_returns_correct_choices_when_previous_selection_is_not_empty"/>
    <testcase time="0.00600000000000023" classname="select_analysis" name="get_safety_topic_choices_and_selection_returns_correct_selected_value_when_previous_selection_is_not_empty"/>
    <testcase time="0.00600000000000023" classname="select_analysis" name="get_safety_topic_choices_and_selection_returns_NULL_choices_when_there_are_no_choices"/>
    <testcase time="0.00600000000000023" classname="select_analysis" name="get_safety_topic_choices_and_selection_returns_NULL_selected_value_when_there_are_no_choices"/>
    <testcase time="3.60999999999999" classname="select_analysis" name="can_read_and_change_treatment"/>
    <testcase time="0.956000000000017" classname="select_analysis" name="can_read_and_change_change_analysis_type"/>
    <testcase time="0.958999999999975" classname="select_analysis" name="can_read_and_change_safety_topic"/>
    <testcase time="0.914000000000016" classname="select_analysis" name="can_read_and_change_seed"/>
    <testcase time="0.401999999999987" classname="select_analysis" name="returned_data_is_a_data.frame"/>
    <testcase time="0.816000000000003" classname="select_analysis" name="exported_data_code_matches_output"/>
  </testsuite>
  <testsuite name="utils" timestamp="2024-09-16T10:36:18Z" hostname="8c6e0365dfb5" tests="5" skipped="0" failures="0" errors="0" time="0.083">
    <testcase time="0.061000000000007" classname="utils" name="_returns_a_when_a_is_not_NULL_not_NA_and_has_length_0"/>
    <testcase time="0.00499999999999545" classname="utils" name="_returns_b_when_a_is_NULL"/>
    <testcase time="0.00600000000000023" classname="utils" name="_returns_b_when_a_is_NA"/>
    <testcase time="0.00499999999999545" classname="utils" name="_returns_b_when_a_is_an_empty_vector"/>
    <testcase time="0.00600000000000023" classname="utils" name="_returns_b_when_a_is_a_vector_with_length_0"/>
  </testsuite>
</testsuites>
