<?xml version="1.0" encoding="UTF-8"?>
<testsuites>
  <testsuite name="bsafe_app" timestamp="2024-05-16T15:48:19Z" hostname="daca02e3f813" tests="2" skipped="0" failures="0" errors="0" time="11.023">
    <testcase time="7.046" classname="bsafe_app" name="bsafe_module_starts"/>
    <testcase time="3.977" classname="bsafe_app" name="tm_bsafe_starts"/>
  </testsuite>
  <testsuite name="decision_making" timestamp="2024-05-16T15:48:30Z" hostname="daca02e3f813" tests="16" skipped="0" failures="0" errors="0" time="32.819">
    <testcase time="0.0190000000000001" classname="decision_making" name="calc_log_hazard_area_returns_correct_values"/>
    <testcase time="0.00300000000000011" classname="decision_making" name="calc_param_approx_boundaries_returns_correct_lower_and_upper_boundaries"/>
    <testcase time="12.304" classname="decision_making" name="can_read_and_change_distribution"/>
    <testcase time="1.964" classname="decision_making" name="can_read_and_change_non_ae_perc_slider"/>
    <testcase time="0.00900000000000034" classname="decision_making" name="ae_div_is_hidden_when_analysis_type_is_BSAFE_CHOICES_SEL_ANALYSIS_1_"/>
    <testcase time="0.0069999999999979" classname="decision_making" name="inci_div_is_visible_when_analysis_type_is_BSAFE_CHOICES_SEL_ANALYSIS_1_"/>
    <testcase time="0.974" classname="decision_making" name="header_element_is_present"/>
    <testcase time="0.970000000000002" classname="decision_making" name="preface_element_is_present"/>
    <testcase time="0.960999999999999" classname="decision_making" name="plot_is_present"/>
    <testcase time="1.036" classname="decision_making" name="auc_text_element_is_present"/>
    <testcase time="0.969999999999999" classname="decision_making" name="preset_statements_table_is_present"/>
    <testcase time="2.232" classname="decision_making" name="exported_preset_statements_code_matches_output"/>
    <testcase time="2.306" classname="decision_making" name="exported_plot_code_matches_output"/>
    <testcase time="9.046" classname="decision_making" name="can_read_and_change_ae_perc_slider"/>
    <testcase time="0.00999999999999801" classname="decision_making" name="ae_div_is_hidden_when_analysis_type_is_BSAFE_CHOICES_SEL_ANALYSIS_2_"/>
    <testcase time="0.00800000000000267" classname="decision_making" name="inci_div_is_visible_when_analysis_type_is_BSAFE_CHOICES_SEL_ANALYSIS_2_"/>
  </testsuite>
  <testsuite name="map_prior" timestamp="2024-05-16T15:49:02Z" hostname="daca02e3f813" tests="27" skipped="0" failures="0" errors="0" time="78.083">
    <testcase time="0.0889999999999986" classname="map_prior" name="preface_prior_txt_returns_correct_preface_for_MAP_approach"/>
    <testcase time="0.00400000000000489" classname="map_prior" name="preface_prior_txt_returns_correct_preface_for_log_scale_approach"/>
    <testcase time="0.00899999999999324" classname="map_prior" name="preface_prior_txt_returns_an_error_for_unknown_selection_analysis"/>
    <testcase time="12.09" classname="map_prior" name="map_prior_is_calculated_when_button_is_pressed"/>
    <testcase time="1.472" classname="map_prior" name="forest_plot_is_present"/>
    <testcase time="1.577" classname="map_prior" name="mix_density_plot_is_present"/>
    <testcase time="1.813" classname="map_prior" name="preface_prior_text_is_present"/>
    <testcase time="1.456" classname="map_prior" name="density_function_is_present"/>
    <testcase time="1.47000000000001" classname="map_prior" name="summary_table_is_present"/>
    <testcase time="1.584" classname="map_prior" name="map_mcmc_returned_values_is_a_gMAP_object"/>
    <testcase time="1.776" classname="map_prior" name="param_approx_returned_values_is_a_EM_object"/>
    <testcase time="1.458" classname="map_prior" name="adj_tau_returned_values_is_a_numeric"/>
    <testcase time="1.61199999999999" classname="map_prior" name="ess_method_is_a_subset_from_BSAFE_CHOICES_SEL_ESS_METHOD"/>
    <testcase time="1.858" classname="map_prior" name="forest_plot_is_a_ggplot"/>
    <testcase time="1.434" classname="map_prior" name="map_summary_table_is_a_data.frame"/>
    <testcase time="5.333" classname="map_prior" name="map_mcmc_code_eval_matches_print"/>
    <testcase time="5.19800000000001" classname="map_prior" name="param_approx_code_eval_matches_print"/>
    <testcase time="1.453" classname="map_prior" name="adj_tau_code_eval_matches_value"/>
    <testcase time="5.83399999999999" classname="map_prior" name="forest_plot_code_eval_matches_plot"/>
    <testcase time="5.04300000000001" classname="map_prior" name="map_summary_table_code_eval_matches_value"/>
    <testcase time="5.97799999999999" classname="map_prior" name="can_read_and_change_tau"/>
    <testcase time="1.18300000000001" classname="map_prior" name="can_read_and_change_hist_borrow"/>
    <testcase time="5.113" classname="map_prior" name="can_read_and_change_effective_sampling_method"/>
    <testcase time="1.178" classname="map_prior" name="menu_prior_is_invalidated_when_any_change_in_the_input_values_to_map_prior_happens"/>
    <testcase time="4.208" classname="map_prior" name="menu_prior_is_invalidated_when_any_change_in_the_input_values_to_map_prior_happens"/>
    <testcase time="3.92100000000001" classname="map_prior" name="menu_prior_is_invalidated_when_any_change_in_the_input_values_to_map_prior_happens"/>
    <testcase time="3.93899999999999" classname="map_prior" name="menu_prior_is_invalidated_when_any_change_in_the_input_values_to_map_prior_happens"/>
  </testsuite>
  <testsuite name="new_trial_analysis" timestamp="2024-05-16T15:50:26Z" hostname="daca02e3f813" tests="23" skipped="0" failures="0" errors="0" time="27.14">
    <testcase time="5.70200000000001" classname="new_trial_analysis" name="ae_div_side_and_main_is_hidden_when_analysis_type_is_BSAFE_CHOICES_SEL_ANALYSIS_1_"/>
    <testcase time="0.007000000000005" classname="new_trial_analysis" name="ae_div_side_and_main_is_hidden_when_analysis_type_is_BSAFE_CHOICES_SEL_ANALYSIS_1_"/>
    <testcase time="0.0129999999999768" classname="new_trial_analysis" name="inci_div_side_and_main_is_visible_when_analysis_type_is_BSAFE_CHOICES_SEL_ANALYSIS_1_"/>
    <testcase time="0.00600000000000023" classname="new_trial_analysis" name="inci_div_side_and_main_is_visible_when_analysis_type_is_BSAFE_CHOICES_SEL_ANALYSIS_1_"/>
    <testcase time="1.88" classname="new_trial_analysis" name="can_read_and_change_number_of_patients"/>
    <testcase time="1.49100000000001" classname="new_trial_analysis" name="can_read_and_change_number_of_patients_with_AE"/>
    <testcase time="1.52600000000001" classname="new_trial_analysis" name="number_of_patients_with_AE_slider_is_updated_when_number_of_patients_change"/>
    <testcase time="1.48499999999999" classname="new_trial_analysis" name="number_of_patients_with_AE_slider_is_updated_when_number_of_patients_change"/>
    <testcase time="0.741000000000014" classname="new_trial_analysis" name="mix_density_plot_is_present"/>
    <testcase time="0.742999999999995" classname="new_trial_analysis" name="summary_table_is_present"/>
    <testcase time="0.746999999999986" classname="new_trial_analysis" name="new_trial_analysis_is_a_string"/>
    <testcase time="0.75" classname="new_trial_analysis" name="post_dist_is_a_string"/>
    <testcase time="0.75200000000001" classname="new_trial_analysis" name="current_trial_data_is_a_string"/>
    <testcase time="0.762" classname="new_trial_analysis" name="compare_plot_is_a_ggplot"/>
    <testcase time="0.741000000000014" classname="new_trial_analysis" name="map_summary_table_is_a_data.frame"/>
    <testcase time="0.988999999999976" classname="new_trial_analysis" name="compare_plot_code_eval_matches_plot"/>
    <testcase time="0.850000000000023" classname="new_trial_analysis" name="compare_summary_table_code_eval_matches_value"/>
    <testcase time="5.458" classname="new_trial_analysis" name="ae_div_side_and_main_is_visible_when_analysis_type_is_BSAFE_CHOICES_SEL_ANALYSIS_2_"/>
    <testcase time="0.00600000000000023" classname="new_trial_analysis" name="ae_div_side_and_main_is_visible_when_analysis_type_is_BSAFE_CHOICES_SEL_ANALYSIS_2_"/>
    <testcase time="0.00899999999998613" classname="new_trial_analysis" name="inci_div_side_and_main_is_hidden_when_analysis_type_is_BSAFE_CHOICES_SEL_ANALYSIS_2_"/>
    <testcase time="0.00600000000000023" classname="new_trial_analysis" name="inci_div_side_and_main_is_hidden_when_analysis_type_is_BSAFE_CHOICES_SEL_ANALYSIS_2_"/>
    <testcase time="1.309" classname="new_trial_analysis" name="can_read_and_change_first_occurence"/>
    <testcase time="1.167" classname="new_trial_analysis" name="can_read_and_change_cummulative_time"/>
  </testsuite>
  <testsuite name="robust_map" timestamp="2024-05-16T15:50:48Z" hostname="daca02e3f813" tests="18" skipped="0" failures="0" errors="0" time="35.476">
    <testcase time="0.0660000000000025" classname="robust_map" name="preface_rob_txt_returns_correct_preface_for_weakly_informative_conjugate_component"/>
    <testcase time="0.00399999999999068" classname="robust_map" name="preface_rob_txt_returns_correct_preface_for_EX_NEX_approach"/>
    <testcase time="0.0040000000000191" classname="robust_map" name="preface_rob_txt_returns_NULL_for_unknown_selection_analysis"/>
    <testcase time="5.80699999999999" classname="robust_map" name="robust_mean_div_is_hidden_when_analysis_type_is_BSAFE_CHOICES_SEL_ANALYSIS_1_"/>
    <testcase time="2.41800000000001" classname="robust_map" name="can_read_and_informative_prior_weight"/>
    <testcase time="5.77799999999999" classname="robust_map" name="can_read_and_change_ess_method"/>
    <testcase time="1.24100000000001" classname="robust_map" name="robust_map_mcmc_is_data.frame"/>
    <testcase time="1.25299999999999" classname="robust_map" name="robust_plot_is_ggplot"/>
    <testcase time="1.28100000000001" classname="robust_map" name="robust_summary_is_data.frame"/>
    <testcase time="1.262" classname="robust_map" name="preface_text_is_present"/>
    <testcase time="1.285" classname="robust_map" name="density_function_is_present"/>
    <testcase time="1.41800000000001" classname="robust_map" name="robust_map_plot_is_present"/>
    <testcase time="1.40899999999999" classname="robust_map" name="table_is_present"/>
    <testcase time="1.376" classname="robust_map" name="robust_map_mcmc_code_eval_matches_value"/>
    <testcase time="1.642" classname="robust_map" name="robust_plot_code_eval_matches_value"/>
    <testcase time="1.34300000000002" classname="robust_map" name="robust_summary_code_eval_matches_value"/>
    <testcase time="5.59199999999998" classname="robust_map" name="robust_mean_div_is_visible_when_analysis_type_is_BSAFE_CHOICES_SEL_ANALYSIS_2_"/>
    <testcase time="2.297" classname="robust_map" name="can_read_and_change_informative_prior_mean"/>
  </testsuite>
  <testsuite name="select_analysis" timestamp="2024-05-16T15:51:23Z" hostname="daca02e3f813" tests="16" skipped="0" failures="0" errors="0" time="8.029">
    <testcase time="0.0699999999999932" classname="select_analysis" name="get_arm_choices_and_selection_returns_correct_choices_when_previous_selection_is_empty"/>
    <testcase time="0.00300000000001432" classname="select_analysis" name="get_arm_choices_and_selection_returns_correct_selected_value_when_previous_selection_is_empty"/>
    <testcase time="0.0029999999999859" classname="select_analysis" name="get_arm_choices_and_selection_returns_correct_choices_when_previous_selection_is_not_empty"/>
    <testcase time="0.0040000000000191" classname="select_analysis" name="get_arm_choices_and_selection_returns_correct_selected_value_when_previous_selection_is_not_empty"/>
    <testcase time="0.0029999999999859" classname="select_analysis" name="get_safety_topic_choices_and_selection_returns_correct_choices_when_there_are_choices"/>
    <testcase time="0.00300000000001432" classname="select_analysis" name="get_safety_topic_choices_and_selection_returns_correct_selected_value_when_there_are_choices"/>
    <testcase time="0.00399999999999068" classname="select_analysis" name="get_safety_topic_choices_and_selection_returns_correct_choices_when_previous_selection_is_not_empty"/>
    <testcase time="0.00300000000001432" classname="select_analysis" name="get_safety_topic_choices_and_selection_returns_correct_selected_value_when_previous_selection_is_not_empty"/>
    <testcase time="0.0029999999999859" classname="select_analysis" name="get_safety_topic_choices_and_selection_returns_NULL_choices_when_there_are_no_choices"/>
    <testcase time="0.00499999999999545" classname="select_analysis" name="get_safety_topic_choices_and_selection_returns_NULL_selected_value_when_there_are_no_choices"/>
    <testcase time="3.67600000000002" classname="select_analysis" name="can_read_and_change_treatment"/>
    <testcase time="0.960999999999984" classname="select_analysis" name="can_read_and_change_change_analysis_type"/>
    <testcase time="0.990000000000009" classname="select_analysis" name="can_read_and_change_safety_topic"/>
    <testcase time="1.114" classname="select_analysis" name="can_read_and_change_seed"/>
    <testcase time="0.390999999999991" classname="select_analysis" name="returned_data_is_a_data.frame"/>
    <testcase time="0.795999999999992" classname="select_analysis" name="exported_data_code_matches_output"/>
  </testsuite>
  <testsuite name="utils" timestamp="2024-05-16T15:51:31Z" hostname="daca02e3f813" tests="5" skipped="0" failures="0" errors="0" time="0.072">
    <testcase time="0.0600000000000023" classname="utils" name="_returns_a_when_a_is_not_NULL_not_NA_and_has_length_0"/>
    <testcase time="0.00300000000001432" classname="utils" name="_returns_b_when_a_is_NULL"/>
    <testcase time="0.0029999999999859" classname="utils" name="_returns_b_when_a_is_NA"/>
    <testcase time="0.00300000000001432" classname="utils" name="_returns_b_when_a_is_an_empty_vector"/>
    <testcase time="0.0029999999999859" classname="utils" name="_returns_b_when_a_is_a_vector_with_length_0"/>
  </testsuite>
</testsuites>
