<?xml version="1.0" encoding="UTF-8"?>
<testsuites>
  <testsuite name="bsafe_app" timestamp="2025-04-07T15:18:19Z" hostname="6f8ebc1c4681" tests="2" skipped="0" failures="0" errors="0" time="14.476">
    <testcase time="7.433" classname="bsafe_app" name="bsafe_module_starts"/>
    <testcase time="7.043" classname="bsafe_app" name="tm_bsafe_starts"/>
  </testsuite>
  <testsuite name="decision_making" timestamp="2025-04-07T15:18:36Z" hostname="6f8ebc1c4681" tests="16" skipped="1" failures="0" errors="0" time="30.881">
    <testcase time="2.552" classname="decision_making" name="calc_log_hazard_area_returns_correct_values"/>
    <testcase time="0.0159999999999982" classname="decision_making" name="calc_param_approx_boundaries_returns_correct_lower_and_upper_boundaries">
      <skipped message="Reason: On CRAN ('test-decision_making.R:12:5')"/>
    </testcase>
    <testcase time="8.49" classname="decision_making" name="can_read_and_change_distribution"/>
    <testcase time="1.944" classname="decision_making" name="can_read_and_change_non_ae_perc_slider"/>
    <testcase time="0.0109999999999957" classname="decision_making" name="ae_div_is_hidden_when_analysis_type_is_BSAFE_CHOICES_SEL_ANALYSIS_1_"/>
    <testcase time="0.00999999999999801" classname="decision_making" name="inci_div_is_visible_when_analysis_type_is_BSAFE_CHOICES_SEL_ANALYSIS_1_"/>
    <testcase time="0.971000000000004" classname="decision_making" name="header_element_is_present"/>
    <testcase time="0.951999999999998" classname="decision_making" name="preface_element_is_present"/>
    <testcase time="1.033" classname="decision_making" name="plot_is_present"/>
    <testcase time="1.138" classname="decision_making" name="auc_text_element_is_present"/>
    <testcase time="1.054" classname="decision_making" name="preset_statements_table_is_present"/>
    <testcase time="2.196" classname="decision_making" name="exported_preset_statements_code_matches_output"/>
    <testcase time="2.21700000000001" classname="decision_making" name="exported_plot_code_matches_output"/>
    <testcase time="8.27699999999999" classname="decision_making" name="can_read_and_change_ae_perc_slider"/>
    <testcase time="0.0110000000000028" classname="decision_making" name="ae_div_is_hidden_when_analysis_type_is_BSAFE_CHOICES_SEL_ANALYSIS_2_"/>
    <testcase time="0.00900000000000034" classname="decision_making" name="inci_div_is_visible_when_analysis_type_is_BSAFE_CHOICES_SEL_ANALYSIS_2_"/>
  </testsuite>
  <testsuite name="map_prior" timestamp="2025-04-07T15:19:04Z" hostname="6f8ebc1c4681" tests="27" skipped="0" failures="0" errors="0" time="76.174">
    <testcase time="0.325000000000003" classname="map_prior" name="preface_prior_txt_returns_correct_preface_for_MAP_approach"/>
    <testcase time="0.00600000000000023" classname="map_prior" name="preface_prior_txt_returns_correct_preface_for_log_scale_approach"/>
    <testcase time="0.00899999999999324" classname="map_prior" name="preface_prior_txt_returns_an_error_for_unknown_selection_analysis"/>
    <testcase time="11.077" classname="map_prior" name="map_prior_is_calculated_when_button_is_pressed"/>
    <testcase time="1.622" classname="map_prior" name="forest_plot_is_present"/>
    <testcase time="1.715" classname="map_prior" name="mix_density_plot_is_present"/>
    <testcase time="1.96300000000001" classname="map_prior" name="preface_prior_text_is_present"/>
    <testcase time="1.634" classname="map_prior" name="density_function_is_present"/>
    <testcase time="1.64" classname="map_prior" name="summary_table_is_present"/>
    <testcase time="1.756" classname="map_prior" name="map_mcmc_returned_values_is_a_gMAP_object"/>
    <testcase time="1.97499999999999" classname="map_prior" name="param_approx_returned_values_is_a_EM_object"/>
    <testcase time="1.72799999999999" classname="map_prior" name="adj_tau_returned_values_is_a_numeric"/>
    <testcase time="1.613" classname="map_prior" name="ess_method_is_a_subset_from_BSAFE_CHOICES_SEL_ESS_METHOD"/>
    <testcase time="2.01000000000001" classname="map_prior" name="forest_plot_is_a_ggplot"/>
    <testcase time="1.60899999999999" classname="map_prior" name="map_summary_table_is_a_data.frame"/>
    <testcase time="4.753" classname="map_prior" name="map_mcmc_code_eval_matches_print"/>
    <testcase time="4.596" classname="map_prior" name="param_approx_code_eval_matches_print"/>
    <testcase time="1.611" classname="map_prior" name="adj_tau_code_eval_matches_value"/>
    <testcase time="4.92699999999999" classname="map_prior" name="forest_plot_code_eval_matches_plot"/>
    <testcase time="4.807" classname="map_prior" name="map_summary_table_code_eval_matches_value"/>
    <testcase time="6.154" classname="map_prior" name="can_read_and_change_tau"/>
    <testcase time="1.191" classname="map_prior" name="can_read_and_change_hist_borrow"/>
    <testcase time="5.108" classname="map_prior" name="can_read_and_change_effective_sampling_method"/>
    <testcase time="1.167" classname="map_prior" name="menu_prior_is_invalidated_when_any_change_in_the_input_values_to_map_prior_happens"/>
    <testcase time="3.925" classname="map_prior" name="menu_prior_is_invalidated_when_any_change_in_the_input_values_to_map_prior_happens"/>
    <testcase time="3.72799999999999" classname="map_prior" name="menu_prior_is_invalidated_when_any_change_in_the_input_values_to_map_prior_happens"/>
    <testcase time="3.52500000000001" classname="map_prior" name="menu_prior_is_invalidated_when_any_change_in_the_input_values_to_map_prior_happens"/>
  </testsuite>
  <testsuite name="new_trial_analysis" timestamp="2025-04-07T15:20:26Z" hostname="6f8ebc1c4681" tests="23" skipped="0" failures="0" errors="0" time="28.678">
    <testcase time="5.63" classname="new_trial_analysis" name="ae_div_side_and_main_is_hidden_when_analysis_type_is_BSAFE_CHOICES_SEL_ANALYSIS_1_"/>
    <testcase time="0.00600000000000023" classname="new_trial_analysis" name="ae_div_side_and_main_is_hidden_when_analysis_type_is_BSAFE_CHOICES_SEL_ANALYSIS_1_"/>
    <testcase time="0.0100000000000193" classname="new_trial_analysis" name="inci_div_side_and_main_is_visible_when_analysis_type_is_BSAFE_CHOICES_SEL_ANALYSIS_1_"/>
    <testcase time="0.00699999999997658" classname="new_trial_analysis" name="inci_div_side_and_main_is_visible_when_analysis_type_is_BSAFE_CHOICES_SEL_ANALYSIS_1_"/>
    <testcase time="2.065" classname="new_trial_analysis" name="can_read_and_change_number_of_patients"/>
    <testcase time="1.685" classname="new_trial_analysis" name="can_read_and_change_number_of_patients_with_AE"/>
    <testcase time="1.738" classname="new_trial_analysis" name="number_of_patients_with_AE_slider_is_updated_when_number_of_patients_change"/>
    <testcase time="1.709" classname="new_trial_analysis" name="number_of_patients_with_AE_slider_is_updated_when_number_of_patients_change"/>
    <testcase time="0.872000000000014" classname="new_trial_analysis" name="mix_density_plot_is_present"/>
    <testcase time="0.85899999999998" classname="new_trial_analysis" name="summary_table_is_present"/>
    <testcase time="0.861000000000018" classname="new_trial_analysis" name="new_trial_analysis_is_a_string"/>
    <testcase time="0.899000000000001" classname="new_trial_analysis" name="post_dist_is_a_string"/>
    <testcase time="0.859999999999985" classname="new_trial_analysis" name="current_trial_data_is_a_string"/>
    <testcase time="0.896000000000015" classname="new_trial_analysis" name="compare_plot_is_a_ggplot"/>
    <testcase time="0.863" classname="new_trial_analysis" name="map_summary_table_is_a_data.frame"/>
    <testcase time="1.315" classname="new_trial_analysis" name="compare_plot_code_eval_matches_plot"/>
    <testcase time="0.97999999999999" classname="new_trial_analysis" name="compare_summary_table_code_eval_matches_value"/>
    <testcase time="4.99000000000001" classname="new_trial_analysis" name="ae_div_side_and_main_is_visible_when_analysis_type_is_BSAFE_CHOICES_SEL_ANALYSIS_2_"/>
    <testcase time="0.007000000000005" classname="new_trial_analysis" name="ae_div_side_and_main_is_visible_when_analysis_type_is_BSAFE_CHOICES_SEL_ANALYSIS_2_"/>
    <testcase time="0.00899999999998613" classname="new_trial_analysis" name="inci_div_side_and_main_is_hidden_when_analysis_type_is_BSAFE_CHOICES_SEL_ANALYSIS_2_"/>
    <testcase time="0.007000000000005" classname="new_trial_analysis" name="inci_div_side_and_main_is_hidden_when_analysis_type_is_BSAFE_CHOICES_SEL_ANALYSIS_2_"/>
    <testcase time="1.227" classname="new_trial_analysis" name="can_read_and_change_first_occurence"/>
    <testcase time="1.18299999999999" classname="new_trial_analysis" name="can_read_and_change_cummulative_time"/>
  </testsuite>
  <testsuite name="robust_map" timestamp="2025-04-07T15:20:49Z" hostname="6f8ebc1c4681" tests="18" skipped="0" failures="0" errors="0" time="35.723">
    <testcase time="0.306000000000012" classname="robust_map" name="preface_rob_txt_returns_correct_preface_for_weakly_informative_conjugate_component"/>
    <testcase time="0.00600000000000023" classname="robust_map" name="preface_rob_txt_returns_correct_preface_for_EX_NEX_approach"/>
    <testcase time="0.00600000000000023" classname="robust_map" name="preface_rob_txt_returns_NULL_for_unknown_selection_analysis"/>
    <testcase time="5.32299999999998" classname="robust_map" name="robust_mean_div_is_hidden_when_analysis_type_is_BSAFE_CHOICES_SEL_ANALYSIS_1_"/>
    <testcase time="2.56" classname="robust_map" name="can_read_and_informative_prior_weight"/>
    <testcase time="5.82900000000001" classname="robust_map" name="can_read_and_change_ess_method"/>
    <testcase time="1.286" classname="robust_map" name="robust_map_mcmc_is_data.frame"/>
    <testcase time="1.30799999999999" classname="robust_map" name="robust_plot_is_ggplot"/>
    <testcase time="1.40600000000001" classname="robust_map" name="robust_summary_is_data.frame"/>
    <testcase time="1.30100000000002" classname="robust_map" name="preface_text_is_present"/>
    <testcase time="1.31399999999999" classname="robust_map" name="density_function_is_present"/>
    <testcase time="1.33599999999998" classname="robust_map" name="robust_map_plot_is_present"/>
    <testcase time="1.34100000000001" classname="robust_map" name="table_is_present"/>
    <testcase time="1.73699999999999" classname="robust_map" name="robust_map_mcmc_code_eval_matches_value"/>
    <testcase time="1.642" classname="robust_map" name="robust_plot_code_eval_matches_value"/>
    <testcase time="1.42600000000002" classname="robust_map" name="robust_summary_code_eval_matches_value"/>
    <testcase time="5.12700000000001" classname="robust_map" name="robust_mean_div_is_visible_when_analysis_type_is_BSAFE_CHOICES_SEL_ANALYSIS_2_"/>
    <testcase time="2.46899999999999" classname="robust_map" name="can_read_and_change_informative_prior_mean"/>
  </testsuite>
  <testsuite name="select_analysis" timestamp="2025-04-07T15:21:25Z" hostname="6f8ebc1c4681" tests="16" skipped="0" failures="0" errors="0" time="8.015">
    <testcase time="0.305000000000007" classname="select_analysis" name="get_arm_choices_and_selection_returns_correct_choices_when_previous_selection_is_empty"/>
    <testcase time="0.00599999999997181" classname="select_analysis" name="get_arm_choices_and_selection_returns_correct_selected_value_when_previous_selection_is_empty"/>
    <testcase time="0.00600000000000023" classname="select_analysis" name="get_arm_choices_and_selection_returns_correct_choices_when_previous_selection_is_not_empty"/>
    <testcase time="0.00600000000000023" classname="select_analysis" name="get_arm_choices_and_selection_returns_correct_selected_value_when_previous_selection_is_not_empty"/>
    <testcase time="0.007000000000005" classname="select_analysis" name="get_safety_topic_choices_and_selection_returns_correct_choices_when_there_are_choices"/>
    <testcase time="0.00499999999999545" classname="select_analysis" name="get_safety_topic_choices_and_selection_returns_correct_selected_value_when_there_are_choices"/>
    <testcase time="0.00600000000000023" classname="select_analysis" name="get_safety_topic_choices_and_selection_returns_correct_choices_when_previous_selection_is_not_empty"/>
    <testcase time="0.00600000000000023" classname="select_analysis" name="get_safety_topic_choices_and_selection_returns_correct_selected_value_when_previous_selection_is_not_empty"/>
    <testcase time="0.00600000000000023" classname="select_analysis" name="get_safety_topic_choices_and_selection_returns_NULL_choices_when_there_are_no_choices"/>
    <testcase time="0.00600000000000023" classname="select_analysis" name="get_safety_topic_choices_and_selection_returns_NULL_selected_value_when_there_are_no_choices"/>
    <testcase time="3.67400000000001" classname="select_analysis" name="can_read_and_change_treatment"/>
    <testcase time="0.950000000000017" classname="select_analysis" name="can_read_and_change_change_analysis_type"/>
    <testcase time="0.947999999999979" classname="select_analysis" name="can_read_and_change_safety_topic"/>
    <testcase time="0.902000000000015" classname="select_analysis" name="can_read_and_change_seed"/>
    <testcase time="0.396999999999991" classname="select_analysis" name="returned_data_is_a_data.frame"/>
    <testcase time="0.784999999999997" classname="select_analysis" name="exported_data_code_matches_output"/>
  </testsuite>
  <testsuite name="utils" timestamp="2025-04-07T15:21:33Z" hostname="6f8ebc1c4681" tests="5" skipped="0" failures="0" errors="0" time="0.093">
    <testcase time="0.0680000000000121" classname="utils" name="_returns_a_when_a_is_not_NULL_not_NA_and_has_length_0"/>
    <testcase time="0.00600000000000023" classname="utils" name="_returns_b_when_a_is_NULL"/>
    <testcase time="0.007000000000005" classname="utils" name="_returns_b_when_a_is_NA"/>
    <testcase time="0.00600000000000023" classname="utils" name="_returns_b_when_a_is_an_empty_vector"/>
    <testcase time="0.00600000000000023" classname="utils" name="_returns_b_when_a_is_a_vector_with_length_0"/>
  </testsuite>
</testsuites>
