<?xml version="1.0" encoding="UTF-8"?>
<testsuites>
  <testsuite name="bsafe_app" timestamp="2025-04-07T15:46:50Z" hostname="d3cbd7fcb3c6" tests="2" skipped="0" failures="0" errors="0" time="14.777">
    <testcase time="7.53" classname="bsafe_app" name="bsafe_module_starts"/>
    <testcase time="7.247" classname="bsafe_app" name="tm_bsafe_starts"/>
  </testsuite>
  <testsuite name="decision_making" timestamp="2025-04-07T15:47:07Z" hostname="d3cbd7fcb3c6" tests="16" skipped="1" failures="0" errors="0" time="30.9">
    <testcase time="2.57" classname="decision_making" name="calc_log_hazard_area_returns_correct_values"/>
    <testcase time="0.0159999999999982" classname="decision_making" name="calc_param_approx_boundaries_returns_correct_lower_and_upper_boundaries">
      <skipped message="Reason: On CRAN ('test-decision_making.R:12:5')"/>
    </testcase>
    <testcase time="8.406" classname="decision_making" name="can_read_and_change_distribution"/>
    <testcase time="1.937" classname="decision_making" name="can_read_and_change_non_ae_perc_slider"/>
    <testcase time="0.0109999999999957" classname="decision_making" name="ae_div_is_hidden_when_analysis_type_is_BSAFE_CHOICES_SEL_ANALYSIS_1_"/>
    <testcase time="0.00999999999999801" classname="decision_making" name="inci_div_is_visible_when_analysis_type_is_BSAFE_CHOICES_SEL_ANALYSIS_1_"/>
    <testcase time="0.979000000000006" classname="decision_making" name="header_element_is_present"/>
    <testcase time="0.957999999999998" classname="decision_making" name="preface_element_is_present"/>
    <testcase time="1.038" classname="decision_making" name="plot_is_present"/>
    <testcase time="1.125" classname="decision_making" name="auc_text_element_is_present"/>
    <testcase time="1.066" classname="decision_making" name="preset_statements_table_is_present"/>
    <testcase time="2.225" classname="decision_making" name="exported_preset_statements_code_matches_output"/>
    <testcase time="2.221" classname="decision_making" name="exported_plot_code_matches_output"/>
    <testcase time="8.318" classname="decision_making" name="can_read_and_change_ae_perc_slider"/>
    <testcase time="0.0109999999999957" classname="decision_making" name="ae_div_is_hidden_when_analysis_type_is_BSAFE_CHOICES_SEL_ANALYSIS_2_"/>
    <testcase time="0.00900000000000034" classname="decision_making" name="inci_div_is_visible_when_analysis_type_is_BSAFE_CHOICES_SEL_ANALYSIS_2_"/>
  </testsuite>
  <testsuite name="map_prior" timestamp="2025-04-07T15:47:36Z" hostname="d3cbd7fcb3c6" tests="27" skipped="0" failures="0" errors="0" time="75.355">
    <testcase time="0.331000000000003" classname="map_prior" name="preface_prior_txt_returns_correct_preface_for_MAP_approach"/>
    <testcase time="0.00600000000000023" classname="map_prior" name="preface_prior_txt_returns_correct_preface_for_log_scale_approach"/>
    <testcase time="0.00900000000000034" classname="map_prior" name="preface_prior_txt_returns_an_error_for_unknown_selection_analysis"/>
    <testcase time="11.055" classname="map_prior" name="map_prior_is_calculated_when_button_is_pressed"/>
    <testcase time="1.614" classname="map_prior" name="forest_plot_is_present"/>
    <testcase time="1.71899999999999" classname="map_prior" name="mix_density_plot_is_present"/>
    <testcase time="1.96100000000001" classname="map_prior" name="preface_prior_text_is_present"/>
    <testcase time="1.652" classname="map_prior" name="density_function_is_present"/>
    <testcase time="1.622" classname="map_prior" name="summary_table_is_present"/>
    <testcase time="1.738" classname="map_prior" name="map_mcmc_returned_values_is_a_gMAP_object"/>
    <testcase time="1.96599999999999" classname="map_prior" name="param_approx_returned_values_is_a_EM_object"/>
    <testcase time="1.732" classname="map_prior" name="adj_tau_returned_values_is_a_numeric"/>
    <testcase time="1.60599999999999" classname="map_prior" name="ess_method_is_a_subset_from_BSAFE_CHOICES_SEL_ESS_METHOD"/>
    <testcase time="1.99300000000001" classname="map_prior" name="forest_plot_is_a_ggplot"/>
    <testcase time="1.60899999999999" classname="map_prior" name="map_summary_table_is_a_data.frame"/>
    <testcase time="4.623" classname="map_prior" name="map_mcmc_code_eval_matches_print"/>
    <testcase time="4.468" classname="map_prior" name="param_approx_code_eval_matches_print"/>
    <testcase time="1.61399999999999" classname="map_prior" name="adj_tau_code_eval_matches_value"/>
    <testcase time="4.79700000000001" classname="map_prior" name="forest_plot_code_eval_matches_plot"/>
    <testcase time="4.69" classname="map_prior" name="map_summary_table_code_eval_matches_value"/>
    <testcase time="6.157" classname="map_prior" name="can_read_and_change_tau"/>
    <testcase time="1.18899999999999" classname="map_prior" name="can_read_and_change_hist_borrow"/>
    <testcase time="5.114" classname="map_prior" name="can_read_and_change_effective_sampling_method"/>
    <testcase time="1.18000000000001" classname="map_prior" name="menu_prior_is_invalidated_when_any_change_in_the_input_values_to_map_prior_happens"/>
    <testcase time="3.84399999999999" classname="map_prior" name="menu_prior_is_invalidated_when_any_change_in_the_input_values_to_map_prior_happens"/>
    <testcase time="3.59999999999999" classname="map_prior" name="menu_prior_is_invalidated_when_any_change_in_the_input_values_to_map_prior_happens"/>
    <testcase time="3.46600000000001" classname="map_prior" name="menu_prior_is_invalidated_when_any_change_in_the_input_values_to_map_prior_happens"/>
  </testsuite>
  <testsuite name="new_trial_analysis" timestamp="2025-04-07T15:48:57Z" hostname="d3cbd7fcb3c6" tests="23" skipped="0" failures="0" errors="0" time="28.175">
    <testcase time="5.50999999999999" classname="new_trial_analysis" name="ae_div_side_and_main_is_hidden_when_analysis_type_is_BSAFE_CHOICES_SEL_ANALYSIS_1_"/>
    <testcase time="0.00600000000000023" classname="new_trial_analysis" name="ae_div_side_and_main_is_hidden_when_analysis_type_is_BSAFE_CHOICES_SEL_ANALYSIS_1_"/>
    <testcase time="0.0100000000000193" classname="new_trial_analysis" name="inci_div_side_and_main_is_visible_when_analysis_type_is_BSAFE_CHOICES_SEL_ANALYSIS_1_"/>
    <testcase time="0.00600000000000023" classname="new_trial_analysis" name="inci_div_side_and_main_is_visible_when_analysis_type_is_BSAFE_CHOICES_SEL_ANALYSIS_1_"/>
    <testcase time="2.024" classname="new_trial_analysis" name="can_read_and_change_number_of_patients"/>
    <testcase time="1.66799999999998" classname="new_trial_analysis" name="can_read_and_change_number_of_patients_with_AE"/>
    <testcase time="1.73100000000002" classname="new_trial_analysis" name="number_of_patients_with_AE_slider_is_updated_when_number_of_patients_change"/>
    <testcase time="1.68099999999998" classname="new_trial_analysis" name="number_of_patients_with_AE_slider_is_updated_when_number_of_patients_change"/>
    <testcase time="0.863" classname="new_trial_analysis" name="mix_density_plot_is_present"/>
    <testcase time="0.861999999999995" classname="new_trial_analysis" name="summary_table_is_present"/>
    <testcase time="0.859000000000009" classname="new_trial_analysis" name="new_trial_analysis_is_a_string"/>
    <testcase time="0.87299999999999" classname="new_trial_analysis" name="post_dist_is_a_string"/>
    <testcase time="0.861999999999995" classname="new_trial_analysis" name="current_trial_data_is_a_string"/>
    <testcase time="0.894000000000005" classname="new_trial_analysis" name="compare_plot_is_a_ggplot"/>
    <testcase time="0.867000000000019" classname="new_trial_analysis" name="map_summary_table_is_a_data.frame"/>
    <testcase time="1.23599999999999" classname="new_trial_analysis" name="compare_plot_code_eval_matches_plot"/>
    <testcase time="0.937999999999988" classname="new_trial_analysis" name="compare_summary_table_code_eval_matches_value"/>
    <testcase time="4.971" classname="new_trial_analysis" name="ae_div_side_and_main_is_visible_when_analysis_type_is_BSAFE_CHOICES_SEL_ANALYSIS_2_"/>
    <testcase time="0.007000000000005" classname="new_trial_analysis" name="ae_div_side_and_main_is_visible_when_analysis_type_is_BSAFE_CHOICES_SEL_ANALYSIS_2_"/>
    <testcase time="0.00899999999998613" classname="new_trial_analysis" name="inci_div_side_and_main_is_hidden_when_analysis_type_is_BSAFE_CHOICES_SEL_ANALYSIS_2_"/>
    <testcase time="0.00600000000000023" classname="new_trial_analysis" name="inci_div_side_and_main_is_hidden_when_analysis_type_is_BSAFE_CHOICES_SEL_ANALYSIS_2_"/>
    <testcase time="1.22300000000001" classname="new_trial_analysis" name="can_read_and_change_first_occurence"/>
    <testcase time="1.06899999999999" classname="new_trial_analysis" name="can_read_and_change_cummulative_time"/>
  </testsuite>
  <testsuite name="robust_map" timestamp="2025-04-07T15:49:20Z" hostname="d3cbd7fcb3c6" tests="18" skipped="0" failures="0" errors="0" time="35.531">
    <testcase time="0.305000000000007" classname="robust_map" name="preface_rob_txt_returns_correct_preface_for_weakly_informative_conjugate_component"/>
    <testcase time="0.00600000000000023" classname="robust_map" name="preface_rob_txt_returns_correct_preface_for_EX_NEX_approach"/>
    <testcase time="0.00600000000000023" classname="robust_map" name="preface_rob_txt_returns_NULL_for_unknown_selection_analysis"/>
    <testcase time="5.33199999999999" classname="robust_map" name="robust_mean_div_is_hidden_when_analysis_type_is_BSAFE_CHOICES_SEL_ANALYSIS_1_"/>
    <testcase time="2.49300000000002" classname="robust_map" name="can_read_and_informative_prior_weight"/>
    <testcase time="5.81899999999999" classname="robust_map" name="can_read_and_change_ess_method"/>
    <testcase time="1.28399999999999" classname="robust_map" name="robust_map_mcmc_is_data.frame"/>
    <testcase time="1.28700000000001" classname="robust_map" name="robust_plot_is_ggplot"/>
    <testcase time="1.31899999999999" classname="robust_map" name="robust_summary_is_data.frame"/>
    <testcase time="1.298" classname="robust_map" name="preface_text_is_present"/>
    <testcase time="1.30000000000001" classname="robust_map" name="density_function_is_present"/>
    <testcase time="1.31700000000001" classname="robust_map" name="robust_map_plot_is_present"/>
    <testcase time="1.303" classname="robust_map" name="table_is_present"/>
    <testcase time="1.93699999999998" classname="robust_map" name="robust_map_mcmc_code_eval_matches_value"/>
    <testcase time="1.59900000000002" classname="robust_map" name="robust_plot_code_eval_matches_value"/>
    <testcase time="1.411" classname="robust_map" name="robust_summary_code_eval_matches_value"/>
    <testcase time="5.06299999999999" classname="robust_map" name="robust_mean_div_is_visible_when_analysis_type_is_BSAFE_CHOICES_SEL_ANALYSIS_2_"/>
    <testcase time="2.452" classname="robust_map" name="can_read_and_change_informative_prior_mean"/>
  </testsuite>
  <testsuite name="select_analysis" timestamp="2025-04-07T15:49:55Z" hostname="d3cbd7fcb3c6" tests="16" skipped="0" failures="0" errors="0" time="8.014">
    <testcase time="0.324000000000012" classname="select_analysis" name="get_arm_choices_and_selection_returns_correct_choices_when_previous_selection_is_empty"/>
    <testcase time="0.0130000000000052" classname="select_analysis" name="get_arm_choices_and_selection_returns_correct_selected_value_when_previous_selection_is_empty"/>
    <testcase time="0.00600000000000023" classname="select_analysis" name="get_arm_choices_and_selection_returns_correct_choices_when_previous_selection_is_not_empty"/>
    <testcase time="0.00600000000000023" classname="select_analysis" name="get_arm_choices_and_selection_returns_correct_selected_value_when_previous_selection_is_not_empty"/>
    <testcase time="0.00600000000000023" classname="select_analysis" name="get_safety_topic_choices_and_selection_returns_correct_choices_when_there_are_choices"/>
    <testcase time="0.00600000000000023" classname="select_analysis" name="get_safety_topic_choices_and_selection_returns_correct_selected_value_when_there_are_choices"/>
    <testcase time="0.00600000000000023" classname="select_analysis" name="get_safety_topic_choices_and_selection_returns_correct_choices_when_previous_selection_is_not_empty"/>
    <testcase time="0.00600000000000023" classname="select_analysis" name="get_safety_topic_choices_and_selection_returns_correct_selected_value_when_previous_selection_is_not_empty"/>
    <testcase time="0.00600000000000023" classname="select_analysis" name="get_safety_topic_choices_and_selection_returns_NULL_choices_when_there_are_no_choices"/>
    <testcase time="0.00600000000000023" classname="select_analysis" name="get_safety_topic_choices_and_selection_returns_NULL_selected_value_when_there_are_no_choices"/>
    <testcase time="3.63299999999998" classname="select_analysis" name="can_read_and_change_treatment"/>
    <testcase time="0.944999999999993" classname="select_analysis" name="can_read_and_change_change_analysis_type"/>
    <testcase time="0.965000000000003" classname="select_analysis" name="can_read_and_change_safety_topic"/>
    <testcase time="0.903999999999996" classname="select_analysis" name="can_read_and_change_seed"/>
    <testcase time="0.393000000000001" classname="select_analysis" name="returned_data_is_a_data.frame"/>
    <testcase time="0.789000000000016" classname="select_analysis" name="exported_data_code_matches_output"/>
  </testsuite>
  <testsuite name="utils" timestamp="2025-04-07T15:50:03Z" hostname="d3cbd7fcb3c6" tests="5" skipped="0" failures="0" errors="0" time="0.087">
    <testcase time="0.0649999999999977" classname="utils" name="_returns_a_when_a_is_not_NULL_not_NA_and_has_length_0"/>
    <testcase time="0.00499999999999545" classname="utils" name="_returns_b_when_a_is_NULL"/>
    <testcase time="0.00499999999999545" classname="utils" name="_returns_b_when_a_is_NA"/>
    <testcase time="0.007000000000005" classname="utils" name="_returns_b_when_a_is_an_empty_vector"/>
    <testcase time="0.00499999999999545" classname="utils" name="_returns_b_when_a_is_a_vector_with_length_0"/>
  </testsuite>
</testsuites>
