<?xml version="1.0" encoding="UTF-8"?>
<testsuites>
  <testsuite name="bsafe_app" timestamp="2025-03-21T15:17:29Z" hostname="8b923c3fa8ab" tests="2" skipped="0" failures="0" errors="0" time="14.704">
    <testcase time="7.437" classname="bsafe_app" name="bsafe_module_starts"/>
    <testcase time="7.267" classname="bsafe_app" name="tm_bsafe_starts"/>
  </testsuite>
  <testsuite name="decision_making" timestamp="2025-03-21T15:17:46Z" hostname="8b923c3fa8ab" tests="16" skipped="1" failures="0" errors="0" time="31.34">
    <testcase time="2.562" classname="decision_making" name="calc_log_hazard_area_returns_correct_values"/>
    <testcase time="0.0159999999999982" classname="decision_making" name="calc_param_approx_boundaries_returns_correct_lower_and_upper_boundaries">
      <skipped message="Reason: On CRAN ('test-decision_making.R:12:5')"/>
    </testcase>
    <testcase time="8.481" classname="decision_making" name="can_read_and_change_distribution"/>
    <testcase time="1.946" classname="decision_making" name="can_read_and_change_non_ae_perc_slider"/>
    <testcase time="0.0110000000000028" classname="decision_making" name="ae_div_is_hidden_when_analysis_type_is_BSAFE_CHOICES_SEL_ANALYSIS_1_"/>
    <testcase time="0.0109999999999957" classname="decision_making" name="inci_div_is_visible_when_analysis_type_is_BSAFE_CHOICES_SEL_ANALYSIS_1_"/>
    <testcase time="0.972000000000001" classname="decision_making" name="header_element_is_present"/>
    <testcase time="0.951000000000001" classname="decision_making" name="preface_element_is_present"/>
    <testcase time="1.037" classname="decision_making" name="plot_is_present"/>
    <testcase time="1.186" classname="decision_making" name="auc_text_element_is_present"/>
    <testcase time="0.957999999999998" classname="decision_making" name="preset_statements_table_is_present"/>
    <testcase time="2.04300000000001" classname="decision_making" name="exported_preset_statements_code_matches_output"/>
    <testcase time="2.79" classname="decision_making" name="exported_plot_code_matches_output"/>
    <testcase time="8.35599999999999" classname="decision_making" name="can_read_and_change_ae_perc_slider"/>
    <testcase time="0.0110000000000028" classname="decision_making" name="ae_div_is_hidden_when_analysis_type_is_BSAFE_CHOICES_SEL_ANALYSIS_2_"/>
    <testcase time="0.00900000000000034" classname="decision_making" name="inci_div_is_visible_when_analysis_type_is_BSAFE_CHOICES_SEL_ANALYSIS_2_"/>
  </testsuite>
  <testsuite name="map_prior" timestamp="2025-03-21T15:18:16Z" hostname="8b923c3fa8ab" tests="27" skipped="0" failures="0" errors="0" time="75.97">
    <testcase time="0.341000000000001" classname="map_prior" name="preface_prior_txt_returns_correct_preface_for_MAP_approach"/>
    <testcase time="0.00500000000000256" classname="map_prior" name="preface_prior_txt_returns_correct_preface_for_log_scale_approach"/>
    <testcase time="0.00900000000000034" classname="map_prior" name="preface_prior_txt_returns_an_error_for_unknown_selection_analysis"/>
    <testcase time="11.094" classname="map_prior" name="map_prior_is_calculated_when_button_is_pressed"/>
    <testcase time="1.898" classname="map_prior" name="forest_plot_is_present"/>
    <testcase time="1.65600000000001" classname="map_prior" name="mix_density_plot_is_present"/>
    <testcase time="1.702" classname="map_prior" name="preface_prior_text_is_present"/>
    <testcase time="1.747" classname="map_prior" name="density_function_is_present"/>
    <testcase time="1.98699999999999" classname="map_prior" name="summary_table_is_present"/>
    <testcase time="1.62100000000001" classname="map_prior" name="map_mcmc_returned_values_is_a_gMAP_object"/>
    <testcase time="1.66" classname="map_prior" name="param_approx_returned_values_is_a_EM_object"/>
    <testcase time="1.883" classname="map_prior" name="adj_tau_returned_values_is_a_numeric"/>
    <testcase time="1.93900000000001" classname="map_prior" name="ess_method_is_a_subset_from_BSAFE_CHOICES_SEL_ESS_METHOD"/>
    <testcase time="1.601" classname="map_prior" name="forest_plot_is_a_ggplot"/>
    <testcase time="1.664" classname="map_prior" name="map_summary_table_is_a_data.frame"/>
    <testcase time="4.538" classname="map_prior" name="map_mcmc_code_eval_matches_print"/>
    <testcase time="4.931" classname="map_prior" name="param_approx_code_eval_matches_print"/>
    <testcase time="1.611" classname="map_prior" name="adj_tau_code_eval_matches_value"/>
    <testcase time="4.706" classname="map_prior" name="forest_plot_code_eval_matches_plot"/>
    <testcase time="4.506" classname="map_prior" name="map_summary_table_code_eval_matches_value"/>
    <testcase time="6.151" classname="map_prior" name="can_read_and_change_tau"/>
    <testcase time="1.202" classname="map_prior" name="can_read_and_change_hist_borrow"/>
    <testcase time="5.27200000000001" classname="map_prior" name="can_read_and_change_effective_sampling_method"/>
    <testcase time="1.16799999999999" classname="map_prior" name="menu_prior_is_invalidated_when_any_change_in_the_input_values_to_map_prior_happens"/>
    <testcase time="3.91" classname="map_prior" name="menu_prior_is_invalidated_when_any_change_in_the_input_values_to_map_prior_happens"/>
    <testcase time="3.658" classname="map_prior" name="menu_prior_is_invalidated_when_any_change_in_the_input_values_to_map_prior_happens"/>
    <testcase time="3.50999999999999" classname="map_prior" name="menu_prior_is_invalidated_when_any_change_in_the_input_values_to_map_prior_happens"/>
  </testsuite>
  <testsuite name="new_trial_analysis" timestamp="2025-03-21T15:19:37Z" hostname="8b923c3fa8ab" tests="23" skipped="0" failures="0" errors="0" time="28.393">
    <testcase time="5.536" classname="new_trial_analysis" name="ae_div_side_and_main_is_hidden_when_analysis_type_is_BSAFE_CHOICES_SEL_ANALYSIS_1_"/>
    <testcase time="0.00600000000000023" classname="new_trial_analysis" name="ae_div_side_and_main_is_hidden_when_analysis_type_is_BSAFE_CHOICES_SEL_ANALYSIS_1_"/>
    <testcase time="0.00900000000001455" classname="new_trial_analysis" name="inci_div_side_and_main_is_visible_when_analysis_type_is_BSAFE_CHOICES_SEL_ANALYSIS_1_"/>
    <testcase time="0.00600000000000023" classname="new_trial_analysis" name="inci_div_side_and_main_is_visible_when_analysis_type_is_BSAFE_CHOICES_SEL_ANALYSIS_1_"/>
    <testcase time="2.03700000000001" classname="new_trial_analysis" name="can_read_and_change_number_of_patients"/>
    <testcase time="1.68299999999999" classname="new_trial_analysis" name="can_read_and_change_number_of_patients_with_AE"/>
    <testcase time="1.767" classname="new_trial_analysis" name="number_of_patients_with_AE_slider_is_updated_when_number_of_patients_change"/>
    <testcase time="1.68899999999999" classname="new_trial_analysis" name="number_of_patients_with_AE_slider_is_updated_when_number_of_patients_change"/>
    <testcase time="0.864000000000004" classname="new_trial_analysis" name="mix_density_plot_is_present"/>
    <testcase time="0.865000000000009" classname="new_trial_analysis" name="summary_table_is_present"/>
    <testcase time="0.86099999999999" classname="new_trial_analysis" name="new_trial_analysis_is_a_string"/>
    <testcase time="0.867999999999995" classname="new_trial_analysis" name="post_dist_is_a_string"/>
    <testcase time="0.881" classname="new_trial_analysis" name="current_trial_data_is_a_string"/>
    <testcase time="0.866000000000014" classname="new_trial_analysis" name="compare_plot_is_a_ggplot"/>
    <testcase time="0.867999999999995" classname="new_trial_analysis" name="map_summary_table_is_a_data.frame"/>
    <testcase time="1.23699999999999" classname="new_trial_analysis" name="compare_plot_code_eval_matches_plot"/>
    <testcase time="1.06100000000001" classname="new_trial_analysis" name="compare_summary_table_code_eval_matches_value"/>
    <testcase time="4.95599999999999" classname="new_trial_analysis" name="ae_div_side_and_main_is_visible_when_analysis_type_is_BSAFE_CHOICES_SEL_ANALYSIS_2_"/>
    <testcase time="0.007000000000005" classname="new_trial_analysis" name="ae_div_side_and_main_is_visible_when_analysis_type_is_BSAFE_CHOICES_SEL_ANALYSIS_2_"/>
    <testcase time="0.01400000000001" classname="new_trial_analysis" name="inci_div_side_and_main_is_hidden_when_analysis_type_is_BSAFE_CHOICES_SEL_ANALYSIS_2_"/>
    <testcase time="0.00600000000000023" classname="new_trial_analysis" name="inci_div_side_and_main_is_hidden_when_analysis_type_is_BSAFE_CHOICES_SEL_ANALYSIS_2_"/>
    <testcase time="1.226" classname="new_trial_analysis" name="can_read_and_change_first_occurence"/>
    <testcase time="1.07999999999998" classname="new_trial_analysis" name="can_read_and_change_cummulative_time"/>
  </testsuite>
  <testsuite name="robust_map" timestamp="2025-03-21T15:20:00Z" hostname="8b923c3fa8ab" tests="18" skipped="0" failures="0" errors="0" time="35.403">
    <testcase time="0.315000000000026" classname="robust_map" name="preface_rob_txt_returns_correct_preface_for_weakly_informative_conjugate_component"/>
    <testcase time="0.00600000000000023" classname="robust_map" name="preface_rob_txt_returns_correct_preface_for_EX_NEX_approach"/>
    <testcase time="0.00699999999997658" classname="robust_map" name="preface_rob_txt_returns_NULL_for_unknown_selection_analysis"/>
    <testcase time="5.28400000000002" classname="robust_map" name="robust_mean_div_is_hidden_when_analysis_type_is_BSAFE_CHOICES_SEL_ANALYSIS_1_"/>
    <testcase time="2.51999999999998" classname="robust_map" name="can_read_and_informative_prior_weight"/>
    <testcase time="5.81700000000001" classname="robust_map" name="can_read_and_change_ess_method"/>
    <testcase time="1.29499999999999" classname="robust_map" name="robust_map_mcmc_is_data.frame"/>
    <testcase time="1.29400000000001" classname="robust_map" name="robust_plot_is_ggplot"/>
    <testcase time="1.309" classname="robust_map" name="robust_summary_is_data.frame"/>
    <testcase time="1.30600000000001" classname="robust_map" name="preface_text_is_present"/>
    <testcase time="1.30500000000001" classname="robust_map" name="density_function_is_present"/>
    <testcase time="1.30399999999997" classname="robust_map" name="robust_map_plot_is_present"/>
    <testcase time="1.339" classname="robust_map" name="table_is_present"/>
    <testcase time="1.554" classname="robust_map" name="robust_map_mcmc_code_eval_matches_value"/>
    <testcase time="1.71900000000002" classname="robust_map" name="robust_plot_code_eval_matches_value"/>
    <testcase time="1.46299999999999" classname="robust_map" name="robust_summary_code_eval_matches_value"/>
    <testcase time="5.119" classname="robust_map" name="robust_mean_div_is_visible_when_analysis_type_is_BSAFE_CHOICES_SEL_ANALYSIS_2_"/>
    <testcase time="2.447" classname="robust_map" name="can_read_and_change_informative_prior_mean"/>
  </testsuite>
  <testsuite name="select_analysis" timestamp="2025-03-21T15:20:35Z" hostname="8b923c3fa8ab" tests="16" skipped="0" failures="0" errors="0" time="8.012">
    <testcase time="0.324999999999989" classname="select_analysis" name="get_arm_choices_and_selection_returns_correct_choices_when_previous_selection_is_empty"/>
    <testcase time="0.00600000000000023" classname="select_analysis" name="get_arm_choices_and_selection_returns_correct_selected_value_when_previous_selection_is_empty"/>
    <testcase time="0.00600000000000023" classname="select_analysis" name="get_arm_choices_and_selection_returns_correct_choices_when_previous_selection_is_not_empty"/>
    <testcase time="0.00600000000000023" classname="select_analysis" name="get_arm_choices_and_selection_returns_correct_selected_value_when_previous_selection_is_not_empty"/>
    <testcase time="0.00600000000000023" classname="select_analysis" name="get_safety_topic_choices_and_selection_returns_correct_choices_when_there_are_choices"/>
    <testcase time="0.00600000000000023" classname="select_analysis" name="get_safety_topic_choices_and_selection_returns_correct_selected_value_when_there_are_choices"/>
    <testcase time="0.00600000000000023" classname="select_analysis" name="get_safety_topic_choices_and_selection_returns_correct_choices_when_previous_selection_is_not_empty"/>
    <testcase time="0.00600000000000023" classname="select_analysis" name="get_safety_topic_choices_and_selection_returns_correct_selected_value_when_previous_selection_is_not_empty"/>
    <testcase time="0.00600000000000023" classname="select_analysis" name="get_safety_topic_choices_and_selection_returns_NULL_choices_when_there_are_no_choices"/>
    <testcase time="0.00600000000000023" classname="select_analysis" name="get_safety_topic_choices_and_selection_returns_NULL_selected_value_when_there_are_no_choices"/>
    <testcase time="3.64099999999999" classname="select_analysis" name="can_read_and_change_treatment"/>
    <testcase time="0.954000000000008" classname="select_analysis" name="can_read_and_change_change_analysis_type"/>
    <testcase time="0.949000000000012" classname="select_analysis" name="can_read_and_change_safety_topic"/>
    <testcase time="0.903999999999996" classname="select_analysis" name="can_read_and_change_seed"/>
    <testcase time="0.394000000000005" classname="select_analysis" name="returned_data_is_a_data.frame"/>
    <testcase time="0.790999999999997" classname="select_analysis" name="exported_data_code_matches_output"/>
  </testsuite>
  <testsuite name="utils" timestamp="2025-03-21T15:20:43Z" hostname="8b923c3fa8ab" tests="5" skipped="0" failures="0" errors="0" time="0.094">
    <testcase time="0.0689999999999884" classname="utils" name="_returns_a_when_a_is_not_NULL_not_NA_and_has_length_0"/>
    <testcase time="0.00600000000000023" classname="utils" name="_returns_b_when_a_is_NULL"/>
    <testcase time="0.007000000000005" classname="utils" name="_returns_b_when_a_is_NA"/>
    <testcase time="0.00600000000000023" classname="utils" name="_returns_b_when_a_is_an_empty_vector"/>
    <testcase time="0.00600000000000023" classname="utils" name="_returns_b_when_a_is_a_vector_with_length_0"/>
  </testsuite>
</testsuites>
