<?xml version="1.0" encoding="UTF-8"?>
<testsuites>
  <testsuite name="bsafe_app" timestamp="2024-08-16T12:34:06Z" hostname="b88814bf40b0" tests="2" skipped="0" failures="0" errors="0" time="15.444">
    <testcase time="7.88" classname="bsafe_app" name="bsafe_module_starts"/>
    <testcase time="7.564" classname="bsafe_app" name="tm_bsafe_starts"/>
  </testsuite>
  <testsuite name="decision_making" timestamp="2024-08-16T12:34:22Z" hostname="b88814bf40b0" tests="16" skipped="0" failures="3" errors="3" time="33.056">
    <testcase time="3.396" classname="decision_making" name="calc_log_hazard_area_returns_correct_values">
      <error type="error" message="Error in `qmix.default(param_approx, 0.01)`: Unknown mixture ('test-decision_making.R:6:5')">Error in `qmix.default(param_approx, 0.01)`: Unknown mixture
Backtrace:
    ▆
 1. └─teal.modules.bsafe:::calc_log_hazard_area(param_approx) at test-decision_making.R:6:5
 2.   ├─RBesT::qmix(param_approx, 0.01)
 3.   └─RBesT:::qmix.default(param_approx, 0.01)</error>
    </testcase>
    <testcase time="0.041999999999998" classname="decision_making" name="calc_param_approx_boundaries_returns_correct_lower_and_upper_boundaries">
      <error type="error" message="Error in `qmix.default(param_approx, 0.25)`: Unknown mixture ('test-decision_making.R:12:5')">Error in `qmix.default(param_approx, 0.25)`: Unknown mixture
Backtrace:
    ▆
 1. └─teal.modules.bsafe:::calc_param_approx_boundaries(param_approx) at test-decision_making.R:12:5
 2.   ├─RBesT::qmix(param_approx, 0.25)
 3.   └─RBesT:::qmix.default(param_approx, 0.25)</error>
    </testcase>
    <testcase time="9.271" classname="decision_making" name="can_read_and_change_distribution"/>
    <testcase time="2.008" classname="decision_making" name="can_read_and_change_non_ae_perc_slider"/>
    <testcase time="0.00900000000000034" classname="decision_making" name="ae_div_is_hidden_when_analysis_type_is_BSAFE_CHOICES_SEL_ANALYSIS_1_"/>
    <testcase time="0.00900000000000034" classname="decision_making" name="inci_div_is_visible_when_analysis_type_is_BSAFE_CHOICES_SEL_ANALYSIS_1_"/>
    <testcase time="0.992000000000001" classname="decision_making" name="header_element_is_present"/>
    <testcase time="1.037" classname="decision_making" name="preface_element_is_present"/>
    <testcase time="0.965000000000003" classname="decision_making" name="plot_is_present"/>
    <testcase time="0.991999999999997" classname="decision_making" name="auc_text_element_is_present">
      <failure type="failure" message="Check on 'auc_text' failed: Must be of type 'string', not 'list' ('test-decision_making.R:76:5')">Check on 'auc_text' failed: Must be of type 'string', not 'list'
Backtrace:
    ▆
 1. └─checkmate::expect_string(auc_text, min.chars = 1, null.ok = FALSE) at test-decision_making.R:76:5
 2.   └─checkmate::makeExpectation(x, res, info, label)</failure>
    </testcase>
    <testcase time="1.215" classname="decision_making" name="preset_statements_table_is_present">
      <failure type="failure" message="`opening_tag` has length 0, not length 1. ('test-decision_making.R:82:5')">`opening_tag` has length 0, not length 1.</failure>
    </testcase>
    <testcase time="0.997" classname="decision_making" name="exported_preset_statements_code_matches_output">
      <error type="error" message="Error in `seed()`: argument &quot;seed&quot; is missing, with no default ('test-decision_making.R:86:5')">Error in `seed()`: argument "seed" is missing, with no default
Backtrace:
     ▆
  1. ├─shiny::isolate(app$get_values()[["export"]][["r"]][["preset_statements"]]()) at test-decision_making.R:86:5
  2. │ ├─shiny::..stacktraceoff..(...)
  3. │ └─ctx$run(...)
  4. │   ├─promises::with_promise_domain(...)
  5. │   │ └─domain$wrapSync(expr)
  6. │   ├─shiny::withReactiveDomain(...)
  7. │   │ └─promises::with_promise_domain(...)
  8. │   │   └─domain$wrapSync(expr)
  9. │   │     └─base::force(expr)
 10. │   └─env$runWith(self, func)
 11. │     └─shiny (local) contextFunc()
 12. │       └─shiny::..stacktraceon..(expr)
 13. └─app$get_values()[["export"]][["r"]][["preset_statements"]]()
 14.   ├─shinymeta:::metaDispatch(...)
 15.   │ ├─shinymeta:::switchMetaMode(...)
 16.   │ └─base::force(normal)
 17.   └─shiny (local) r_normal()</error>
    </testcase>
    <testcase time="2.797" classname="decision_making" name="exported_plot_code_matches_output"/>
    <testcase time="9.299" classname="decision_making" name="can_read_and_change_ae_perc_slider">
      <failure type="failure" message="`current_value` not equal to `expected_value`. ('test-decision_making.R:122:5')">`current_value` not equal to `expected_value`.
2/2 mismatches (average diff: 0.575)
[1] 0.01 - 0 ==  0.01
[2] 0.86 - 2 == -1.14</failure>
    </testcase>
    <testcase time="0.0180000000000007" classname="decision_making" name="ae_div_is_hidden_when_analysis_type_is_BSAFE_CHOICES_SEL_ANALYSIS_2_"/>
    <testcase time="0.00900000000000034" classname="decision_making" name="inci_div_is_visible_when_analysis_type_is_BSAFE_CHOICES_SEL_ANALYSIS_2_"/>
  </testsuite>
  <testsuite name="map_prior" timestamp="2024-08-16T12:34:55Z" hostname="b88814bf40b0" tests="27" skipped="0" failures="0" errors="0" time="85.44">
    <testcase time="0.354999999999997" classname="map_prior" name="preface_prior_txt_returns_correct_preface_for_MAP_approach"/>
    <testcase time="0.00400000000000489" classname="map_prior" name="preface_prior_txt_returns_correct_preface_for_log_scale_approach"/>
    <testcase time="0.00799999999999557" classname="map_prior" name="preface_prior_txt_returns_an_error_for_unknown_selection_analysis"/>
    <testcase time="13.185" classname="map_prior" name="map_prior_is_calculated_when_button_is_pressed"/>
    <testcase time="1.752" classname="map_prior" name="forest_plot_is_present"/>
    <testcase time="2.065" classname="map_prior" name="mix_density_plot_is_present"/>
    <testcase time="1.774" classname="map_prior" name="preface_prior_text_is_present"/>
    <testcase time="1.76300000000001" classname="map_prior" name="density_function_is_present"/>
    <testcase time="1.876" classname="map_prior" name="summary_table_is_present"/>
    <testcase time="2.136" classname="map_prior" name="map_mcmc_returned_values_is_a_gMAP_object"/>
    <testcase time="1.88200000000001" classname="map_prior" name="param_approx_returned_values_is_a_EM_object"/>
    <testcase time="1.764" classname="map_prior" name="adj_tau_returned_values_is_a_numeric"/>
    <testcase time="1.884" classname="map_prior" name="ess_method_is_a_subset_from_BSAFE_CHOICES_SEL_ESS_METHOD"/>
    <testcase time="2.16200000000001" classname="map_prior" name="forest_plot_is_a_ggplot"/>
    <testcase time="1.755" classname="map_prior" name="map_summary_table_is_a_data.frame"/>
    <testcase time="5.747" classname="map_prior" name="map_mcmc_code_eval_matches_print"/>
    <testcase time="5.587" classname="map_prior" name="param_approx_code_eval_matches_print"/>
    <testcase time="2.035" classname="map_prior" name="adj_tau_code_eval_matches_value"/>
    <testcase time="5.977" classname="map_prior" name="forest_plot_code_eval_matches_plot"/>
    <testcase time="5.46799999999999" classname="map_prior" name="map_summary_table_code_eval_matches_value"/>
    <testcase time="6.40700000000001" classname="map_prior" name="can_read_and_change_tau"/>
    <testcase time="1.172" classname="map_prior" name="can_read_and_change_hist_borrow"/>
    <testcase time="5.11" classname="map_prior" name="can_read_and_change_effective_sampling_method"/>
    <testcase time="1.139" classname="map_prior" name="menu_prior_is_invalidated_when_any_change_in_the_input_values_to_map_prior_happens"/>
    <testcase time="4.27" classname="map_prior" name="menu_prior_is_invalidated_when_any_change_in_the_input_values_to_map_prior_happens"/>
    <testcase time="3.962" classname="map_prior" name="menu_prior_is_invalidated_when_any_change_in_the_input_values_to_map_prior_happens"/>
    <testcase time="4.20099999999999" classname="map_prior" name="menu_prior_is_invalidated_when_any_change_in_the_input_values_to_map_prior_happens"/>
  </testsuite>
  <testsuite name="new_trial_analysis" timestamp="2024-08-16T12:36:26Z" hostname="b88814bf40b0" tests="23" skipped="0" failures="0" errors="0" time="30.883">
    <testcase time="6.40400000000002" classname="new_trial_analysis" name="ae_div_side_and_main_is_hidden_when_analysis_type_is_BSAFE_CHOICES_SEL_ANALYSIS_1_"/>
    <testcase time="0.00599999999997181" classname="new_trial_analysis" name="ae_div_side_and_main_is_hidden_when_analysis_type_is_BSAFE_CHOICES_SEL_ANALYSIS_1_"/>
    <testcase time="0.0110000000000241" classname="new_trial_analysis" name="inci_div_side_and_main_is_visible_when_analysis_type_is_BSAFE_CHOICES_SEL_ANALYSIS_1_"/>
    <testcase time="0.00600000000000023" classname="new_trial_analysis" name="inci_div_side_and_main_is_visible_when_analysis_type_is_BSAFE_CHOICES_SEL_ANALYSIS_1_"/>
    <testcase time="2.10499999999999" classname="new_trial_analysis" name="can_read_and_change_number_of_patients"/>
    <testcase time="1.71700000000001" classname="new_trial_analysis" name="can_read_and_change_number_of_patients_with_AE"/>
    <testcase time="1.797" classname="new_trial_analysis" name="number_of_patients_with_AE_slider_is_updated_when_number_of_patients_change"/>
    <testcase time="1.77699999999999" classname="new_trial_analysis" name="number_of_patients_with_AE_slider_is_updated_when_number_of_patients_change"/>
    <testcase time="0.943000000000012" classname="new_trial_analysis" name="mix_density_plot_is_present"/>
    <testcase time="0.943999999999988" classname="new_trial_analysis" name="summary_table_is_present"/>
    <testcase time="0.921999999999997" classname="new_trial_analysis" name="new_trial_analysis_is_a_string"/>
    <testcase time="0.930000000000007" classname="new_trial_analysis" name="post_dist_is_a_string"/>
    <testcase time="0.954000000000008" classname="new_trial_analysis" name="current_trial_data_is_a_string"/>
    <testcase time="0.975999999999999" classname="new_trial_analysis" name="compare_plot_is_a_ggplot"/>
    <testcase time="0.929999999999978" classname="new_trial_analysis" name="map_summary_table_is_a_data.frame"/>
    <testcase time="1.404" classname="new_trial_analysis" name="compare_plot_code_eval_matches_plot"/>
    <testcase time="1.012" classname="new_trial_analysis" name="compare_summary_table_code_eval_matches_value"/>
    <testcase time="5.74600000000001" classname="new_trial_analysis" name="ae_div_side_and_main_is_visible_when_analysis_type_is_BSAFE_CHOICES_SEL_ANALYSIS_2_"/>
    <testcase time="0.00600000000000023" classname="new_trial_analysis" name="ae_div_side_and_main_is_visible_when_analysis_type_is_BSAFE_CHOICES_SEL_ANALYSIS_2_"/>
    <testcase time="0.00900000000001455" classname="new_trial_analysis" name="inci_div_side_and_main_is_hidden_when_analysis_type_is_BSAFE_CHOICES_SEL_ANALYSIS_2_"/>
    <testcase time="0.00600000000000023" classname="new_trial_analysis" name="inci_div_side_and_main_is_hidden_when_analysis_type_is_BSAFE_CHOICES_SEL_ANALYSIS_2_"/>
    <testcase time="1.214" classname="new_trial_analysis" name="can_read_and_change_first_occurence"/>
    <testcase time="1.06399999999999" classname="new_trial_analysis" name="can_read_and_change_cummulative_time"/>
  </testsuite>
  <testsuite name="robust_map" timestamp="2024-08-16T12:36:51Z" hostname="b88814bf40b0" tests="18" skipped="0" failures="0" errors="0" time="39.154">
    <testcase time="0.326999999999998" classname="robust_map" name="preface_rob_txt_returns_correct_preface_for_weakly_informative_conjugate_component"/>
    <testcase time="0.00399999999999068" classname="robust_map" name="preface_rob_txt_returns_correct_preface_for_EX_NEX_approach"/>
    <testcase time="0.00300000000001432" classname="robust_map" name="preface_rob_txt_returns_NULL_for_unknown_selection_analysis"/>
    <testcase time="6.14599999999999" classname="robust_map" name="robust_mean_div_is_hidden_when_analysis_type_is_BSAFE_CHOICES_SEL_ANALYSIS_1_"/>
    <testcase time="2.59100000000001" classname="robust_map" name="can_read_and_informative_prior_weight"/>
    <testcase time="5.93600000000001" classname="robust_map" name="can_read_and_change_ess_method"/>
    <testcase time="1.38899999999998" classname="robust_map" name="robust_map_mcmc_is_data.frame"/>
    <testcase time="1.39100000000002" classname="robust_map" name="robust_plot_is_ggplot"/>
    <testcase time="1.44299999999998" classname="robust_map" name="robust_summary_is_data.frame"/>
    <testcase time="1.40600000000001" classname="robust_map" name="preface_text_is_present"/>
    <testcase time="1.446" classname="robust_map" name="density_function_is_present"/>
    <testcase time="1.58699999999999" classname="robust_map" name="robust_map_plot_is_present"/>
    <testcase time="1.42700000000002" classname="robust_map" name="table_is_present"/>
    <testcase time="1.66899999999998" classname="robust_map" name="robust_map_mcmc_code_eval_matches_value"/>
    <testcase time="1.92699999999999" classname="robust_map" name="robust_plot_code_eval_matches_value"/>
    <testcase time="1.62900000000002" classname="robust_map" name="robust_summary_code_eval_matches_value"/>
    <testcase time="6.16299999999998" classname="robust_map" name="robust_mean_div_is_visible_when_analysis_type_is_BSAFE_CHOICES_SEL_ANALYSIS_2_"/>
    <testcase time="2.67000000000002" classname="robust_map" name="can_read_and_change_informative_prior_mean"/>
  </testsuite>
  <testsuite name="select_analysis" timestamp="2024-08-16T12:37:30Z" hostname="b88814bf40b0" tests="16" skipped="0" failures="0" errors="0" time="8.31">
    <testcase time="0.320999999999998" classname="select_analysis" name="get_arm_choices_and_selection_returns_correct_choices_when_previous_selection_is_empty"/>
    <testcase time="0.00399999999999068" classname="select_analysis" name="get_arm_choices_and_selection_returns_correct_selected_value_when_previous_selection_is_empty"/>
    <testcase time="0.00300000000001432" classname="select_analysis" name="get_arm_choices_and_selection_returns_correct_choices_when_previous_selection_is_not_empty"/>
    <testcase time="0.0029999999999859" classname="select_analysis" name="get_arm_choices_and_selection_returns_correct_selected_value_when_previous_selection_is_not_empty"/>
    <testcase time="0.00300000000001432" classname="select_analysis" name="get_safety_topic_choices_and_selection_returns_correct_choices_when_there_are_choices"/>
    <testcase time="0.00399999999999068" classname="select_analysis" name="get_safety_topic_choices_and_selection_returns_correct_selected_value_when_there_are_choices"/>
    <testcase time="0.00300000000001432" classname="select_analysis" name="get_safety_topic_choices_and_selection_returns_correct_choices_when_previous_selection_is_not_empty"/>
    <testcase time="0.0029999999999859" classname="select_analysis" name="get_safety_topic_choices_and_selection_returns_correct_selected_value_when_previous_selection_is_not_empty"/>
    <testcase time="0.00300000000001432" classname="select_analysis" name="get_safety_topic_choices_and_selection_returns_NULL_choices_when_there_are_no_choices"/>
    <testcase time="0.00699999999997658" classname="select_analysis" name="get_safety_topic_choices_and_selection_returns_NULL_selected_value_when_there_are_no_choices"/>
    <testcase time="3.90200000000002" classname="select_analysis" name="can_read_and_change_treatment"/>
    <testcase time="0.963999999999999" classname="select_analysis" name="can_read_and_change_change_analysis_type"/>
    <testcase time="0.975999999999999" classname="select_analysis" name="can_read_and_change_safety_topic"/>
    <testcase time="0.919000000000011" classname="select_analysis" name="can_read_and_change_seed"/>
    <testcase time="0.400999999999982" classname="select_analysis" name="returned_data_is_a_data.frame"/>
    <testcase time="0.794000000000011" classname="select_analysis" name="exported_data_code_matches_output"/>
  </testsuite>
  <testsuite name="utils" timestamp="2024-08-16T12:37:38Z" hostname="b88814bf40b0" tests="5" skipped="0" failures="0" errors="0" time="0.081">
    <testcase time="0.0649999999999977" classname="utils" name="_returns_a_when_a_is_not_NULL_not_NA_and_has_length_0"/>
    <testcase time="0.00399999999999068" classname="utils" name="_returns_b_when_a_is_NULL"/>
    <testcase time="0.0040000000000191" classname="utils" name="_returns_b_when_a_is_NA"/>
    <testcase time="0.0040000000000191" classname="utils" name="_returns_b_when_a_is_an_empty_vector"/>
    <testcase time="0.00399999999999068" classname="utils" name="_returns_b_when_a_is_a_vector_with_length_0"/>
  </testsuite>
</testsuites>
