<?xml version="1.0" encoding="UTF-8"?>
<testsuites>
  <testsuite name="bsafe_app" timestamp="2024-08-12T14:12:44Z" hostname="7db070d02a31" tests="2" skipped="0" failures="0" errors="0" time="17.028">
    <testcase time="8.727" classname="bsafe_app" name="bsafe_module_starts"/>
    <testcase time="8.301" classname="bsafe_app" name="tm_bsafe_starts"/>
  </testsuite>
  <testsuite name="decision_making" timestamp="2024-08-12T14:13:01Z" hostname="7db070d02a31" tests="14" skipped="0" failures="2" errors="4" time="32.937">
    <testcase time="3.708" classname="decision_making" name="calc_log_hazard_area_returns_correct_values">
      <error type="error" message="Error in `qmix.default(param_approx, 0.01)`: Unknown mixture ('test-decision_making.R:6:5')">Error in `qmix.default(param_approx, 0.01)`: Unknown mixture
Backtrace:
    ▆
 1. └─teal.modules.bsafe:::calc_log_hazard_area(param_approx) at test-decision_making.R:6:5
 2.   ├─RBesT::qmix(param_approx, 0.01)
 3.   └─RBesT:::qmix.default(param_approx, 0.01)</error>
    </testcase>
    <testcase time="0.0410000000000004" classname="decision_making" name="calc_param_approx_boundaries_returns_correct_lower_and_upper_boundaries">
      <error type="error" message="Error in `qmix.default(param_approx, 0.01)`: Unknown mixture ('test-decision_making.R:12:5')">Error in `qmix.default(param_approx, 0.01)`: Unknown mixture
Backtrace:
    ▆
 1. └─teal.modules.bsafe:::calc_param_approx_boundaries(param_approx) at test-decision_making.R:12:5
 2.   ├─RBesT::qmix(param_approx, 0.01)
 3.   └─RBesT:::qmix.default(param_approx, 0.01)</error>
    </testcase>
    <testcase time="10.451" classname="decision_making" name="can_read_and_change_distribution"/>
    <testcase time="2.228" classname="decision_making" name="can_read_and_change_non_ae_perc_slider"/>
    <testcase time="0.0110000000000028" classname="decision_making" name="ae_div_is_hidden_when_analysis_type_is_BSAFE_CHOICES_SEL_ANALYSIS_1_"/>
    <testcase time="0.00999999999999801" classname="decision_making" name="inci_div_is_visible_when_analysis_type_is_BSAFE_CHOICES_SEL_ANALYSIS_1_"/>
    <testcase time="1.087" classname="decision_making" name="header_element_is_present"/>
    <testcase time="1.068" classname="decision_making" name="preface_element_is_present"/>
    <testcase time="1.083" classname="decision_making" name="plot_is_present"/>
    <testcase time="1.213" classname="decision_making" name="auc_text_element_is_present">
      <failure type="failure" message="Check on 'auc_text' failed: Must be of type 'string', not 'list' ('test-decision_making.R:76:5')">Check on 'auc_text' failed: Must be of type 'string', not 'list'
Backtrace:
    ▆
 1. └─checkmate::expect_string(auc_text, min.chars = 1, null.ok = FALSE) at test-decision_making.R:76:5
 2.   └─checkmate::makeExpectation(x, res, info, label)</failure>
    </testcase>
    <testcase time="1.14" classname="decision_making" name="preset_statements_table_is_present">
      <failure type="failure" message="`opening_tag` has length 0, not length 1. ('test-decision_making.R:82:5')">`opening_tag` has length 0, not length 1.</failure>
    </testcase>
    <testcase time="1.418" classname="decision_making" name="exported_preset_statements_code_matches_output">
      <error type="error" message="Error in `bsafe::mix_distribution_all(current_trial_data = current_trial_data(),  ('test-decision_making.R:86:5')">Error in `bsafe::mix_distribution_all(current_trial_data = current_trial_data(), 
    select_dist = input[[BSAFE_ID$SEL_DIST]], select_analysis = analysis_type(), 
    param_approx = param_approx(), robust_map_object = robust_map_mcmc(), 
    post_dist = post_dist(), seed = seed())`: unused argument (seed = seed())
Backtrace:
     ▆
  1. ├─shiny::isolate(app$get_values()[["export"]][["r"]][["preset_statements"]]()) at test-decision_making.R:86:5
  2. │ ├─shiny::..stacktraceoff..(...)
  3. │ └─ctx$run(...)
  4. │   ├─promises::with_promise_domain(...)
  5. │   │ └─domain$wrapSync(expr)
  6. │   ├─shiny::withReactiveDomain(...)
  7. │   │ └─promises::with_promise_domain(...)
  8. │   │   └─domain$wrapSync(expr)
  9. │   │     └─base::force(expr)
 10. │   └─env$runWith(self, func)
 11. │     └─shiny (local) contextFunc()
 12. │       └─shiny::..stacktraceon..(expr)
 13. └─app$get_values()[["export"]][["r"]][["preset_statements"]]()
 14.   ├─shinymeta:::metaDispatch(...)
 15.   │ ├─shinymeta:::switchMetaMode(...)
 16.   │ └─base::force(normal)
 17.   └─shiny (local) r_normal()</error>
    </testcase>
    <testcase time="2.741" classname="decision_making" name="exported_plot_code_matches_output"/>
    <testcase time="6.738" classname="decision_making" name="_unnamed_">
      <error type="error" message="Error in `app_wait_for_value(self, private, input = input, output = output,  ('test-decision_making.R:109:3')">Error in `app_wait_for_value(self, private, input = input, output = output, 
    export = export, ..., ignore = ignore, timeout = timeout, 
    interval = interval)`: timeout reached when waiting for input: mock-ae_perc_slider_dm
Backtrace:
    ▆
 1. └─base::eval(...)
 2.   └─base::eval(...)
 3.     └─teal.modules.bsafe:::wait_value_idle(app, input = tns(BSAFE_ID$OUT_AE_PERC_SLDR)) at test-decision_making.R:109:3
 4.       └─app$wait_for_value(...) at tests/testthat/setup.R:14:3
 5.         └─shinytest2:::app_wait_for_value(...)
 6.           └─shinytest2:::app_abort(...)
 7.             └─rlang::abort(..., app = self, call = call)</error>
    </testcase>
  </testsuite>
  <testsuite name="map_prior" timestamp="2024-08-12T14:13:34Z" hostname="7db070d02a31" tests="27" skipped="0" failures="0" errors="0" time="84.788">
    <testcase time="0.112000000000002" classname="map_prior" name="preface_prior_txt_returns_correct_preface_for_MAP_approach"/>
    <testcase time="0.00399999999999778" classname="map_prior" name="preface_prior_txt_returns_correct_preface_for_log_scale_approach"/>
    <testcase time="0.0129999999999981" classname="map_prior" name="preface_prior_txt_returns_an_error_for_unknown_selection_analysis"/>
    <testcase time="13.774" classname="map_prior" name="map_prior_is_calculated_when_button_is_pressed"/>
    <testcase time="1.568" classname="map_prior" name="forest_plot_is_present"/>
    <testcase time="1.93299999999999" classname="map_prior" name="mix_density_plot_is_present"/>
    <testcase time="1.563" classname="map_prior" name="preface_prior_text_is_present"/>
    <testcase time="1.624" classname="map_prior" name="density_function_is_present"/>
    <testcase time="1.759" classname="map_prior" name="summary_table_is_present"/>
    <testcase time="2.01900000000001" classname="map_prior" name="map_mcmc_returned_values_is_a_gMAP_object"/>
    <testcase time="1.598" classname="map_prior" name="param_approx_returned_values_is_a_EM_object"/>
    <testcase time="1.64" classname="map_prior" name="adj_tau_returned_values_is_a_numeric"/>
    <testcase time="1.81400000000001" classname="map_prior" name="ess_method_is_a_subset_from_BSAFE_CHOICES_SEL_ESS_METHOD"/>
    <testcase time="2.21199999999999" classname="map_prior" name="forest_plot_is_a_ggplot"/>
    <testcase time="1.643" classname="map_prior" name="map_summary_table_is_a_data.frame"/>
    <testcase time="6.235" classname="map_prior" name="map_mcmc_code_eval_matches_print"/>
    <testcase time="5.634" classname="map_prior" name="param_approx_code_eval_matches_print"/>
    <testcase time="1.548" classname="map_prior" name="adj_tau_code_eval_matches_value"/>
    <testcase time="6.29000000000001" classname="map_prior" name="forest_plot_code_eval_matches_plot"/>
    <testcase time="5.46299999999999" classname="map_prior" name="map_summary_table_code_eval_matches_value"/>
    <testcase time="6.123" classname="map_prior" name="can_read_and_change_tau"/>
    <testcase time="1.26599999999999" classname="map_prior" name="can_read_and_change_hist_borrow"/>
    <testcase time="5.175" classname="map_prior" name="can_read_and_change_effective_sampling_method"/>
    <testcase time="1.188" classname="map_prior" name="menu_prior_is_invalidated_when_any_change_in_the_input_values_to_map_prior_happens"/>
    <testcase time="4.626" classname="map_prior" name="menu_prior_is_invalidated_when_any_change_in_the_input_values_to_map_prior_happens"/>
    <testcase time="4.13" classname="map_prior" name="menu_prior_is_invalidated_when_any_change_in_the_input_values_to_map_prior_happens"/>
    <testcase time="3.834" classname="map_prior" name="menu_prior_is_invalidated_when_any_change_in_the_input_values_to_map_prior_happens"/>
  </testsuite>
  <testsuite name="new_trial_analysis" timestamp="2024-08-12T14:15:04Z" hostname="7db070d02a31" tests="23" skipped="0" failures="1" errors="2" time="28.765">
    <testcase time="6.08099999999999" classname="new_trial_analysis" name="ae_div_side_and_main_is_hidden_when_analysis_type_is_BSAFE_CHOICES_SEL_ANALYSIS_1_"/>
    <testcase time="0.00600000000000023" classname="new_trial_analysis" name="ae_div_side_and_main_is_hidden_when_analysis_type_is_BSAFE_CHOICES_SEL_ANALYSIS_1_"/>
    <testcase time="0.00800000000000978" classname="new_trial_analysis" name="inci_div_side_and_main_is_visible_when_analysis_type_is_BSAFE_CHOICES_SEL_ANALYSIS_1_"/>
    <testcase time="0.00600000000000023" classname="new_trial_analysis" name="inci_div_side_and_main_is_visible_when_analysis_type_is_BSAFE_CHOICES_SEL_ANALYSIS_1_"/>
    <testcase time="1.77600000000001" classname="new_trial_analysis" name="can_read_and_change_number_of_patients"/>
    <testcase time="1.44999999999999" classname="new_trial_analysis" name="can_read_and_change_number_of_patients_with_AE"/>
    <testcase time="1.41900000000001" classname="new_trial_analysis" name="number_of_patients_with_AE_slider_is_updated_when_number_of_patients_change"/>
    <testcase time="1.429" classname="new_trial_analysis" name="number_of_patients_with_AE_slider_is_updated_when_number_of_patients_change"/>
    <testcase time="0.792000000000002" classname="new_trial_analysis" name="mix_density_plot_is_present"/>
    <testcase time="0.810000000000002" classname="new_trial_analysis" name="summary_table_is_present">
      <failure type="failure" message="Check on 'tbl' failed: Must be of type 'string', not 'list' ('test-new_trial_analysis.R:77:5')">Check on 'tbl' failed: Must be of type 'string', not 'list'
Backtrace:
    ▆
 1. └─checkmate::expect_string(tbl, fixed = "&lt;table") at test-new_trial_analysis.R:77:5
 2.   └─checkmate::makeExpectation(x, res, info, label)</failure>
    </testcase>
    <testcase time="0.802999999999997" classname="new_trial_analysis" name="new_trial_analysis_is_a_string"/>
    <testcase time="0.835999999999984" classname="new_trial_analysis" name="post_dist_is_a_string"/>
    <testcase time="0.787000000000006" classname="new_trial_analysis" name="current_trial_data_is_a_string"/>
    <testcase time="0.792000000000002" classname="new_trial_analysis" name="compare_plot_is_a_ggplot"/>
    <testcase time="0.829999999999984" classname="new_trial_analysis" name="map_summary_table_is_a_data.frame">
      <error type="error" message="Error in `bsafe::summary_stat_all_display(select_analysis = analysis_type(),  ('test-new_trial_analysis.R:101:5')">Error in `bsafe::summary_stat_all_display(select_analysis = analysis_type(), 
    robust_map_object = robust_map_mcmc(), ess_method = ess_method(), 
    current_trial_data = current_trial_data(), post_dist = post_dist(), 
    numerical = FALSE, seed = seed())`: unused arguments (numerical = FALSE, seed = seed())
Backtrace:
     ▆
  1. ├─shiny::isolate(app$get_values()[["export"]][[tns("r")]][["compare_summary_table"]]()) at test-new_trial_analysis.R:101:5
  2. │ ├─shiny::..stacktraceoff..(...)
  3. │ └─ctx$run(...)
  4. │   ├─promises::with_promise_domain(...)
  5. │   │ └─domain$wrapSync(expr)
  6. │   ├─shiny::withReactiveDomain(...)
  7. │   │ └─promises::with_promise_domain(...)
  8. │   │   └─domain$wrapSync(expr)
  9. │   │     └─base::force(expr)
 10. │   └─env$runWith(self, func)
 11. │     └─shiny (local) contextFunc()
 12. │       └─shiny::..stacktraceon..(expr)
 13. └─app$get_values()[["export"]][[tns("r")]][["compare_summary_table"]]()
 14.   ├─shinymeta:::metaDispatch(...)
 15.   │ ├─shinymeta:::switchMetaMode(...)
 16.   │ └─base::force(normal)
 17.   └─shiny (local) r_normal()</error>
    </testcase>
    <testcase time="1.30500000000001" classname="new_trial_analysis" name="compare_plot_code_eval_matches_plot"/>
    <testcase time="0.813999999999993" classname="new_trial_analysis" name="compare_summary_table_code_eval_matches_value">
      <error type="error" message="Error in `bsafe::summary_stat_all_display(select_analysis = analysis_type(),  ('test-new_trial_analysis.R:110:5')">Error in `bsafe::summary_stat_all_display(select_analysis = analysis_type(), 
    robust_map_object = robust_map_mcmc(), ess_method = ess_method(), 
    current_trial_data = current_trial_data(), post_dist = post_dist(), 
    numerical = FALSE, seed = seed())`: unused arguments (numerical = FALSE, seed = seed())
Backtrace:
     ▆
  1. └─teal.modules.bsafe:::expect_code_val_match(...) at test-new_trial_analysis.R:110:5
  2.   ├─shiny::isolate(export[["r"]][[n]]()) at tests/testthat/setup.R:22:3
  3.   │ ├─shiny::..stacktraceoff..(...)
  4.   │ └─ctx$run(...)
  5.   │   ├─promises::with_promise_domain(...)
  6.   │   │ └─domain$wrapSync(expr)
  7.   │   ├─shiny::withReactiveDomain(...)
  8.   │   │ └─promises::with_promise_domain(...)
  9.   │   │   └─domain$wrapSync(expr)
 10.   │   │     └─base::force(expr)
 11.   │   └─env$runWith(self, func)
 12.   │     └─shiny (local) contextFunc()
 13.   │       └─shiny::..stacktraceon..(expr)
 14.   └─export[["r"]][[n]]()
 15.     ├─shinymeta:::metaDispatch(...)
 16.     │ ├─shinymeta:::switchMetaMode(...)
 17.     │ └─base::force(normal)
 18.     └─shiny (local) r_normal()</error>
    </testcase>
    <testcase time="6.405" classname="new_trial_analysis" name="ae_div_side_and_main_is_visible_when_analysis_type_is_BSAFE_CHOICES_SEL_ANALYSIS_2_"/>
    <testcase time="0.007000000000005" classname="new_trial_analysis" name="ae_div_side_and_main_is_visible_when_analysis_type_is_BSAFE_CHOICES_SEL_ANALYSIS_2_"/>
    <testcase time="0.00900000000001455" classname="new_trial_analysis" name="inci_div_side_and_main_is_hidden_when_analysis_type_is_BSAFE_CHOICES_SEL_ANALYSIS_2_"/>
    <testcase time="0.007000000000005" classname="new_trial_analysis" name="inci_div_side_and_main_is_hidden_when_analysis_type_is_BSAFE_CHOICES_SEL_ANALYSIS_2_"/>
    <testcase time="1.28399999999999" classname="new_trial_analysis" name="can_read_and_change_first_occurence"/>
    <testcase time="1.10900000000001" classname="new_trial_analysis" name="can_read_and_change_cummulative_time"/>
  </testsuite>
  <testsuite name="robust_map" timestamp="2024-08-12T14:15:28Z" hostname="7db070d02a31" tests="18" skipped="0" failures="1" errors="2" time="38.697">
    <testcase time="0.454999999999984" classname="robust_map" name="preface_rob_txt_returns_correct_preface_for_weakly_informative_conjugate_component"/>
    <testcase time="0.00300000000001432" classname="robust_map" name="preface_rob_txt_returns_correct_preface_for_EX_NEX_approach"/>
    <testcase time="0.00399999999999068" classname="robust_map" name="preface_rob_txt_returns_NULL_for_unknown_selection_analysis"/>
    <testcase time="7.053" classname="robust_map" name="robust_mean_div_is_hidden_when_analysis_type_is_BSAFE_CHOICES_SEL_ANALYSIS_1_"/>
    <testcase time="2.482" classname="robust_map" name="can_read_and_informative_prior_weight"/>
    <testcase time="5.84299999999999" classname="robust_map" name="can_read_and_change_ess_method"/>
    <testcase time="1.31500000000003" classname="robust_map" name="robust_map_mcmc_is_data.frame"/>
    <testcase time="1.31199999999998" classname="robust_map" name="robust_plot_is_ggplot"/>
    <testcase time="1.33199999999999" classname="robust_map" name="robust_summary_is_data.frame">
      <error type="error" message="Error in `bsafe::summary_stats_robust_map_prior_display(map_object = map_mcmc(),  ('test-robust_map.R:84:5')">Error in `bsafe::summary_stats_robust_map_prior_display(map_object = map_mcmc(), 
    select_analysis = analysis_type(), param_approx = param_approx(), 
    ess_method = ess_method(), robust_map_object = robust_map_mcmc(), 
    rob_ess_method = input[[BSAFE_ID$SEL_ROB_ESS_METHOD]], numerical = FALSE, 
    seed = seed())`: unused arguments (numerical = FALSE, seed = seed())
Backtrace:
     ▆
  1. ├─shiny::isolate(app$get_values()[["export"]][[tns("r")]][["robust_summary"]]()) at test-robust_map.R:84:5
  2. │ ├─shiny::..stacktraceoff..(...)
  3. │ └─ctx$run(...)
  4. │   ├─promises::with_promise_domain(...)
  5. │   │ └─domain$wrapSync(expr)
  6. │   ├─shiny::withReactiveDomain(...)
  7. │   │ └─promises::with_promise_domain(...)
  8. │   │   └─domain$wrapSync(expr)
  9. │   │     └─base::force(expr)
 10. │   └─env$runWith(self, func)
 11. │     └─shiny (local) contextFunc()
 12. │       └─shiny::..stacktraceon..(expr)
 13. └─app$get_values()[["export"]][[tns("r")]][["robust_summary"]]()
 14.   ├─shinymeta:::metaDispatch(...)
 15.   │ ├─shinymeta:::switchMetaMode(...)
 16.   │ └─base::force(normal)
 17.   └─shiny (local) r_normal()</error>
    </testcase>
    <testcase time="1.322" classname="robust_map" name="preface_text_is_present"/>
    <testcase time="1.322" classname="robust_map" name="density_function_is_present"/>
    <testcase time="1.35300000000001" classname="robust_map" name="robust_map_plot_is_present"/>
    <testcase time="1.32499999999999" classname="robust_map" name="table_is_present">
      <failure type="failure" message="Check on 'tbl' failed: Must be of type 'string', not 'list' ('test-robust_map.R:105:5')">Check on 'tbl' failed: Must be of type 'string', not 'list'
Backtrace:
    ▆
 1. └─checkmate::expect_string(tbl, fixed = "&lt;table") at test-robust_map.R:105:5
 2.   └─checkmate::makeExpectation(x, res, info, label)</failure>
    </testcase>
    <testcase time="1.477" classname="robust_map" name="robust_map_mcmc_code_eval_matches_value"/>
    <testcase time="1.74100000000001" classname="robust_map" name="robust_plot_code_eval_matches_value"/>
    <testcase time="1.33199999999999" classname="robust_map" name="robust_summary_code_eval_matches_value">
      <error type="error" message="Error in `bsafe::summary_stats_robust_map_prior_display(map_object = map_mcmc(),  ('test-robust_map.R:117:5')">Error in `bsafe::summary_stats_robust_map_prior_display(map_object = map_mcmc(), 
    select_analysis = analysis_type(), param_approx = param_approx(), 
    ess_method = ess_method(), robust_map_object = robust_map_mcmc(), 
    rob_ess_method = input[[BSAFE_ID$SEL_ROB_ESS_METHOD]], numerical = FALSE, 
    seed = seed())`: unused arguments (numerical = FALSE, seed = seed())
Backtrace:
     ▆
  1. └─teal.modules.bsafe:::expect_code_val_match(...) at test-robust_map.R:117:5
  2.   ├─shiny::isolate(export[["r"]][[n]]()) at tests/testthat/setup.R:22:3
  3.   │ ├─shiny::..stacktraceoff..(...)
  4.   │ └─ctx$run(...)
  5.   │   ├─promises::with_promise_domain(...)
  6.   │   │ └─domain$wrapSync(expr)
  7.   │   ├─shiny::withReactiveDomain(...)
  8.   │   │ └─promises::with_promise_domain(...)
  9.   │   │   └─domain$wrapSync(expr)
 10.   │   │     └─base::force(expr)
 11.   │   └─env$runWith(self, func)
 12.   │     └─shiny (local) contextFunc()
 13.   │       └─shiny::..stacktraceon..(expr)
 14.   └─export[["r"]][[n]]()
 15.     ├─shinymeta:::metaDispatch(...)
 16.     │ ├─shinymeta:::switchMetaMode(...)
 17.     │ └─base::force(normal)
 18.     └─shiny (local) r_normal()</error>
    </testcase>
    <testcase time="6.65000000000001" classname="robust_map" name="robust_mean_div_is_visible_when_analysis_type_is_BSAFE_CHOICES_SEL_ANALYSIS_2_"/>
    <testcase time="2.37599999999998" classname="robust_map" name="can_read_and_change_informative_prior_mean"/>
  </testsuite>
  <testsuite name="select_analysis" timestamp="2024-08-12T14:16:06Z" hostname="7db070d02a31" tests="16" skipped="0" failures="0" errors="0" time="8.75">
    <testcase time="0.460000000000008" classname="select_analysis" name="get_arm_choices_and_selection_returns_correct_choices_when_previous_selection_is_empty"/>
    <testcase time="0.0040000000000191" classname="select_analysis" name="get_arm_choices_and_selection_returns_correct_selected_value_when_previous_selection_is_empty"/>
    <testcase time="0.0029999999999859" classname="select_analysis" name="get_arm_choices_and_selection_returns_correct_choices_when_previous_selection_is_not_empty"/>
    <testcase time="0.00399999999999068" classname="select_analysis" name="get_arm_choices_and_selection_returns_correct_selected_value_when_previous_selection_is_not_empty"/>
    <testcase time="0.0040000000000191" classname="select_analysis" name="get_safety_topic_choices_and_selection_returns_correct_choices_when_there_are_choices"/>
    <testcase time="0.0029999999999859" classname="select_analysis" name="get_safety_topic_choices_and_selection_returns_correct_selected_value_when_there_are_choices"/>
    <testcase time="0.00399999999999068" classname="select_analysis" name="get_safety_topic_choices_and_selection_returns_correct_choices_when_previous_selection_is_not_empty"/>
    <testcase time="0.00300000000001432" classname="select_analysis" name="get_safety_topic_choices_and_selection_returns_correct_selected_value_when_previous_selection_is_not_empty"/>
    <testcase time="0.00399999999999068" classname="select_analysis" name="get_safety_topic_choices_and_selection_returns_NULL_choices_when_there_are_no_choices"/>
    <testcase time="0.00499999999999545" classname="select_analysis" name="get_safety_topic_choices_and_selection_returns_NULL_selected_value_when_there_are_no_choices"/>
    <testcase time="4.042" classname="select_analysis" name="can_read_and_change_treatment"/>
    <testcase time="0.991000000000014" classname="select_analysis" name="can_read_and_change_change_analysis_type"/>
    <testcase time="0.990999999999985" classname="select_analysis" name="can_read_and_change_safety_topic"/>
    <testcase time="0.947000000000003" classname="select_analysis" name="can_read_and_change_seed"/>
    <testcase time="0.424000000000007" classname="select_analysis" name="returned_data_is_a_data.frame"/>
    <testcase time="0.86099999999999" classname="select_analysis" name="exported_data_code_matches_output"/>
  </testsuite>
  <testsuite name="utils" timestamp="2024-08-12T14:16:15Z" hostname="7db070d02a31" tests="5" skipped="0" failures="0" errors="0" time="0.082">
    <testcase time="0.0680000000000121" classname="utils" name="_returns_a_when_a_is_not_NULL_not_NA_and_has_length_0"/>
    <testcase time="0.00300000000001432" classname="utils" name="_returns_b_when_a_is_NULL"/>
    <testcase time="0.00399999999999068" classname="utils" name="_returns_b_when_a_is_NA"/>
    <testcase time="0.0029999999999859" classname="utils" name="_returns_b_when_a_is_an_empty_vector"/>
    <testcase time="0.0040000000000191" classname="utils" name="_returns_b_when_a_is_a_vector_with_length_0"/>
  </testsuite>
</testsuites>
