<?xml version="1.0" encoding="UTF-8"?>
<testsuites>
  <testsuite name="dummy" timestamp="2024-05-15T10:13:29Z" hostname="c5017df88061" tests="1" skipped="0" failures="0" errors="0" time="0.013">
    <testcase time="0.0129999999999999" classname="dummy" name="multiplication_works"/>
  </testsuite>
</testsuites>
