<?xml version="1.0" encoding="UTF-8"?>
<testsuites>
  <testsuite name="bsafe_app" timestamp="2024-08-09T08:39:14Z" hostname="a30be57b7c71" tests="2" skipped="0" failures="0" errors="0" time="11.788">
    <testcase time="7.599" classname="bsafe_app" name="bsafe_module_starts"/>
    <testcase time="4.189" classname="bsafe_app" name="tm_bsafe_starts"/>
  </testsuite>
  <testsuite name="decision_making" timestamp="2024-08-09T08:39:26Z" hostname="a30be57b7c71" tests="16" skipped="0" failures="0" errors="0" time="32.3">
    <testcase time="0.0179999999999989" classname="decision_making" name="calc_log_hazard_area_returns_correct_values"/>
    <testcase time="0.00300000000000011" classname="decision_making" name="calc_param_approx_boundaries_returns_correct_lower_and_upper_boundaries"/>
    <testcase time="12.814" classname="decision_making" name="can_read_and_change_distribution"/>
    <testcase time="1.994" classname="decision_making" name="can_read_and_change_non_ae_perc_slider"/>
    <testcase time="0.00900000000000034" classname="decision_making" name="ae_div_is_hidden_when_analysis_type_is_BSAFE_CHOICES_SEL_ANALYSIS_1_"/>
    <testcase time="0.00799999999999912" classname="decision_making" name="inci_div_is_visible_when_analysis_type_is_BSAFE_CHOICES_SEL_ANALYSIS_1_"/>
    <testcase time="0.986999999999998" classname="decision_making" name="header_element_is_present"/>
    <testcase time="0.961000000000002" classname="decision_making" name="preface_element_is_present"/>
    <testcase time="0.954000000000001" classname="decision_making" name="plot_is_present"/>
    <testcase time="0.966999999999999" classname="decision_making" name="auc_text_element_is_present"/>
    <testcase time="1.068" classname="decision_making" name="preset_statements_table_is_present"/>
    <testcase time="2.001" classname="decision_making" name="exported_preset_statements_code_matches_output"/>
    <testcase time="2.639" classname="decision_making" name="exported_plot_code_matches_output"/>
    <testcase time="7.86" classname="decision_making" name="can_read_and_change_ae_perc_slider"/>
    <testcase time="0.00900000000000034" classname="decision_making" name="ae_div_is_hidden_when_analysis_type_is_BSAFE_CHOICES_SEL_ANALYSIS_2_"/>
    <testcase time="0.00800000000000267" classname="decision_making" name="inci_div_is_visible_when_analysis_type_is_BSAFE_CHOICES_SEL_ANALYSIS_2_"/>
  </testsuite>
  <testsuite name="map_prior" timestamp="2024-08-09T08:39:59Z" hostname="a30be57b7c71" tests="27" skipped="0" failures="0" errors="1" time="82.963">
    <testcase time="0.384999999999998" classname="map_prior" name="preface_prior_txt_returns_correct_preface_for_MAP_approach"/>
    <testcase time="0.00400000000000489" classname="map_prior" name="preface_prior_txt_returns_correct_preface_for_log_scale_approach"/>
    <testcase time="0.00900000000000034" classname="map_prior" name="preface_prior_txt_returns_an_error_for_unknown_selection_analysis"/>
    <testcase time="10.73" classname="map_prior" name="map_prior_is_calculated_when_button_is_pressed">
      <error type="error" message="Error in `app_wait_for_idle(self, private, duration = duration, timeout = timeout)`: An error occurred while waiting for Shiny to be stable ('test-map_prior.R:38:5')">Error in `app_wait_for_idle(self, private, duration = duration, timeout = timeout)`: An error occurred while waiting for Shiny to be stable
Backtrace:
    ▆
 1. └─app$wait_for_idle() at test-map_prior.R:38:5
 2.   └─shinytest2:::app_wait_for_idle(self, private, duration = duration, timeout = timeout)
 3.     └─shinytest2:::app_abort(self, private, "An error occurred while waiting for Shiny to be stable")
 4.       └─rlang::abort(..., app = self, call = call)</error>
    </testcase>
    <testcase time="1.901" classname="map_prior" name="forest_plot_is_present"/>
    <testcase time="1.751" classname="map_prior" name="mix_density_plot_is_present"/>
    <testcase time="1.839" classname="map_prior" name="preface_prior_text_is_present"/>
    <testcase time="2.116" classname="map_prior" name="density_function_is_present"/>
    <testcase time="1.729" classname="map_prior" name="summary_table_is_present"/>
    <testcase time="1.754" classname="map_prior" name="map_mcmc_returned_values_is_a_gMAP_object"/>
    <testcase time="1.851" classname="map_prior" name="param_approx_returned_values_is_a_EM_object"/>
    <testcase time="2.17999999999999" classname="map_prior" name="adj_tau_returned_values_is_a_numeric"/>
    <testcase time="1.718" classname="map_prior" name="ess_method_is_a_subset_from_BSAFE_CHOICES_SEL_ESS_METHOD"/>
    <testcase time="1.90000000000001" classname="map_prior" name="forest_plot_is_a_ggplot"/>
    <testcase time="2.105" classname="map_prior" name="map_summary_table_is_a_data.frame"/>
    <testcase time="5.76299999999999" classname="map_prior" name="map_mcmc_code_eval_matches_print"/>
    <testcase time="5.86800000000001" classname="map_prior" name="param_approx_code_eval_matches_print"/>
    <testcase time="1.75899999999999" classname="map_prior" name="adj_tau_code_eval_matches_value"/>
    <testcase time="5.989" classname="map_prior" name="forest_plot_code_eval_matches_plot"/>
    <testcase time="5.697" classname="map_prior" name="map_summary_table_code_eval_matches_value"/>
    <testcase time="6.27800000000001" classname="map_prior" name="can_read_and_change_tau"/>
    <testcase time="1.33699999999999" classname="map_prior" name="can_read_and_change_hist_borrow"/>
    <testcase time="5.10900000000001" classname="map_prior" name="can_read_and_change_effective_sampling_method"/>
    <testcase time="1.14099999999999" classname="map_prior" name="menu_prior_is_invalidated_when_any_change_in_the_input_values_to_map_prior_happens"/>
    <testcase time="4.24900000000001" classname="map_prior" name="menu_prior_is_invalidated_when_any_change_in_the_input_values_to_map_prior_happens"/>
    <testcase time="3.908" classname="map_prior" name="menu_prior_is_invalidated_when_any_change_in_the_input_values_to_map_prior_happens"/>
    <testcase time="3.893" classname="map_prior" name="menu_prior_is_invalidated_when_any_change_in_the_input_values_to_map_prior_happens"/>
  </testsuite>
  <testsuite name="new_trial_analysis" timestamp="2024-08-09T08:41:28Z" hostname="a30be57b7c71" tests="23" skipped="0" failures="0" errors="0" time="30.545">
    <testcase time="6.32600000000001" classname="new_trial_analysis" name="ae_div_side_and_main_is_hidden_when_analysis_type_is_BSAFE_CHOICES_SEL_ANALYSIS_1_"/>
    <testcase time="0.00600000000000023" classname="new_trial_analysis" name="ae_div_side_and_main_is_hidden_when_analysis_type_is_BSAFE_CHOICES_SEL_ANALYSIS_1_"/>
    <testcase time="0.00799999999998136" classname="new_trial_analysis" name="inci_div_side_and_main_is_visible_when_analysis_type_is_BSAFE_CHOICES_SEL_ANALYSIS_1_"/>
    <testcase time="0.00600000000000023" classname="new_trial_analysis" name="inci_div_side_and_main_is_visible_when_analysis_type_is_BSAFE_CHOICES_SEL_ANALYSIS_1_"/>
    <testcase time="2.08500000000001" classname="new_trial_analysis" name="can_read_and_change_number_of_patients"/>
    <testcase time="1.74099999999999" classname="new_trial_analysis" name="can_read_and_change_number_of_patients_with_AE"/>
    <testcase time="1.827" classname="new_trial_analysis" name="number_of_patients_with_AE_slider_is_updated_when_number_of_patients_change"/>
    <testcase time="1.73500000000001" classname="new_trial_analysis" name="number_of_patients_with_AE_slider_is_updated_when_number_of_patients_change"/>
    <testcase time="0.937999999999988" classname="new_trial_analysis" name="mix_density_plot_is_present"/>
    <testcase time="0.919000000000011" classname="new_trial_analysis" name="summary_table_is_present"/>
    <testcase time="0.924000000000007" classname="new_trial_analysis" name="new_trial_analysis_is_a_string"/>
    <testcase time="0.929000000000002" classname="new_trial_analysis" name="post_dist_is_a_string"/>
    <testcase time="0.953000000000003" classname="new_trial_analysis" name="current_trial_data_is_a_string"/>
    <testcase time="0.921999999999997" classname="new_trial_analysis" name="compare_plot_is_a_ggplot"/>
    <testcase time="0.920999999999992" classname="new_trial_analysis" name="map_summary_table_is_a_data.frame"/>
    <testcase time="1.31700000000001" classname="new_trial_analysis" name="compare_plot_code_eval_matches_plot"/>
    <testcase time="1.00799999999998" classname="new_trial_analysis" name="compare_summary_table_code_eval_matches_value"/>
    <testcase time="5.63800000000001" classname="new_trial_analysis" name="ae_div_side_and_main_is_visible_when_analysis_type_is_BSAFE_CHOICES_SEL_ANALYSIS_2_"/>
    <testcase time="0.007000000000005" classname="new_trial_analysis" name="ae_div_side_and_main_is_visible_when_analysis_type_is_BSAFE_CHOICES_SEL_ANALYSIS_2_"/>
    <testcase time="0.00800000000000978" classname="new_trial_analysis" name="inci_div_side_and_main_is_hidden_when_analysis_type_is_BSAFE_CHOICES_SEL_ANALYSIS_2_"/>
    <testcase time="0.00499999999999545" classname="new_trial_analysis" name="inci_div_side_and_main_is_hidden_when_analysis_type_is_BSAFE_CHOICES_SEL_ANALYSIS_2_"/>
    <testcase time="1.21899999999999" classname="new_trial_analysis" name="can_read_and_change_first_occurence"/>
    <testcase time="1.10300000000001" classname="new_trial_analysis" name="can_read_and_change_cummulative_time"/>
  </testsuite>
  <testsuite name="robust_map" timestamp="2024-08-09T08:41:52Z" hostname="a30be57b7c71" tests="18" skipped="0" failures="0" errors="0" time="38.799">
    <testcase time="0.320999999999998" classname="robust_map" name="preface_rob_txt_returns_correct_preface_for_weakly_informative_conjugate_component"/>
    <testcase time="0.00399999999999068" classname="robust_map" name="preface_rob_txt_returns_correct_preface_for_EX_NEX_approach"/>
    <testcase time="0.00399999999999068" classname="robust_map" name="preface_rob_txt_returns_NULL_for_unknown_selection_analysis"/>
    <testcase time="6.12700000000001" classname="robust_map" name="robust_mean_div_is_hidden_when_analysis_type_is_BSAFE_CHOICES_SEL_ANALYSIS_1_"/>
    <testcase time="2.584" classname="robust_map" name="can_read_and_informative_prior_weight"/>
    <testcase time="5.904" classname="robust_map" name="can_read_and_change_ess_method"/>
    <testcase time="1.40299999999999" classname="robust_map" name="robust_map_mcmc_is_data.frame"/>
    <testcase time="1.41300000000001" classname="robust_map" name="robust_plot_is_ggplot"/>
    <testcase time="1.39000000000001" classname="robust_map" name="robust_summary_is_data.frame"/>
    <testcase time="1.44099999999997" classname="robust_map" name="preface_text_is_present"/>
    <testcase time="1.52300000000002" classname="robust_map" name="density_function_is_present"/>
    <testcase time="1.417" classname="robust_map" name="robust_map_plot_is_present"/>
    <testcase time="1.44" classname="robust_map" name="table_is_present"/>
    <testcase time="1.95699999999999" classname="robust_map" name="robust_map_mcmc_code_eval_matches_value"/>
    <testcase time="2.072" classname="robust_map" name="robust_plot_code_eval_matches_value"/>
    <testcase time="1.471" classname="robust_map" name="robust_summary_code_eval_matches_value"/>
    <testcase time="5.76599999999999" classname="robust_map" name="robust_mean_div_is_visible_when_analysis_type_is_BSAFE_CHOICES_SEL_ANALYSIS_2_"/>
    <testcase time="2.56200000000001" classname="robust_map" name="can_read_and_change_informative_prior_mean"/>
  </testsuite>
  <testsuite name="select_analysis" timestamp="2024-08-09T08:42:31Z" hostname="a30be57b7c71" tests="16" skipped="0" failures="0" errors="0" time="7.949">
    <testcase time="0.344999999999999" classname="select_analysis" name="get_arm_choices_and_selection_returns_correct_choices_when_previous_selection_is_empty"/>
    <testcase time="0.00399999999999068" classname="select_analysis" name="get_arm_choices_and_selection_returns_correct_selected_value_when_previous_selection_is_empty"/>
    <testcase time="0.0029999999999859" classname="select_analysis" name="get_arm_choices_and_selection_returns_correct_choices_when_previous_selection_is_not_empty"/>
    <testcase time="0.00300000000001432" classname="select_analysis" name="get_arm_choices_and_selection_returns_correct_selected_value_when_previous_selection_is_not_empty"/>
    <testcase time="0.00399999999999068" classname="select_analysis" name="get_safety_topic_choices_and_selection_returns_correct_choices_when_there_are_choices"/>
    <testcase time="0.00300000000001432" classname="select_analysis" name="get_safety_topic_choices_and_selection_returns_correct_selected_value_when_there_are_choices"/>
    <testcase time="0.00399999999999068" classname="select_analysis" name="get_safety_topic_choices_and_selection_returns_correct_choices_when_previous_selection_is_not_empty"/>
    <testcase time="0.00399999999999068" classname="select_analysis" name="get_safety_topic_choices_and_selection_returns_correct_selected_value_when_previous_selection_is_not_empty"/>
    <testcase time="0.0040000000000191" classname="select_analysis" name="get_safety_topic_choices_and_selection_returns_NULL_choices_when_there_are_no_choices"/>
    <testcase time="0.00499999999999545" classname="select_analysis" name="get_safety_topic_choices_and_selection_returns_NULL_selected_value_when_there_are_no_choices"/>
    <testcase time="3.58500000000001" classname="select_analysis" name="can_read_and_change_treatment"/>
    <testcase time="0.947000000000003" classname="select_analysis" name="can_read_and_change_change_analysis_type"/>
    <testcase time="0.940999999999974" classname="select_analysis" name="can_read_and_change_safety_topic"/>
    <testcase time="0.905000000000001" classname="select_analysis" name="can_read_and_change_seed"/>
    <testcase time="0.387" classname="select_analysis" name="returned_data_is_a_data.frame"/>
    <testcase time="0.805000000000007" classname="select_analysis" name="exported_data_code_matches_output"/>
  </testsuite>
  <testsuite name="utils" timestamp="2024-08-09T08:42:39Z" hostname="a30be57b7c71" tests="5" skipped="0" failures="0" errors="0" time="0.074">
    <testcase time="0.061000000000007" classname="utils" name="_returns_a_when_a_is_not_NULL_not_NA_and_has_length_0"/>
    <testcase time="0.0029999999999859" classname="utils" name="_returns_b_when_a_is_NULL"/>
    <testcase time="0.00300000000001432" classname="utils" name="_returns_b_when_a_is_NA"/>
    <testcase time="0.00399999999999068" classname="utils" name="_returns_b_when_a_is_an_empty_vector"/>
    <testcase time="0.00300000000001432" classname="utils" name="_returns_b_when_a_is_a_vector_with_length_0"/>
  </testsuite>
</testsuites>
