<?xml version="1.0" encoding="UTF-8"?>
<testsuites>
  <testsuite name="bsafe_app" timestamp="2024-05-16T10:34:58Z" hostname="b3e89d9e05db" tests="3" skipped="0" failures="0" errors="0" time="10.941">
    <testcase time="7.019" classname="bsafe_app" name="bsafe_module_starts"/>
    <testcase time="0.339" classname="bsafe_app" name="_unnamed_"/>
    <testcase time="3.583" classname="bsafe_app" name="tm_bsafe_starts"/>
  </testsuite>
  <testsuite name="decision_making" timestamp="2024-05-16T10:35:02Z" hostname="b3e89d9e05db" tests="16" skipped="0" failures="0" errors="0" time="33.304">
    <testcase time="0.0180000000000007" classname="decision_making" name="calc_log_hazard_area_returns_correct_values"/>
    <testcase time="0.00300000000000011" classname="decision_making" name="calc_param_approx_boundaries_returns_correct_lower_and_upper_boundaries"/>
    <testcase time="12.345" classname="decision_making" name="can_read_and_change_distribution"/>
    <testcase time="1.954" classname="decision_making" name="can_read_and_change_non_ae_perc_slider"/>
    <testcase time="0.00899999999999679" classname="decision_making" name="ae_div_is_hidden_when_analysis_type_is_BSAFE_CHOICES_SEL_ANALYSIS_1_"/>
    <testcase time="0.00700000000000145" classname="decision_making" name="inci_div_is_visible_when_analysis_type_is_BSAFE_CHOICES_SEL_ANALYSIS_1_"/>
    <testcase time="0.981000000000002" classname="decision_making" name="header_element_is_present"/>
    <testcase time="0.962999999999997" classname="decision_making" name="preface_element_is_present"/>
    <testcase time="0.965" classname="decision_making" name="plot_is_present"/>
    <testcase time="1.076" classname="decision_making" name="auc_text_element_is_present"/>
    <testcase time="0.962" classname="decision_making" name="preset_statements_table_is_present"/>
    <testcase time="2.434" classname="decision_making" name="exported_preset_statements_code_matches_output"/>
    <testcase time="2.3" classname="decision_making" name="exported_plot_code_matches_output"/>
    <testcase time="9.27" classname="decision_making" name="can_read_and_change_ae_perc_slider"/>
    <testcase time="0.00899999999999324" classname="decision_making" name="ae_div_is_hidden_when_analysis_type_is_BSAFE_CHOICES_SEL_ANALYSIS_2_"/>
    <testcase time="0.00800000000000267" classname="decision_making" name="inci_div_is_visible_when_analysis_type_is_BSAFE_CHOICES_SEL_ANALYSIS_2_"/>
  </testsuite>
  <testsuite name="map_prior" timestamp="2024-05-16T10:35:36Z" hostname="b3e89d9e05db" tests="27" skipped="0" failures="1" errors="0" time="78.009">
    <testcase time="0.0949999999999989" classname="map_prior" name="preface_prior_txt_returns_correct_preface_for_MAP_approach"/>
    <testcase time="0.00300000000000011" classname="map_prior" name="preface_prior_txt_returns_correct_preface_for_log_scale_approach"/>
    <testcase time="0.00800000000000267" classname="map_prior" name="preface_prior_txt_returns_an_error_for_unknown_selection_analysis"/>
    <testcase time="12.155" classname="map_prior" name="map_prior_is_calculated_when_button_is_pressed"/>
    <testcase time="1.446" classname="map_prior" name="forest_plot_is_present"/>
    <testcase time="1.459" classname="map_prior" name="mix_density_plot_is_present"/>
    <testcase time="1.601" classname="map_prior" name="preface_prior_text_is_present"/>
    <testcase time="1.481" classname="map_prior" name="density_function_is_present"/>
    <testcase time="1.499" classname="map_prior" name="summary_table_is_present"/>
    <testcase time="1.63199999999999" classname="map_prior" name="map_mcmc_returned_values_is_a_gMAP_object"/>
    <testcase time="1.90400000000001" classname="map_prior" name="param_approx_returned_values_is_a_EM_object"/>
    <testcase time="1.45999999999999" classname="map_prior" name="adj_tau_returned_values_is_a_numeric"/>
    <testcase time="1.623" classname="map_prior" name="ess_method_is_a_subset_from_BSAFE_CHOICES_SEL_ESS_METHOD"/>
    <testcase time="1.78" classname="map_prior" name="forest_plot_is_a_ggplot"/>
    <testcase time="1.43599999999999" classname="map_prior" name="map_summary_table_is_a_data.frame">
      <failure type="failure" message="Check on 'v' failed: Must be of type 'data.frame', not 'kableExtra/knitr_kable' ('test-map_prior.R:94:5')">Check on 'v' failed: Must be of type 'data.frame', not 'kableExtra/knitr_kable'
Backtrace:
    x
 1. \-checkmate::expect_data_frame(v) at test-map_prior.R:94:5
 2.   \-checkmate::makeExpectation(x, res, info, label)</failure>
    </testcase>
    <testcase time="5.328" classname="map_prior" name="map_mcmc_code_eval_matches_print"/>
    <testcase time="5.226" classname="map_prior" name="param_approx_code_eval_matches_print"/>
    <testcase time="1.43900000000001" classname="map_prior" name="adj_tau_code_eval_matches_value"/>
    <testcase time="5.72699999999999" classname="map_prior" name="forest_plot_code_eval_matches_plot"/>
    <testcase time="5.03700000000001" classname="map_prior" name="map_summary_table_code_eval_matches_value"/>
    <testcase time="5.977" classname="map_prior" name="can_read_and_change_tau"/>
    <testcase time="1.18299999999999" classname="map_prior" name="can_read_and_change_hist_borrow"/>
    <testcase time="5.12" classname="map_prior" name="can_read_and_change_effective_sampling_method"/>
    <testcase time="1.18299999999999" classname="map_prior" name="menu_prior_is_invalidated_when_any_change_in_the_input_values_to_map_prior_happens"/>
    <testcase time="4.25" classname="map_prior" name="menu_prior_is_invalidated_when_any_change_in_the_input_values_to_map_prior_happens"/>
    <testcase time="3.956" classname="map_prior" name="menu_prior_is_invalidated_when_any_change_in_the_input_values_to_map_prior_happens"/>
    <testcase time="4.001" classname="map_prior" name="menu_prior_is_invalidated_when_any_change_in_the_input_values_to_map_prior_happens"/>
  </testsuite>
  <testsuite name="new_trial_analysis" timestamp="2024-05-16T10:36:59Z" hostname="b3e89d9e05db" tests="23" skipped="0" failures="1" errors="0" time="27.243">
    <testcase time="5.68000000000001" classname="new_trial_analysis" name="ae_div_side_and_main_is_hidden_when_analysis_type_is_BSAFE_CHOICES_SEL_ANALYSIS_1_"/>
    <testcase time="0.00600000000000023" classname="new_trial_analysis" name="ae_div_side_and_main_is_hidden_when_analysis_type_is_BSAFE_CHOICES_SEL_ANALYSIS_1_"/>
    <testcase time="0.00799999999998136" classname="new_trial_analysis" name="inci_div_side_and_main_is_visible_when_analysis_type_is_BSAFE_CHOICES_SEL_ANALYSIS_1_"/>
    <testcase time="0.00499999999999545" classname="new_trial_analysis" name="inci_div_side_and_main_is_visible_when_analysis_type_is_BSAFE_CHOICES_SEL_ANALYSIS_1_"/>
    <testcase time="1.88000000000002" classname="new_trial_analysis" name="can_read_and_change_number_of_patients"/>
    <testcase time="1.499" classname="new_trial_analysis" name="can_read_and_change_number_of_patients_with_AE"/>
    <testcase time="1.53700000000001" classname="new_trial_analysis" name="number_of_patients_with_AE_slider_is_updated_when_number_of_patients_change"/>
    <testcase time="1.49499999999998" classname="new_trial_analysis" name="number_of_patients_with_AE_slider_is_updated_when_number_of_patients_change"/>
    <testcase time="0.763000000000005" classname="new_trial_analysis" name="mix_density_plot_is_present"/>
    <testcase time="0.742000000000019" classname="new_trial_analysis" name="summary_table_is_present"/>
    <testcase time="0.756999999999977" classname="new_trial_analysis" name="new_trial_analysis_is_a_string"/>
    <testcase time="0.747000000000014" classname="new_trial_analysis" name="post_dist_is_a_string"/>
    <testcase time="0.74799999999999" classname="new_trial_analysis" name="current_trial_data_is_a_string"/>
    <testcase time="0.766999999999996" classname="new_trial_analysis" name="compare_plot_is_a_ggplot"/>
    <testcase time="0.76600000000002" classname="new_trial_analysis" name="map_summary_table_is_a_data.frame">
      <failure type="failure" message="Check on 'v' failed: Must be of type 'data.frame', not 'kableExtra/knitr_kable' ('test-new_trial_analysis.R:104:5')">Check on 'v' failed: Must be of type 'data.frame', not 'kableExtra/knitr_kable'
Backtrace:
    x
 1. \-checkmate::expect_data_frame(v) at test-new_trial_analysis.R:104:5
 2.   \-checkmate::makeExpectation(x, res, info, label)</failure>
    </testcase>
    <testcase time="1.04899999999998" classname="new_trial_analysis" name="compare_plot_code_eval_matches_plot"/>
    <testcase time="0.810000000000002" classname="new_trial_analysis" name="compare_summary_table_code_eval_matches_value"/>
    <testcase time="5.53" classname="new_trial_analysis" name="ae_div_side_and_main_is_visible_when_analysis_type_is_BSAFE_CHOICES_SEL_ANALYSIS_2_"/>
    <testcase time="0.007000000000005" classname="new_trial_analysis" name="ae_div_side_and_main_is_visible_when_analysis_type_is_BSAFE_CHOICES_SEL_ANALYSIS_2_"/>
    <testcase time="0.00800000000000978" classname="new_trial_analysis" name="inci_div_side_and_main_is_hidden_when_analysis_type_is_BSAFE_CHOICES_SEL_ANALYSIS_2_"/>
    <testcase time="0.00600000000000023" classname="new_trial_analysis" name="inci_div_side_and_main_is_hidden_when_analysis_type_is_BSAFE_CHOICES_SEL_ANALYSIS_2_"/>
    <testcase time="1.28700000000001" classname="new_trial_analysis" name="can_read_and_change_first_occurence"/>
    <testcase time="1.14599999999999" classname="new_trial_analysis" name="can_read_and_change_cummulative_time"/>
  </testsuite>
  <testsuite name="robust_map" timestamp="2024-05-16T10:37:21Z" hostname="b3e89d9e05db" tests="18" skipped="0" failures="1" errors="0" time="35.555">
    <testcase time="0.0680000000000121" classname="robust_map" name="preface_rob_txt_returns_correct_preface_for_weakly_informative_conjugate_component"/>
    <testcase time="0.0029999999999859" classname="robust_map" name="preface_rob_txt_returns_correct_preface_for_EX_NEX_approach"/>
    <testcase time="0.00300000000001432" classname="robust_map" name="preface_rob_txt_returns_NULL_for_unknown_selection_analysis"/>
    <testcase time="5.874" classname="robust_map" name="robust_mean_div_is_hidden_when_analysis_type_is_BSAFE_CHOICES_SEL_ANALYSIS_1_"/>
    <testcase time="2.471" classname="robust_map" name="can_read_and_informative_prior_weight"/>
    <testcase time="5.77599999999998" classname="robust_map" name="can_read_and_change_ess_method"/>
    <testcase time="1.25300000000001" classname="robust_map" name="robust_map_mcmc_is_data.frame"/>
    <testcase time="1.27099999999999" classname="robust_map" name="robust_plot_is_ggplot"/>
    <testcase time="1.273" classname="robust_map" name="robust_summary_is_data.frame">
      <failure type="failure" message="Check on 'v' failed: Must be of type 'data.frame', not 'kableExtra/knitr_kable' ('test-robust_map.R:85:5')">Check on 'v' failed: Must be of type 'data.frame', not 'kableExtra/knitr_kable'
Backtrace:
    x
 1. \-checkmate::expect_data_frame(v) at test-robust_map.R:85:5
 2.   \-checkmate::makeExpectation(x, res, info, label)</failure>
    </testcase>
    <testcase time="1.27500000000001" classname="robust_map" name="preface_text_is_present"/>
    <testcase time="1.262" classname="robust_map" name="density_function_is_present"/>
    <testcase time="1.29900000000001" classname="robust_map" name="robust_map_plot_is_present"/>
    <testcase time="1.40299999999999" classname="robust_map" name="table_is_present"/>
    <testcase time="1.50900000000001" classname="robust_map" name="robust_map_mcmc_code_eval_matches_value"/>
    <testcase time="1.49499999999998" classname="robust_map" name="robust_plot_code_eval_matches_value"/>
    <testcase time="1.38400000000001" classname="robust_map" name="robust_summary_code_eval_matches_value"/>
    <testcase time="5.614" classname="robust_map" name="robust_mean_div_is_visible_when_analysis_type_is_BSAFE_CHOICES_SEL_ANALYSIS_2_"/>
    <testcase time="2.322" classname="robust_map" name="can_read_and_change_informative_prior_mean"/>
  </testsuite>
  <testsuite name="select_analysis" timestamp="2024-05-16T10:37:57Z" hostname="b3e89d9e05db" tests="16" skipped="0" failures="0" errors="0" time="7.953">
    <testcase time="0.0699999999999932" classname="select_analysis" name="get_arm_choices_and_selection_returns_correct_choices_when_previous_selection_is_empty"/>
    <testcase time="0.00399999999999068" classname="select_analysis" name="get_arm_choices_and_selection_returns_correct_selected_value_when_previous_selection_is_empty"/>
    <testcase time="0.00300000000001432" classname="select_analysis" name="get_arm_choices_and_selection_returns_correct_choices_when_previous_selection_is_not_empty"/>
    <testcase time="0.00399999999999068" classname="select_analysis" name="get_arm_choices_and_selection_returns_correct_selected_value_when_previous_selection_is_not_empty"/>
    <testcase time="0.00300000000001432" classname="select_analysis" name="get_safety_topic_choices_and_selection_returns_correct_choices_when_there_are_choices"/>
    <testcase time="0.0029999999999859" classname="select_analysis" name="get_safety_topic_choices_and_selection_returns_correct_selected_value_when_there_are_choices"/>
    <testcase time="0.00399999999999068" classname="select_analysis" name="get_safety_topic_choices_and_selection_returns_correct_choices_when_previous_selection_is_not_empty"/>
    <testcase time="0.00300000000001432" classname="select_analysis" name="get_safety_topic_choices_and_selection_returns_correct_selected_value_when_previous_selection_is_not_empty"/>
    <testcase time="0.0029999999999859" classname="select_analysis" name="get_safety_topic_choices_and_selection_returns_NULL_choices_when_there_are_no_choices"/>
    <testcase time="0.00500000000002387" classname="select_analysis" name="get_safety_topic_choices_and_selection_returns_NULL_selected_value_when_there_are_no_choices"/>
    <testcase time="3.755" classname="select_analysis" name="can_read_and_change_treatment"/>
    <testcase time="0.965000000000003" classname="select_analysis" name="can_read_and_change_change_analysis_type"/>
    <testcase time="0.984999999999985" classname="select_analysis" name="can_read_and_change_safety_topic"/>
    <testcase time="0.914999999999992" classname="select_analysis" name="can_read_and_change_seed"/>
    <testcase time="0.405000000000001" classname="select_analysis" name="returned_data_is_a_data.frame"/>
    <testcase time="0.826000000000022" classname="select_analysis" name="exported_data_code_matches_output"/>
  </testsuite>
  <testsuite name="utils" timestamp="2024-05-16T10:38:04Z" hostname="b3e89d9e05db" tests="5" skipped="0" failures="0" errors="0" time="0.074">
    <testcase time="0.0609999999999786" classname="utils" name="_returns_a_when_a_is_not_NULL_not_NA_and_has_length_0"/>
    <testcase time="0.0040000000000191" classname="utils" name="_returns_b_when_a_is_NULL"/>
    <testcase time="0.0029999999999859" classname="utils" name="_returns_b_when_a_is_NA"/>
    <testcase time="0.00300000000001432" classname="utils" name="_returns_b_when_a_is_an_empty_vector"/>
    <testcase time="0.0029999999999859" classname="utils" name="_returns_b_when_a_is_a_vector_with_length_0"/>
  </testsuite>
</testsuites>
