<?xml version="1.0" encoding="UTF-8"?>
<testsuites>
  <testsuite name="bsafe_app" timestamp="2025-04-07T15:48:57Z" hostname="c69584939776" tests="2" skipped="0" failures="0" errors="0" time="14.643">
    <testcase time="7.416" classname="bsafe_app" name="bsafe_module_starts"/>
    <testcase time="7.227" classname="bsafe_app" name="tm_bsafe_starts"/>
  </testsuite>
  <testsuite name="decision_making" timestamp="2025-04-07T15:49:14Z" hostname="c69584939776" tests="16" skipped="1" failures="0" errors="0" time="31.452">
    <testcase time="2.574" classname="decision_making" name="calc_log_hazard_area_returns_correct_values"/>
    <testcase time="0.0159999999999982" classname="decision_making" name="calc_param_approx_boundaries_returns_correct_lower_and_upper_boundaries">
      <skipped message="Reason: On CRAN ('test-decision_making.R:12:5')"/>
    </testcase>
    <testcase time="8.641" classname="decision_making" name="can_read_and_change_distribution"/>
    <testcase time="1.94" classname="decision_making" name="can_read_and_change_non_ae_perc_slider"/>
    <testcase time="0.0180000000000007" classname="decision_making" name="ae_div_is_hidden_when_analysis_type_is_BSAFE_CHOICES_SEL_ANALYSIS_1_"/>
    <testcase time="0.0110000000000028" classname="decision_making" name="inci_div_is_visible_when_analysis_type_is_BSAFE_CHOICES_SEL_ANALYSIS_1_"/>
    <testcase time="0.955999999999996" classname="decision_making" name="header_element_is_present"/>
    <testcase time="0.995000000000005" classname="decision_making" name="preface_element_is_present"/>
    <testcase time="1.047" classname="decision_making" name="plot_is_present"/>
    <testcase time="1.204" classname="decision_making" name="auc_text_element_is_present"/>
    <testcase time="0.951000000000001" classname="decision_making" name="preset_statements_table_is_present"/>
    <testcase time="2.073" classname="decision_making" name="exported_preset_statements_code_matches_output"/>
    <testcase time="2.574" classname="decision_making" name="exported_plot_code_matches_output"/>
    <testcase time="8.432" classname="decision_making" name="can_read_and_change_ae_perc_slider"/>
    <testcase time="0.0110000000000028" classname="decision_making" name="ae_div_is_hidden_when_analysis_type_is_BSAFE_CHOICES_SEL_ANALYSIS_2_"/>
    <testcase time="0.00900000000000034" classname="decision_making" name="inci_div_is_visible_when_analysis_type_is_BSAFE_CHOICES_SEL_ANALYSIS_2_"/>
  </testsuite>
  <testsuite name="map_prior" timestamp="2025-04-07T15:49:43Z" hostname="c69584939776" tests="27" skipped="0" failures="0" errors="0" time="77.556">
    <testcase time="0.339999999999996" classname="map_prior" name="preface_prior_txt_returns_correct_preface_for_MAP_approach"/>
    <testcase time="0.00600000000000023" classname="map_prior" name="preface_prior_txt_returns_correct_preface_for_log_scale_approach"/>
    <testcase time="0.00900000000000034" classname="map_prior" name="preface_prior_txt_returns_an_error_for_unknown_selection_analysis"/>
    <testcase time="11.163" classname="map_prior" name="map_prior_is_calculated_when_button_is_pressed"/>
    <testcase time="1.764" classname="map_prior" name="forest_plot_is_present"/>
    <testcase time="2.033" classname="map_prior" name="mix_density_plot_is_present"/>
    <testcase time="1.69799999999999" classname="map_prior" name="preface_prior_text_is_present"/>
    <testcase time="1.68900000000001" classname="map_prior" name="density_function_is_present"/>
    <testcase time="1.786" classname="map_prior" name="summary_table_is_present"/>
    <testcase time="2.066" classname="map_prior" name="map_mcmc_returned_values_is_a_gMAP_object"/>
    <testcase time="1.68599999999999" classname="map_prior" name="param_approx_returned_values_is_a_EM_object"/>
    <testcase time="1.837" classname="map_prior" name="adj_tau_returned_values_is_a_numeric"/>
    <testcase time="1.785" classname="map_prior" name="ess_method_is_a_subset_from_BSAFE_CHOICES_SEL_ESS_METHOD"/>
    <testcase time="1.982" classname="map_prior" name="forest_plot_is_a_ggplot"/>
    <testcase time="2.07300000000001" classname="map_prior" name="map_summary_table_is_a_data.frame"/>
    <testcase time="4.50099999999999" classname="map_prior" name="map_mcmc_code_eval_matches_print"/>
    <testcase time="4.84" classname="map_prior" name="param_approx_code_eval_matches_print"/>
    <testcase time="1.65599999999999" classname="map_prior" name="adj_tau_code_eval_matches_value"/>
    <testcase time="4.95100000000001" classname="map_prior" name="forest_plot_code_eval_matches_plot"/>
    <testcase time="4.843" classname="map_prior" name="map_summary_table_code_eval_matches_value"/>
    <testcase time="6.19399999999999" classname="map_prior" name="can_read_and_change_tau"/>
    <testcase time="1.21400000000001" classname="map_prior" name="can_read_and_change_hist_borrow"/>
    <testcase time="5.10499999999999" classname="map_prior" name="can_read_and_change_effective_sampling_method"/>
    <testcase time="1.173" classname="map_prior" name="menu_prior_is_invalidated_when_any_change_in_the_input_values_to_map_prior_happens"/>
    <testcase time="3.93300000000001" classname="map_prior" name="menu_prior_is_invalidated_when_any_change_in_the_input_values_to_map_prior_happens"/>
    <testcase time="3.65600000000001" classname="map_prior" name="menu_prior_is_invalidated_when_any_change_in_the_input_values_to_map_prior_happens"/>
    <testcase time="3.57299999999998" classname="map_prior" name="menu_prior_is_invalidated_when_any_change_in_the_input_values_to_map_prior_happens"/>
  </testsuite>
  <testsuite name="new_trial_analysis" timestamp="2025-04-07T15:51:06Z" hostname="c69584939776" tests="23" skipped="0" failures="0" errors="0" time="28.398">
    <testcase time="5.54300000000001" classname="new_trial_analysis" name="ae_div_side_and_main_is_hidden_when_analysis_type_is_BSAFE_CHOICES_SEL_ANALYSIS_1_"/>
    <testcase time="0.00600000000000023" classname="new_trial_analysis" name="ae_div_side_and_main_is_hidden_when_analysis_type_is_BSAFE_CHOICES_SEL_ANALYSIS_1_"/>
    <testcase time="0.00900000000001455" classname="new_trial_analysis" name="inci_div_side_and_main_is_visible_when_analysis_type_is_BSAFE_CHOICES_SEL_ANALYSIS_1_"/>
    <testcase time="0.00600000000000023" classname="new_trial_analysis" name="inci_div_side_and_main_is_visible_when_analysis_type_is_BSAFE_CHOICES_SEL_ANALYSIS_1_"/>
    <testcase time="2.053" classname="new_trial_analysis" name="can_read_and_change_number_of_patients"/>
    <testcase time="1.684" classname="new_trial_analysis" name="can_read_and_change_number_of_patients_with_AE"/>
    <testcase time="1.779" classname="new_trial_analysis" name="number_of_patients_with_AE_slider_is_updated_when_number_of_patients_change"/>
    <testcase time="1.71899999999999" classname="new_trial_analysis" name="number_of_patients_with_AE_slider_is_updated_when_number_of_patients_change"/>
    <testcase time="0.885999999999996" classname="new_trial_analysis" name="mix_density_plot_is_present"/>
    <testcase time="0.864000000000004" classname="new_trial_analysis" name="summary_table_is_present"/>
    <testcase time="0.867999999999995" classname="new_trial_analysis" name="new_trial_analysis_is_a_string"/>
    <testcase time="0.908000000000015" classname="new_trial_analysis" name="post_dist_is_a_string"/>
    <testcase time="0.863" classname="new_trial_analysis" name="current_trial_data_is_a_string"/>
    <testcase time="0.875" classname="new_trial_analysis" name="compare_plot_is_a_ggplot"/>
    <testcase time="0.865999999999985" classname="new_trial_analysis" name="map_summary_table_is_a_data.frame"/>
    <testcase time="1.23699999999999" classname="new_trial_analysis" name="compare_plot_code_eval_matches_plot"/>
    <testcase time="0.957000000000022" classname="new_trial_analysis" name="compare_summary_table_code_eval_matches_value"/>
    <testcase time="4.95599999999999" classname="new_trial_analysis" name="ae_div_side_and_main_is_visible_when_analysis_type_is_BSAFE_CHOICES_SEL_ANALYSIS_2_"/>
    <testcase time="0.00600000000000023" classname="new_trial_analysis" name="ae_div_side_and_main_is_visible_when_analysis_type_is_BSAFE_CHOICES_SEL_ANALYSIS_2_"/>
    <testcase time="0.00999999999999091" classname="new_trial_analysis" name="inci_div_side_and_main_is_hidden_when_analysis_type_is_BSAFE_CHOICES_SEL_ANALYSIS_2_"/>
    <testcase time="0.00600000000000023" classname="new_trial_analysis" name="inci_div_side_and_main_is_hidden_when_analysis_type_is_BSAFE_CHOICES_SEL_ANALYSIS_2_"/>
    <testcase time="1.22" classname="new_trial_analysis" name="can_read_and_change_first_occurence"/>
    <testcase time="1.07700000000003" classname="new_trial_analysis" name="can_read_and_change_cummulative_time"/>
  </testsuite>
  <testsuite name="robust_map" timestamp="2025-04-07T15:51:29Z" hostname="c69584939776" tests="18" skipped="0" failures="0" errors="0" time="36.143">
    <testcase time="0.319999999999993" classname="robust_map" name="preface_rob_txt_returns_correct_preface_for_weakly_informative_conjugate_component"/>
    <testcase time="0.00600000000000023" classname="robust_map" name="preface_rob_txt_returns_correct_preface_for_EX_NEX_approach"/>
    <testcase time="0.00600000000000023" classname="robust_map" name="preface_rob_txt_returns_NULL_for_unknown_selection_analysis"/>
    <testcase time="5.33599999999998" classname="robust_map" name="robust_mean_div_is_hidden_when_analysis_type_is_BSAFE_CHOICES_SEL_ANALYSIS_1_"/>
    <testcase time="2.74299999999999" classname="robust_map" name="can_read_and_informative_prior_weight"/>
    <testcase time="5.83800000000002" classname="robust_map" name="can_read_and_change_ess_method"/>
    <testcase time="1.322" classname="robust_map" name="robust_map_mcmc_is_data.frame"/>
    <testcase time="1.28999999999999" classname="robust_map" name="robust_plot_is_ggplot"/>
    <testcase time="1.35300000000001" classname="robust_map" name="robust_summary_is_data.frame"/>
    <testcase time="1.333" classname="robust_map" name="preface_text_is_present"/>
    <testcase time="1.43799999999999" classname="robust_map" name="density_function_is_present"/>
    <testcase time="1.30799999999999" classname="robust_map" name="robust_map_plot_is_present"/>
    <testcase time="1.333" classname="robust_map" name="table_is_present"/>
    <testcase time="1.53800000000001" classname="robust_map" name="robust_map_mcmc_code_eval_matches_value"/>
    <testcase time="1.745" classname="robust_map" name="robust_plot_code_eval_matches_value"/>
    <testcase time="1.524" classname="robust_map" name="robust_summary_code_eval_matches_value"/>
    <testcase time="5.273" classname="robust_map" name="robust_mean_div_is_visible_when_analysis_type_is_BSAFE_CHOICES_SEL_ANALYSIS_2_"/>
    <testcase time="2.43700000000001" classname="robust_map" name="can_read_and_change_informative_prior_mean"/>
  </testsuite>
  <testsuite name="select_analysis" timestamp="2025-04-07T15:52:05Z" hostname="c69584939776" tests="16" skipped="0" failures="0" errors="0" time="8.072">
    <testcase time="0.336999999999989" classname="select_analysis" name="get_arm_choices_and_selection_returns_correct_choices_when_previous_selection_is_empty"/>
    <testcase time="0.00600000000000023" classname="select_analysis" name="get_arm_choices_and_selection_returns_correct_selected_value_when_previous_selection_is_empty"/>
    <testcase time="0.00600000000000023" classname="select_analysis" name="get_arm_choices_and_selection_returns_correct_choices_when_previous_selection_is_not_empty"/>
    <testcase time="0.00600000000000023" classname="select_analysis" name="get_arm_choices_and_selection_returns_correct_selected_value_when_previous_selection_is_not_empty"/>
    <testcase time="0.00600000000000023" classname="select_analysis" name="get_safety_topic_choices_and_selection_returns_correct_choices_when_there_are_choices"/>
    <testcase time="0.00600000000000023" classname="select_analysis" name="get_safety_topic_choices_and_selection_returns_correct_selected_value_when_there_are_choices"/>
    <testcase time="0.00600000000000023" classname="select_analysis" name="get_safety_topic_choices_and_selection_returns_correct_choices_when_previous_selection_is_not_empty"/>
    <testcase time="0.00600000000000023" classname="select_analysis" name="get_safety_topic_choices_and_selection_returns_correct_selected_value_when_previous_selection_is_not_empty"/>
    <testcase time="0.00600000000000023" classname="select_analysis" name="get_safety_topic_choices_and_selection_returns_NULL_choices_when_there_are_no_choices"/>
    <testcase time="0.00600000000000023" classname="select_analysis" name="get_safety_topic_choices_and_selection_returns_NULL_selected_value_when_there_are_no_choices"/>
    <testcase time="3.661" classname="select_analysis" name="can_read_and_change_treatment"/>
    <testcase time="0.960000000000008" classname="select_analysis" name="can_read_and_change_change_analysis_type"/>
    <testcase time="0.949999999999989" classname="select_analysis" name="can_read_and_change_safety_topic"/>
    <testcase time="0.915999999999997" classname="select_analysis" name="can_read_and_change_seed"/>
    <testcase time="0.39500000000001" classname="select_analysis" name="returned_data_is_a_data.frame"/>
    <testcase time="0.798999999999978" classname="select_analysis" name="exported_data_code_matches_output"/>
  </testsuite>
  <testsuite name="utils" timestamp="2025-04-07T15:52:13Z" hostname="c69584939776" tests="5" skipped="0" failures="0" errors="0" time="0.091">
    <testcase time="0.0670000000000073" classname="utils" name="_returns_a_when_a_is_not_NULL_not_NA_and_has_length_0"/>
    <testcase time="0.00600000000000023" classname="utils" name="_returns_b_when_a_is_NULL"/>
    <testcase time="0.00600000000000023" classname="utils" name="_returns_b_when_a_is_NA"/>
    <testcase time="0.00600000000000023" classname="utils" name="_returns_b_when_a_is_an_empty_vector"/>
    <testcase time="0.00600000000000023" classname="utils" name="_returns_b_when_a_is_a_vector_with_length_0"/>
  </testsuite>
</testsuites>
