<?xml version="1.0" encoding="UTF-8"?>
<testsuites>
  <testsuite name="bsafe_app" timestamp="2024-09-16T11:41:08Z" hostname="47db3bdf8630" tests="2" skipped="0" failures="0" errors="0" time="15.334">
    <testcase time="7.712" classname="bsafe_app" name="bsafe_module_starts"/>
    <testcase time="7.622" classname="bsafe_app" name="tm_bsafe_starts"/>
  </testsuite>
  <testsuite name="decision_making" timestamp="2024-09-16T11:41:26Z" hostname="47db3bdf8630" tests="16" skipped="1" failures="0" errors="0" time="33.434">
    <testcase time="3.387" classname="decision_making" name="calc_log_hazard_area_returns_correct_values"/>
    <testcase time="0.0159999999999982" classname="decision_making" name="calc_param_approx_boundaries_returns_correct_lower_and_upper_boundaries">
      <skipped message="Reason: On CRAN ('test-decision_making.R:12:5')"/>
    </testcase>
    <testcase time="9.303" classname="decision_making" name="can_read_and_change_distribution"/>
    <testcase time="1.979" classname="decision_making" name="can_read_and_change_non_ae_perc_slider"/>
    <testcase time="0.0109999999999992" classname="decision_making" name="ae_div_is_hidden_when_analysis_type_is_BSAFE_CHOICES_SEL_ANALYSIS_1_"/>
    <testcase time="0.0850000000000009" classname="decision_making" name="inci_div_is_visible_when_analysis_type_is_BSAFE_CHOICES_SEL_ANALYSIS_1_"/>
    <testcase time="0.964000000000002" classname="decision_making" name="header_element_is_present"/>
    <testcase time="0.963999999999999" classname="decision_making" name="preface_element_is_present"/>
    <testcase time="0.969999999999999" classname="decision_making" name="plot_is_present"/>
    <testcase time="0.966999999999999" classname="decision_making" name="auc_text_element_is_present"/>
    <testcase time="1.20200000000001" classname="decision_making" name="preset_statements_table_is_present"/>
    <testcase time="2.065" classname="decision_making" name="exported_preset_statements_code_matches_output"/>
    <testcase time="2.446" classname="decision_making" name="exported_plot_code_matches_output"/>
    <testcase time="9.055" classname="decision_making" name="can_read_and_change_ae_perc_slider"/>
    <testcase time="0.0100000000000051" classname="decision_making" name="ae_div_is_hidden_when_analysis_type_is_BSAFE_CHOICES_SEL_ANALYSIS_2_"/>
    <testcase time="0.00999999999999801" classname="decision_making" name="inci_div_is_visible_when_analysis_type_is_BSAFE_CHOICES_SEL_ANALYSIS_2_"/>
  </testsuite>
  <testsuite name="map_prior" timestamp="2024-09-16T11:41:57Z" hostname="47db3bdf8630" tests="27" skipped="0" failures="0" errors="0" time="84.46">
    <testcase time="0.336999999999996" classname="map_prior" name="preface_prior_txt_returns_correct_preface_for_MAP_approach"/>
    <testcase time="0.00600000000000023" classname="map_prior" name="preface_prior_txt_returns_correct_preface_for_log_scale_approach"/>
    <testcase time="0.0100000000000051" classname="map_prior" name="preface_prior_txt_returns_an_error_for_unknown_selection_analysis"/>
    <testcase time="12.847" classname="map_prior" name="map_prior_is_calculated_when_button_is_pressed"/>
    <testcase time="1.809" classname="map_prior" name="forest_plot_is_present"/>
    <testcase time="2.05499999999999" classname="map_prior" name="mix_density_plot_is_present"/>
    <testcase time="2.041" classname="map_prior" name="preface_prior_text_is_present"/>
    <testcase time="1.74600000000001" classname="map_prior" name="density_function_is_present"/>
    <testcase time="1.75999999999999" classname="map_prior" name="summary_table_is_present"/>
    <testcase time="1.845" classname="map_prior" name="map_mcmc_returned_values_is_a_gMAP_object"/>
    <testcase time="2.21400000000001" classname="map_prior" name="param_approx_returned_values_is_a_EM_object"/>
    <testcase time="1.708" classname="map_prior" name="adj_tau_returned_values_is_a_numeric"/>
    <testcase time="1.753" classname="map_prior" name="ess_method_is_a_subset_from_BSAFE_CHOICES_SEL_ESS_METHOD"/>
    <testcase time="2.151" classname="map_prior" name="forest_plot_is_a_ggplot"/>
    <testcase time="1.756" classname="map_prior" name="map_summary_table_is_a_data.frame"/>
    <testcase time="5.68599999999999" classname="map_prior" name="map_mcmc_code_eval_matches_print"/>
    <testcase time="5.53800000000001" classname="map_prior" name="param_approx_code_eval_matches_print"/>
    <testcase time="1.777" classname="map_prior" name="adj_tau_code_eval_matches_value"/>
    <testcase time="6.005" classname="map_prior" name="forest_plot_code_eval_matches_plot"/>
    <testcase time="5.53399999999999" classname="map_prior" name="map_summary_table_code_eval_matches_value"/>
    <testcase time="6.38300000000001" classname="map_prior" name="can_read_and_change_tau"/>
    <testcase time="1.175" classname="map_prior" name="can_read_and_change_hist_borrow"/>
    <testcase time="5.104" classname="map_prior" name="can_read_and_change_effective_sampling_method"/>
    <testcase time="1.128" classname="map_prior" name="menu_prior_is_invalidated_when_any_change_in_the_input_values_to_map_prior_happens"/>
    <testcase time="4.258" classname="map_prior" name="menu_prior_is_invalidated_when_any_change_in_the_input_values_to_map_prior_happens"/>
    <testcase time="3.90800000000002" classname="map_prior" name="menu_prior_is_invalidated_when_any_change_in_the_input_values_to_map_prior_happens"/>
    <testcase time="3.92599999999999" classname="map_prior" name="menu_prior_is_invalidated_when_any_change_in_the_input_values_to_map_prior_happens"/>
  </testsuite>
  <testsuite name="new_trial_analysis" timestamp="2024-09-16T11:43:27Z" hostname="47db3bdf8630" tests="23" skipped="0" failures="0" errors="0" time="30.789">
    <testcase time="6.37800000000001" classname="new_trial_analysis" name="ae_div_side_and_main_is_hidden_when_analysis_type_is_BSAFE_CHOICES_SEL_ANALYSIS_1_"/>
    <testcase time="0.00600000000000023" classname="new_trial_analysis" name="ae_div_side_and_main_is_hidden_when_analysis_type_is_BSAFE_CHOICES_SEL_ANALYSIS_1_"/>
    <testcase time="0.00999999999999091" classname="new_trial_analysis" name="inci_div_side_and_main_is_visible_when_analysis_type_is_BSAFE_CHOICES_SEL_ANALYSIS_1_"/>
    <testcase time="0.00600000000000023" classname="new_trial_analysis" name="inci_div_side_and_main_is_visible_when_analysis_type_is_BSAFE_CHOICES_SEL_ANALYSIS_1_"/>
    <testcase time="2.15299999999999" classname="new_trial_analysis" name="can_read_and_change_number_of_patients"/>
    <testcase time="1.727" classname="new_trial_analysis" name="can_read_and_change_number_of_patients_with_AE"/>
    <testcase time="1.86600000000001" classname="new_trial_analysis" name="number_of_patients_with_AE_slider_is_updated_when_number_of_patients_change"/>
    <testcase time="1.71499999999997" classname="new_trial_analysis" name="number_of_patients_with_AE_slider_is_updated_when_number_of_patients_change"/>
    <testcase time="0.926000000000016" classname="new_trial_analysis" name="mix_density_plot_is_present"/>
    <testcase time="0.935000000000002" classname="new_trial_analysis" name="summary_table_is_present"/>
    <testcase time="0.930999999999983" classname="new_trial_analysis" name="new_trial_analysis_is_a_string"/>
    <testcase time="0.954000000000008" classname="new_trial_analysis" name="post_dist_is_a_string"/>
    <testcase time="0.937000000000012" classname="new_trial_analysis" name="current_trial_data_is_a_string"/>
    <testcase time="0.929999999999978" classname="new_trial_analysis" name="compare_plot_is_a_ggplot"/>
    <testcase time="0.924000000000007" classname="new_trial_analysis" name="map_summary_table_is_a_data.frame"/>
    <testcase time="1.31299999999999" classname="new_trial_analysis" name="compare_plot_code_eval_matches_plot"/>
    <testcase time="1.04300000000001" classname="new_trial_analysis" name="compare_summary_table_code_eval_matches_value"/>
    <testcase time="5.72499999999999" classname="new_trial_analysis" name="ae_div_side_and_main_is_visible_when_analysis_type_is_BSAFE_CHOICES_SEL_ANALYSIS_2_"/>
    <testcase time="0.00600000000000023" classname="new_trial_analysis" name="ae_div_side_and_main_is_visible_when_analysis_type_is_BSAFE_CHOICES_SEL_ANALYSIS_2_"/>
    <testcase time="0.0100000000000193" classname="new_trial_analysis" name="inci_div_side_and_main_is_hidden_when_analysis_type_is_BSAFE_CHOICES_SEL_ANALYSIS_2_"/>
    <testcase time="0.00499999999999545" classname="new_trial_analysis" name="inci_div_side_and_main_is_hidden_when_analysis_type_is_BSAFE_CHOICES_SEL_ANALYSIS_2_"/>
    <testcase time="1.20599999999999" classname="new_trial_analysis" name="can_read_and_change_first_occurence"/>
    <testcase time="1.083" classname="new_trial_analysis" name="can_read_and_change_cummulative_time"/>
  </testsuite>
  <testsuite name="robust_map" timestamp="2024-09-16T11:43:52Z" hostname="47db3bdf8630" tests="18" skipped="0" failures="0" errors="0" time="38.442">
    <testcase time="0.320000000000022" classname="robust_map" name="preface_rob_txt_returns_correct_preface_for_weakly_informative_conjugate_component"/>
    <testcase time="0.00600000000000023" classname="robust_map" name="preface_rob_txt_returns_correct_preface_for_EX_NEX_approach"/>
    <testcase time="0.00600000000000023" classname="robust_map" name="preface_rob_txt_returns_NULL_for_unknown_selection_analysis"/>
    <testcase time="6.077" classname="robust_map" name="robust_mean_div_is_hidden_when_analysis_type_is_BSAFE_CHOICES_SEL_ANALYSIS_1_"/>
    <testcase time="2.596" classname="robust_map" name="can_read_and_informative_prior_weight"/>
    <testcase time="5.90699999999998" classname="robust_map" name="can_read_and_change_ess_method"/>
    <testcase time="1.386" classname="robust_map" name="robust_map_mcmc_is_data.frame"/>
    <testcase time="1.60600000000002" classname="robust_map" name="robust_plot_is_ggplot"/>
    <testcase time="1.398" classname="robust_map" name="robust_summary_is_data.frame"/>
    <testcase time="1.41799999999998" classname="robust_map" name="preface_text_is_present"/>
    <testcase time="1.42000000000002" classname="robust_map" name="density_function_is_present"/>
    <testcase time="1.39699999999999" classname="robust_map" name="robust_map_plot_is_present"/>
    <testcase time="1.42500000000001" classname="robust_map" name="table_is_present"/>
    <testcase time="1.78899999999999" classname="robust_map" name="robust_map_mcmc_code_eval_matches_value"/>
    <testcase time="1.75300000000001" classname="robust_map" name="robust_plot_code_eval_matches_value"/>
    <testcase time="1.5" classname="robust_map" name="robust_summary_code_eval_matches_value"/>
    <testcase time="5.85299999999998" classname="robust_map" name="robust_mean_div_is_visible_when_analysis_type_is_BSAFE_CHOICES_SEL_ANALYSIS_2_"/>
    <testcase time="2.58500000000001" classname="robust_map" name="can_read_and_change_informative_prior_mean"/>
  </testsuite>
  <testsuite name="select_analysis" timestamp="2024-09-16T11:44:30Z" hostname="47db3bdf8630" tests="16" skipped="0" failures="0" errors="0" time="8.074">
    <testcase time="0.313999999999993" classname="select_analysis" name="get_arm_choices_and_selection_returns_correct_choices_when_previous_selection_is_empty"/>
    <testcase time="0.00600000000000023" classname="select_analysis" name="get_arm_choices_and_selection_returns_correct_selected_value_when_previous_selection_is_empty"/>
    <testcase time="0.00600000000000023" classname="select_analysis" name="get_arm_choices_and_selection_returns_correct_choices_when_previous_selection_is_not_empty"/>
    <testcase time="0.00600000000000023" classname="select_analysis" name="get_arm_choices_and_selection_returns_correct_selected_value_when_previous_selection_is_not_empty"/>
    <testcase time="0.00600000000000023" classname="select_analysis" name="get_safety_topic_choices_and_selection_returns_correct_choices_when_there_are_choices"/>
    <testcase time="0.00499999999999545" classname="select_analysis" name="get_safety_topic_choices_and_selection_returns_correct_selected_value_when_there_are_choices"/>
    <testcase time="0.00600000000000023" classname="select_analysis" name="get_safety_topic_choices_and_selection_returns_correct_choices_when_previous_selection_is_not_empty"/>
    <testcase time="0.00600000000000023" classname="select_analysis" name="get_safety_topic_choices_and_selection_returns_correct_selected_value_when_previous_selection_is_not_empty"/>
    <testcase time="0.00600000000000023" classname="select_analysis" name="get_safety_topic_choices_and_selection_returns_NULL_choices_when_there_are_no_choices"/>
    <testcase time="0.00600000000000023" classname="select_analysis" name="get_safety_topic_choices_and_selection_returns_NULL_selected_value_when_there_are_no_choices"/>
    <testcase time="3.67100000000002" classname="select_analysis" name="can_read_and_change_treatment"/>
    <testcase time="0.97199999999998" classname="select_analysis" name="can_read_and_change_change_analysis_type"/>
    <testcase time="0.957000000000022" classname="select_analysis" name="can_read_and_change_safety_topic"/>
    <testcase time="0.912999999999982" classname="select_analysis" name="can_read_and_change_seed"/>
    <testcase time="0.402000000000015" classname="select_analysis" name="returned_data_is_a_data.frame"/>
    <testcase time="0.792000000000002" classname="select_analysis" name="exported_data_code_matches_output"/>
  </testsuite>
  <testsuite name="utils" timestamp="2024-09-16T11:44:38Z" hostname="47db3bdf8630" tests="5" skipped="0" failures="0" errors="0" time="0.085">
    <testcase time="0.0619999999999834" classname="utils" name="_returns_a_when_a_is_not_NULL_not_NA_and_has_length_0"/>
    <testcase time="0.00600000000000023" classname="utils" name="_returns_b_when_a_is_NULL"/>
    <testcase time="0.00600000000000023" classname="utils" name="_returns_b_when_a_is_NA"/>
    <testcase time="0.00600000000000023" classname="utils" name="_returns_b_when_a_is_an_empty_vector"/>
    <testcase time="0.00499999999999545" classname="utils" name="_returns_b_when_a_is_a_vector_with_length_0"/>
  </testsuite>
</testsuites>
