<?xml version="1.0" encoding="UTF-8"?>
<testsuites>
  <testsuite name="bsafe_app" timestamp="2024-08-23T12:08:42Z" hostname="92a56daa8bbd" tests="2" skipped="0" failures="0" errors="0" time="14.991">
    <testcase time="7.522" classname="bsafe_app" name="bsafe_module_starts"/>
    <testcase time="7.469" classname="bsafe_app" name="tm_bsafe_starts"/>
  </testsuite>
  <testsuite name="decision_making" timestamp="2024-08-23T12:09:00Z" hostname="92a56daa8bbd" tests="16" skipped="1" failures="1" errors="0" time="33.851">
    <testcase time="3.469" classname="decision_making" name="calc_log_hazard_area_returns_correct_values">
      <failure type="failure" message="`result` (`actual`) not equal to `expected` (`expected`). ('test-decision_making.R:7:5')">`result` (`actual`) not equal to `expected` (`expected`).

  `actual`: 0.01 0.47
`expected`: 0.03 0.38</failure>
    </testcase>
    <testcase time="0.0799999999999983" classname="decision_making" name="calc_param_approx_boundaries_returns_correct_lower_and_upper_boundaries">
      <skipped message="Reason: On CRAN ('test-decision_making.R:12:5')"/>
    </testcase>
    <testcase time="9.44" classname="decision_making" name="can_read_and_change_distribution"/>
    <testcase time="1.927" classname="decision_making" name="can_read_and_change_non_ae_perc_slider"/>
    <testcase time="0.0100000000000016" classname="decision_making" name="ae_div_is_hidden_when_analysis_type_is_BSAFE_CHOICES_SEL_ANALYSIS_1_"/>
    <testcase time="0.00999999999999801" classname="decision_making" name="inci_div_is_visible_when_analysis_type_is_BSAFE_CHOICES_SEL_ANALYSIS_1_"/>
    <testcase time="0.952999999999999" classname="decision_making" name="header_element_is_present"/>
    <testcase time="0.956" classname="decision_making" name="preface_element_is_present"/>
    <testcase time="0.981000000000002" classname="decision_making" name="plot_is_present"/>
    <testcase time="0.945" classname="decision_making" name="auc_text_element_is_present"/>
    <testcase time="0.978000000000002" classname="decision_making" name="preset_statements_table_is_present"/>
    <testcase time="2.17899999999999" classname="decision_making" name="exported_preset_statements_code_matches_output"/>
    <testcase time="2.663" classname="decision_making" name="exported_plot_code_matches_output"/>
    <testcase time="9.24" classname="decision_making" name="can_read_and_change_ae_perc_slider"/>
    <testcase time="0.0109999999999957" classname="decision_making" name="ae_div_is_hidden_when_analysis_type_is_BSAFE_CHOICES_SEL_ANALYSIS_2_"/>
    <testcase time="0.00900000000000034" classname="decision_making" name="inci_div_is_visible_when_analysis_type_is_BSAFE_CHOICES_SEL_ANALYSIS_2_"/>
  </testsuite>
  <testsuite name="map_prior" timestamp="2024-08-23T12:09:31Z" hostname="92a56daa8bbd" tests="27" skipped="0" failures="0" errors="0" time="85.126">
    <testcase time="0.344000000000001" classname="map_prior" name="preface_prior_txt_returns_correct_preface_for_MAP_approach"/>
    <testcase time="0.00600000000000023" classname="map_prior" name="preface_prior_txt_returns_correct_preface_for_log_scale_approach"/>
    <testcase time="0.00999999999999801" classname="map_prior" name="preface_prior_txt_returns_an_error_for_unknown_selection_analysis"/>
    <testcase time="13.1" classname="map_prior" name="map_prior_is_calculated_when_button_is_pressed"/>
    <testcase time="1.85700000000001" classname="map_prior" name="forest_plot_is_present"/>
    <testcase time="2.158" classname="map_prior" name="mix_density_plot_is_present"/>
    <testcase time="1.74299999999999" classname="map_prior" name="preface_prior_text_is_present"/>
    <testcase time="1.765" classname="map_prior" name="density_function_is_present"/>
    <testcase time="1.846" classname="map_prior" name="summary_table_is_present"/>
    <testcase time="2.04299999999999" classname="map_prior" name="map_mcmc_returned_values_is_a_gMAP_object"/>
    <testcase time="1.84700000000001" classname="map_prior" name="param_approx_returned_values_is_a_EM_object"/>
    <testcase time="1.749" classname="map_prior" name="adj_tau_returned_values_is_a_numeric"/>
    <testcase time="1.843" classname="map_prior" name="ess_method_is_a_subset_from_BSAFE_CHOICES_SEL_ESS_METHOD"/>
    <testcase time="1.795" classname="map_prior" name="forest_plot_is_a_ggplot"/>
    <testcase time="1.91999999999999" classname="map_prior" name="map_summary_table_is_a_data.frame"/>
    <testcase time="5.79000000000001" classname="map_prior" name="map_mcmc_code_eval_matches_print"/>
    <testcase time="5.89" classname="map_prior" name="param_approx_code_eval_matches_print"/>
    <testcase time="1.753" classname="map_prior" name="adj_tau_code_eval_matches_value"/>
    <testcase time="5.905" classname="map_prior" name="forest_plot_code_eval_matches_plot"/>
    <testcase time="5.72499999999999" classname="map_prior" name="map_summary_table_code_eval_matches_value"/>
    <testcase time="6.29300000000001" classname="map_prior" name="can_read_and_change_tau"/>
    <testcase time="1.19999999999999" classname="map_prior" name="can_read_and_change_hist_borrow"/>
    <testcase time="5.11" classname="map_prior" name="can_read_and_change_effective_sampling_method"/>
    <testcase time="1.214" classname="map_prior" name="menu_prior_is_invalidated_when_any_change_in_the_input_values_to_map_prior_happens"/>
    <testcase time="4.35000000000001" classname="map_prior" name="menu_prior_is_invalidated_when_any_change_in_the_input_values_to_map_prior_happens"/>
    <testcase time="3.92899999999999" classname="map_prior" name="menu_prior_is_invalidated_when_any_change_in_the_input_values_to_map_prior_happens"/>
    <testcase time="3.941" classname="map_prior" name="menu_prior_is_invalidated_when_any_change_in_the_input_values_to_map_prior_happens"/>
  </testsuite>
  <testsuite name="new_trial_analysis" timestamp="2024-08-23T12:11:02Z" hostname="92a56daa8bbd" tests="23" skipped="0" failures="0" errors="0" time="30.685">
    <testcase time="6.56800000000001" classname="new_trial_analysis" name="ae_div_side_and_main_is_hidden_when_analysis_type_is_BSAFE_CHOICES_SEL_ANALYSIS_1_"/>
    <testcase time="0.00600000000000023" classname="new_trial_analysis" name="ae_div_side_and_main_is_hidden_when_analysis_type_is_BSAFE_CHOICES_SEL_ANALYSIS_1_"/>
    <testcase time="0.00999999999999091" classname="new_trial_analysis" name="inci_div_side_and_main_is_visible_when_analysis_type_is_BSAFE_CHOICES_SEL_ANALYSIS_1_"/>
    <testcase time="0.00600000000000023" classname="new_trial_analysis" name="inci_div_side_and_main_is_visible_when_analysis_type_is_BSAFE_CHOICES_SEL_ANALYSIS_1_"/>
    <testcase time="2.08799999999999" classname="new_trial_analysis" name="can_read_and_change_number_of_patients"/>
    <testcase time="1.72200000000001" classname="new_trial_analysis" name="can_read_and_change_number_of_patients_with_AE"/>
    <testcase time="1.81300000000002" classname="new_trial_analysis" name="number_of_patients_with_AE_slider_is_updated_when_number_of_patients_change"/>
    <testcase time="1.75899999999999" classname="new_trial_analysis" name="number_of_patients_with_AE_slider_is_updated_when_number_of_patients_change"/>
    <testcase time="0.921999999999997" classname="new_trial_analysis" name="mix_density_plot_is_present"/>
    <testcase time="0.920000000000016" classname="new_trial_analysis" name="summary_table_is_present"/>
    <testcase time="0.928999999999974" classname="new_trial_analysis" name="new_trial_analysis_is_a_string"/>
    <testcase time="0.943000000000012" classname="new_trial_analysis" name="post_dist_is_a_string"/>
    <testcase time="0.941000000000003" classname="new_trial_analysis" name="current_trial_data_is_a_string"/>
    <testcase time="0.920999999999992" classname="new_trial_analysis" name="compare_plot_is_a_ggplot"/>
    <testcase time="0.925000000000011" classname="new_trial_analysis" name="map_summary_table_is_a_data.frame"/>
    <testcase time="1.321" classname="new_trial_analysis" name="compare_plot_code_eval_matches_plot"/>
    <testcase time="0.990000000000009" classname="new_trial_analysis" name="compare_summary_table_code_eval_matches_value"/>
    <testcase time="5.631" classname="new_trial_analysis" name="ae_div_side_and_main_is_visible_when_analysis_type_is_BSAFE_CHOICES_SEL_ANALYSIS_2_"/>
    <testcase time="0.00600000000000023" classname="new_trial_analysis" name="ae_div_side_and_main_is_visible_when_analysis_type_is_BSAFE_CHOICES_SEL_ANALYSIS_2_"/>
    <testcase time="0.00999999999999091" classname="new_trial_analysis" name="inci_div_side_and_main_is_hidden_when_analysis_type_is_BSAFE_CHOICES_SEL_ANALYSIS_2_"/>
    <testcase time="0.00600000000000023" classname="new_trial_analysis" name="inci_div_side_and_main_is_hidden_when_analysis_type_is_BSAFE_CHOICES_SEL_ANALYSIS_2_"/>
    <testcase time="1.19499999999999" classname="new_trial_analysis" name="can_read_and_change_first_occurence"/>
    <testcase time="1.053" classname="new_trial_analysis" name="can_read_and_change_cummulative_time"/>
  </testsuite>
  <testsuite name="robust_map" timestamp="2024-08-23T12:11:27Z" hostname="92a56daa8bbd" tests="18" skipped="0" failures="2" errors="0" time="38.418">
    <testcase time="0.320999999999998" classname="robust_map" name="preface_rob_txt_returns_correct_preface_for_weakly_informative_conjugate_component">
      <failure type="failure" message="`result` (`actual`) not equal to `expected` (`expected`). ('test-robust_map.R:8:5')">`result` (`actual`) not equal to `expected` (`expected`).

actual vs expected
- "Based on a weakly informative conjugate component with weight w = 0.5 and mean 0.25 the robust MAP prior is approximated as (1-w) * (MAP Prior) + w * (weakly informative prior): "
+ "Based on a weakly informative conjugate component with weight 0.5 and mean 0.25 the robust MAP prior is approximated as w * (MAP Prior) + (1 - w) * (weakly informative prior): "</failure>
    </testcase>
    <testcase time="0.0260000000000105" classname="robust_map" name="preface_rob_txt_returns_correct_preface_for_EX_NEX_approach">
      <failure type="failure" message="`result` (`actual`) not equal to `expected` (`expected`). ('test-robust_map.R:17:5')">`result` (`actual`) not equal to `expected` (`expected`).

actual vs expected
- "Based on a weakly informative conjugate component with w =  0.75 and mean 0.35 on the exp scale (-1.0498 on the log scale) of the robust MAP prior is approximated as  (1 - w) * (MAP prior) + w * (weakly informative prior): "
+ "Based on a EX-NEX approach with non-exchangeable probability P(nex) =  0.75 and mean 0.35 on the log scale of the robust MAP prior is approximated as (1 - P(nex)) * (MAP Prior) + P(nex) * (weakly informative prior): "</failure>
    </testcase>
    <testcase time="0.0139999999999816" classname="robust_map" name="preface_rob_txt_returns_NULL_for_unknown_selection_analysis"/>
    <testcase time="6.18600000000001" classname="robust_map" name="robust_mean_div_is_hidden_when_analysis_type_is_BSAFE_CHOICES_SEL_ANALYSIS_1_"/>
    <testcase time="2.631" classname="robust_map" name="can_read_and_informative_prior_weight"/>
    <testcase time="5.904" classname="robust_map" name="can_read_and_change_ess_method"/>
    <testcase time="1.37300000000002" classname="robust_map" name="robust_map_mcmc_is_data.frame"/>
    <testcase time="1.411" classname="robust_map" name="robust_plot_is_ggplot"/>
    <testcase time="1.411" classname="robust_map" name="robust_summary_is_data.frame"/>
    <testcase time="1.398" classname="robust_map" name="preface_text_is_present"/>
    <testcase time="1.422" classname="robust_map" name="density_function_is_present"/>
    <testcase time="1.40899999999999" classname="robust_map" name="robust_map_plot_is_present"/>
    <testcase time="1.465" classname="robust_map" name="table_is_present"/>
    <testcase time="1.82499999999999" classname="robust_map" name="robust_map_mcmc_code_eval_matches_value"/>
    <testcase time="1.74300000000002" classname="robust_map" name="robust_plot_code_eval_matches_value"/>
    <testcase time="1.48099999999999" classname="robust_map" name="robust_summary_code_eval_matches_value"/>
    <testcase time="5.839" classname="robust_map" name="robust_mean_div_is_visible_when_analysis_type_is_BSAFE_CHOICES_SEL_ANALYSIS_2_"/>
    <testcase time="2.559" classname="robust_map" name="can_read_and_change_informative_prior_mean"/>
  </testsuite>
  <testsuite name="select_analysis" timestamp="2024-08-23T12:12:05Z" hostname="92a56daa8bbd" tests="16" skipped="0" failures="0" errors="0" time="8.261">
    <testcase time="0.322000000000003" classname="select_analysis" name="get_arm_choices_and_selection_returns_correct_choices_when_previous_selection_is_empty"/>
    <testcase time="0.007000000000005" classname="select_analysis" name="get_arm_choices_and_selection_returns_correct_selected_value_when_previous_selection_is_empty"/>
    <testcase time="0.00600000000000023" classname="select_analysis" name="get_arm_choices_and_selection_returns_correct_choices_when_previous_selection_is_not_empty"/>
    <testcase time="0.00600000000000023" classname="select_analysis" name="get_arm_choices_and_selection_returns_correct_selected_value_when_previous_selection_is_not_empty"/>
    <testcase time="0.00600000000000023" classname="select_analysis" name="get_safety_topic_choices_and_selection_returns_correct_choices_when_there_are_choices"/>
    <testcase time="0.00600000000000023" classname="select_analysis" name="get_safety_topic_choices_and_selection_returns_correct_selected_value_when_there_are_choices"/>
    <testcase time="0.00699999999997658" classname="select_analysis" name="get_safety_topic_choices_and_selection_returns_correct_choices_when_previous_selection_is_not_empty"/>
    <testcase time="0.00600000000000023" classname="select_analysis" name="get_safety_topic_choices_and_selection_returns_correct_selected_value_when_previous_selection_is_not_empty"/>
    <testcase time="0.00600000000000023" classname="select_analysis" name="get_safety_topic_choices_and_selection_returns_NULL_choices_when_there_are_no_choices"/>
    <testcase time="0.00600000000000023" classname="select_analysis" name="get_safety_topic_choices_and_selection_returns_NULL_selected_value_when_there_are_no_choices"/>
    <testcase time="3.85500000000002" classname="select_analysis" name="can_read_and_change_treatment"/>
    <testcase time="0.95999999999998" classname="select_analysis" name="can_read_and_change_change_analysis_type"/>
    <testcase time="0.948000000000008" classname="select_analysis" name="can_read_and_change_safety_topic"/>
    <testcase time="0.925000000000011" classname="select_analysis" name="can_read_and_change_seed"/>
    <testcase time="0.399000000000001" classname="select_analysis" name="returned_data_is_a_data.frame"/>
    <testcase time="0.795999999999992" classname="select_analysis" name="exported_data_code_matches_output"/>
  </testsuite>
  <testsuite name="utils" timestamp="2024-08-23T12:12:13Z" hostname="92a56daa8bbd" tests="5" skipped="0" failures="0" errors="0" time="0.088">
    <testcase time="0.0629999999999882" classname="utils" name="_returns_a_when_a_is_not_NULL_not_NA_and_has_length_0"/>
    <testcase time="0.00600000000000023" classname="utils" name="_returns_b_when_a_is_NULL"/>
    <testcase time="0.00600000000000023" classname="utils" name="_returns_b_when_a_is_NA"/>
    <testcase time="0.007000000000005" classname="utils" name="_returns_b_when_a_is_an_empty_vector"/>
    <testcase time="0.00600000000000023" classname="utils" name="_returns_b_when_a_is_a_vector_with_length_0"/>
  </testsuite>
</testsuites>
