<?xml version="1.0" encoding="UTF-8"?>
<testsuites>
  <testsuite name="decision_making" timestamp="2024-05-15T13:15:58Z" hostname="48ee973b61f6" tests="16" skipped="0" failures="0" errors="0" time="34.279">
    <testcase time="0.013" classname="decision_making" name="calc_log_hazard_area_returns_correct_values"/>
    <testcase time="0.0209999999999999" classname="decision_making" name="calc_param_approx_boundaries_returns_correct_lower_and_upper_boundaries"/>
    <testcase time="13.348" classname="decision_making" name="can_read_and_change_distribution"/>
    <testcase time="1.971" classname="decision_making" name="can_read_and_change_non_ae_perc_slider"/>
    <testcase time="0.00900000000000034" classname="decision_making" name="ae_div_is_hidden_when_analysis_type_is_BSAFE_CHOICES_SEL_ANALYSIS_1_"/>
    <testcase time="0.00799999999999912" classname="decision_making" name="inci_div_is_visible_when_analysis_type_is_BSAFE_CHOICES_SEL_ANALYSIS_1_"/>
    <testcase time="0.998999999999999" classname="decision_making" name="header_element_is_present"/>
    <testcase time="1.196" classname="decision_making" name="preface_element_is_present"/>
    <testcase time="0.960999999999999" classname="decision_making" name="plot_is_present"/>
    <testcase time="0.953000000000003" classname="decision_making" name="auc_text_element_is_present"/>
    <testcase time="0.974999999999998" classname="decision_making" name="preset_statements_table_is_present"/>
    <testcase time="2.178" classname="decision_making" name="exported_preset_statements_code_matches_output"/>
    <testcase time="2.453" classname="decision_making" name="exported_plot_code_matches_output"/>
    <testcase time="9.176" classname="decision_making" name="can_read_and_change_ae_perc_slider"/>
    <testcase time="0.0100000000000051" classname="decision_making" name="ae_div_is_hidden_when_analysis_type_is_BSAFE_CHOICES_SEL_ANALYSIS_2_"/>
    <testcase time="0.00799999999999557" classname="decision_making" name="inci_div_is_visible_when_analysis_type_is_BSAFE_CHOICES_SEL_ANALYSIS_2_"/>
  </testsuite>
  <testsuite name="map_prior" timestamp="2024-05-15T13:16:32Z" hostname="48ee973b61f6" tests="27" skipped="0" failures="1" errors="0" time="78.496">
    <testcase time="0.0910000000000011" classname="map_prior" name="preface_prior_txt_returns_correct_preface_for_MAP_approach"/>
    <testcase time="0.00300000000000011" classname="map_prior" name="preface_prior_txt_returns_correct_preface_for_log_scale_approach"/>
    <testcase time="0.00999999999999801" classname="map_prior" name="preface_prior_txt_returns_an_error_for_unknown_selection_analysis"/>
    <testcase time="12.108" classname="map_prior" name="map_prior_is_calculated_when_button_is_pressed"/>
    <testcase time="1.462" classname="map_prior" name="forest_plot_is_present"/>
    <testcase time="1.774" classname="map_prior" name="mix_density_plot_is_present"/>
    <testcase time="1.456" classname="map_prior" name="preface_prior_text_is_present"/>
    <testcase time="1.469" classname="map_prior" name="density_function_is_present"/>
    <testcase time="1.568" classname="map_prior" name="summary_table_is_present"/>
    <testcase time="1.84" classname="map_prior" name="map_mcmc_returned_values_is_a_gMAP_object"/>
    <testcase time="1.45500000000001" classname="map_prior" name="param_approx_returned_values_is_a_EM_object"/>
    <testcase time="1.486" classname="map_prior" name="adj_tau_returned_values_is_a_numeric"/>
    <testcase time="1.734" classname="map_prior" name="ess_method_is_a_subset_from_BSAFE_CHOICES_SEL_ESS_METHOD"/>
    <testcase time="1.852" classname="map_prior" name="forest_plot_is_a_ggplot"/>
    <testcase time="1.442" classname="map_prior" name="map_summary_table_is_a_data.frame">
      <failure type="failure" message="Check on 'v' failed: Must be of type 'data.frame', not 'kableExtra/knitr_kable' ('test-map_prior.R:94:5')">Check on 'v' failed: Must be of type 'data.frame', not 'kableExtra/knitr_kable'
Backtrace:
    x
 1. \-checkmate::expect_data_frame(v) at test-map_prior.R:94:5
 2.   \-checkmate::makeExpectation(x, res, info, label)</failure>
    </testcase>
    <testcase time="5.313" classname="map_prior" name="map_mcmc_code_eval_matches_print"/>
    <testcase time="5.386" classname="map_prior" name="param_approx_code_eval_matches_print"/>
    <testcase time="1.479" classname="map_prior" name="adj_tau_code_eval_matches_value"/>
    <testcase time="5.524" classname="map_prior" name="forest_plot_code_eval_matches_plot"/>
    <testcase time="5.426" classname="map_prior" name="map_summary_table_code_eval_matches_value"/>
    <testcase time="5.97200000000001" classname="map_prior" name="can_read_and_change_tau"/>
    <testcase time="1.19999999999999" classname="map_prior" name="can_read_and_change_hist_borrow"/>
    <testcase time="5.104" classname="map_prior" name="can_read_and_change_effective_sampling_method"/>
    <testcase time="1.17700000000001" classname="map_prior" name="menu_prior_is_invalidated_when_any_change_in_the_input_values_to_map_prior_happens"/>
    <testcase time="4.247" classname="map_prior" name="menu_prior_is_invalidated_when_any_change_in_the_input_values_to_map_prior_happens"/>
    <testcase time="4.044" classname="map_prior" name="menu_prior_is_invalidated_when_any_change_in_the_input_values_to_map_prior_happens"/>
    <testcase time="3.87400000000001" classname="map_prior" name="menu_prior_is_invalidated_when_any_change_in_the_input_values_to_map_prior_happens"/>
  </testsuite>
  <testsuite name="new_trial_analysis" timestamp="2024-05-15T13:17:56Z" hostname="48ee973b61f6" tests="23" skipped="0" failures="1" errors="0" time="27.298">
    <testcase time="5.79799999999999" classname="new_trial_analysis" name="ae_div_side_and_main_is_hidden_when_analysis_type_is_BSAFE_CHOICES_SEL_ANALYSIS_1_"/>
    <testcase time="0.00600000000000023" classname="new_trial_analysis" name="ae_div_side_and_main_is_hidden_when_analysis_type_is_BSAFE_CHOICES_SEL_ANALYSIS_1_"/>
    <testcase time="0.00800000000000978" classname="new_trial_analysis" name="inci_div_side_and_main_is_visible_when_analysis_type_is_BSAFE_CHOICES_SEL_ANALYSIS_1_"/>
    <testcase time="0.00600000000000023" classname="new_trial_analysis" name="inci_div_side_and_main_is_visible_when_analysis_type_is_BSAFE_CHOICES_SEL_ANALYSIS_1_"/>
    <testcase time="1.88499999999999" classname="new_trial_analysis" name="can_read_and_change_number_of_patients"/>
    <testcase time="1.482" classname="new_trial_analysis" name="can_read_and_change_number_of_patients_with_AE"/>
    <testcase time="1.53500000000001" classname="new_trial_analysis" name="number_of_patients_with_AE_slider_is_updated_when_number_of_patients_change"/>
    <testcase time="1.496" classname="new_trial_analysis" name="number_of_patients_with_AE_slider_is_updated_when_number_of_patients_change"/>
    <testcase time="0.742999999999995" classname="new_trial_analysis" name="mix_density_plot_is_present"/>
    <testcase time="0.749000000000009" classname="new_trial_analysis" name="summary_table_is_present"/>
    <testcase time="0.742999999999995" classname="new_trial_analysis" name="new_trial_analysis_is_a_string"/>
    <testcase time="0.74199999999999" classname="new_trial_analysis" name="post_dist_is_a_string"/>
    <testcase time="0.739000000000004" classname="new_trial_analysis" name="current_trial_data_is_a_string"/>
    <testcase time="0.740000000000009" classname="new_trial_analysis" name="compare_plot_is_a_ggplot"/>
    <testcase time="0.780000000000001" classname="new_trial_analysis" name="map_summary_table_is_a_data.frame">
      <failure type="failure" message="Check on 'v' failed: Must be of type 'data.frame', not 'kableExtra/knitr_kable' ('test-new_trial_analysis.R:104:5')">Check on 'v' failed: Must be of type 'data.frame', not 'kableExtra/knitr_kable'
Backtrace:
    x
 1. \-checkmate::expect_data_frame(v) at test-new_trial_analysis.R:104:5
 2.   \-checkmate::makeExpectation(x, res, info, label)</failure>
    </testcase>
    <testcase time="1.03799999999998" classname="new_trial_analysis" name="compare_plot_code_eval_matches_plot"/>
    <testcase time="0.825000000000017" classname="new_trial_analysis" name="compare_summary_table_code_eval_matches_value"/>
    <testcase time="5.49799999999999" classname="new_trial_analysis" name="ae_div_side_and_main_is_visible_when_analysis_type_is_BSAFE_CHOICES_SEL_ANALYSIS_2_"/>
    <testcase time="0.007000000000005" classname="new_trial_analysis" name="ae_div_side_and_main_is_visible_when_analysis_type_is_BSAFE_CHOICES_SEL_ANALYSIS_2_"/>
    <testcase time="0.00800000000000978" classname="new_trial_analysis" name="inci_div_side_and_main_is_hidden_when_analysis_type_is_BSAFE_CHOICES_SEL_ANALYSIS_2_"/>
    <testcase time="0.00600000000000023" classname="new_trial_analysis" name="inci_div_side_and_main_is_hidden_when_analysis_type_is_BSAFE_CHOICES_SEL_ANALYSIS_2_"/>
    <testcase time="1.31399999999999" classname="new_trial_analysis" name="can_read_and_change_first_occurence"/>
    <testcase time="1.15000000000001" classname="new_trial_analysis" name="can_read_and_change_cummulative_time"/>
  </testsuite>
  <testsuite name="robust_map" timestamp="2024-05-15T13:18:18Z" hostname="48ee973b61f6" tests="18" skipped="0" failures="1" errors="0" time="35.586">
    <testcase time="0.0660000000000025" classname="robust_map" name="preface_rob_txt_returns_correct_preface_for_weakly_informative_conjugate_component"/>
    <testcase time="0.0029999999999859" classname="robust_map" name="preface_rob_txt_returns_correct_preface_for_EX_NEX_approach"/>
    <testcase time="0.00300000000001432" classname="robust_map" name="preface_rob_txt_returns_NULL_for_unknown_selection_analysis"/>
    <testcase time="5.822" classname="robust_map" name="robust_mean_div_is_hidden_when_analysis_type_is_BSAFE_CHOICES_SEL_ANALYSIS_1_"/>
    <testcase time="2.42899999999997" classname="robust_map" name="can_read_and_informative_prior_weight"/>
    <testcase time="5.774" classname="robust_map" name="can_read_and_change_ess_method"/>
    <testcase time="1.274" classname="robust_map" name="robust_map_mcmc_is_data.frame"/>
    <testcase time="1.25800000000001" classname="robust_map" name="robust_plot_is_ggplot"/>
    <testcase time="1.261" classname="robust_map" name="robust_summary_is_data.frame">
      <failure type="failure" message="Check on 'v' failed: Must be of type 'data.frame', not 'kableExtra/knitr_kable' ('test-robust_map.R:85:5')">Check on 'v' failed: Must be of type 'data.frame', not 'kableExtra/knitr_kable'
Backtrace:
    x
 1. \-checkmate::expect_data_frame(v) at test-robust_map.R:85:5
 2.   \-checkmate::makeExpectation(x, res, info, label)</failure>
    </testcase>
    <testcase time="1.30200000000002" classname="robust_map" name="preface_text_is_present"/>
    <testcase time="1.261" classname="robust_map" name="density_function_is_present"/>
    <testcase time="1.31" classname="robust_map" name="robust_map_plot_is_present"/>
    <testcase time="1.57799999999997" classname="robust_map" name="table_is_present"/>
    <testcase time="1.37800000000001" classname="robust_map" name="robust_map_mcmc_code_eval_matches_value"/>
    <testcase time="1.535" classname="robust_map" name="robust_plot_code_eval_matches_value"/>
    <testcase time="1.43800000000002" classname="robust_map" name="robust_summary_code_eval_matches_value"/>
    <testcase time="5.595" classname="robust_map" name="robust_mean_div_is_visible_when_analysis_type_is_BSAFE_CHOICES_SEL_ANALYSIS_2_"/>
    <testcase time="2.29899999999998" classname="robust_map" name="can_read_and_change_informative_prior_mean"/>
  </testsuite>
  <testsuite name="select_analysis" timestamp="2024-05-15T13:18:54Z" hostname="48ee973b61f6" tests="16" skipped="0" failures="0" errors="0" time="7.972">
    <testcase time="0.0690000000000168" classname="select_analysis" name="get_arm_choices_and_selection_returns_correct_choices_when_previous_selection_is_empty"/>
    <testcase time="0.00399999999999068" classname="select_analysis" name="get_arm_choices_and_selection_returns_correct_selected_value_when_previous_selection_is_empty"/>
    <testcase time="0.00300000000001432" classname="select_analysis" name="get_arm_choices_and_selection_returns_correct_choices_when_previous_selection_is_not_empty"/>
    <testcase time="0.0029999999999859" classname="select_analysis" name="get_arm_choices_and_selection_returns_correct_selected_value_when_previous_selection_is_not_empty"/>
    <testcase time="0.00399999999999068" classname="select_analysis" name="get_safety_topic_choices_and_selection_returns_correct_choices_when_there_are_choices"/>
    <testcase time="0.00300000000001432" classname="select_analysis" name="get_safety_topic_choices_and_selection_returns_correct_selected_value_when_there_are_choices"/>
    <testcase time="0.0029999999999859" classname="select_analysis" name="get_safety_topic_choices_and_selection_returns_correct_choices_when_previous_selection_is_not_empty"/>
    <testcase time="0.00300000000001432" classname="select_analysis" name="get_safety_topic_choices_and_selection_returns_correct_selected_value_when_previous_selection_is_not_empty"/>
    <testcase time="0.00399999999999068" classname="select_analysis" name="get_safety_topic_choices_and_selection_returns_NULL_choices_when_there_are_no_choices"/>
    <testcase time="0.0040000000000191" classname="select_analysis" name="get_safety_topic_choices_and_selection_returns_NULL_selected_value_when_there_are_no_choices"/>
    <testcase time="3.79399999999998" classname="select_analysis" name="can_read_and_change_treatment"/>
    <testcase time="0.984000000000009" classname="select_analysis" name="can_read_and_change_change_analysis_type"/>
    <testcase time="0.966000000000008" classname="select_analysis" name="can_read_and_change_safety_topic"/>
    <testcase time="0.909999999999997" classname="select_analysis" name="can_read_and_change_seed"/>
    <testcase time="0.399999999999977" classname="select_analysis" name="returned_data_is_a_data.frame"/>
    <testcase time="0.818000000000012" classname="select_analysis" name="exported_data_code_matches_output"/>
  </testsuite>
</testsuites>
